INFO	[2015-06-09 19:48:28:435] <16040> ===============================================================
INFO	[2015-06-09 19:48:28:435] <16040> START AgsPay40 php (OS:Linux2.6.18-348.4.1.el5,PHP:5.5.17p1)
INFO	[2015-06-09 19:48:28:435] <16040> card Pay Start!
INFO	[2015-06-09 19:48:28:435] <16040> AgsPayHome:/home/hosting_users/santaflower1004/www/wp-content/plugins/woosym-korean-localization/includes/lib
INFO	[2015-06-09 19:48:28:435] <16040> StoreId:aegis
INFO	[2015-06-09 19:48:28:435] <16040> log:true
INFO	[2015-06-09 19:48:28:435] <16040> logLevel:INFO
INFO	[2015-06-09 19:48:28:435] <16040> UseNetCancel:true
INFO	[2015-06-09 19:48:28:435] <16040> Type:Pay
INFO	[2015-06-09 19:48:28:435] <16040> RecvLen:7
INFO	[2015-06-09 19:48:28:435] <16040> AuthTy:card
INFO	[2015-06-09 19:48:28:435] <16040> SubTy:visa3d
INFO	[2015-06-09 19:48:28:435] <16040> OrdNo:12408
INFO	[2015-06-09 19:48:28:435] <16040> Amt:49410
INFO	[2015-06-09 19:48:28:435] <16040> UserEmail:santa@santaflower.co.kr
INFO	[2015-06-09 19:48:28:435] <16040> ProdNm:*베스트셀러* 오드리 헵번
INFO	[2015-06-09 19:48:28:435] <16040> MallUrl:http://www.allthegate.com
INFO	[2015-06-09 19:48:28:435] <16040> UserId:1
INFO	[2015-06-09 19:48:28:435] <16040> OrdNm:산타
INFO	[2015-06-09 19:48:28:436] <16040> OrdPhone:1
INFO	[2015-06-09 19:48:28:436] <16040> OrdAddr:
INFO	[2015-06-09 19:48:28:436] <16040> RcpNm:santa@santaflower.co.kr
INFO	[2015-06-09 19:48:28:436] <16040> RcpPhone:1
INFO	[2015-06-09 19:48:28:436] <16040> DlvAddr:
INFO	[2015-06-09 19:48:28:436] <16040> Remark:
INFO	[2015-06-09 19:48:28:436] <16040> DeviId:9000400001
INFO	[2015-06-09 19:48:28:436] <16040> AuthYn:N;61.74.39.110;N;;49410;;;;;
INFO	[2015-06-09 19:48:28:436] <16040> Instmt:00
INFO	[2015-06-09 19:48:28:436] <16040> UserIp:61.74.39.110
INFO	[2015-06-09 19:48:28:436] <16040> partial_mm:
INFO	[2015-06-09 19:48:28:436] <16040> noIntMonth:
INFO	[2015-06-09 19:48:28:436] <16040> KVP_CURRENCY:WON
INFO	[2015-06-09 19:48:28:436] <16040> KVP_CARDCODE:
INFO	[2015-06-09 19:48:28:436] <16040> KVP_SESSIONKEY:
INFO	[2015-06-09 19:48:28:436] <16040> KVP_ENCDATA:
INFO	[2015-06-09 19:48:28:436] <16040> KVP_CONAME:
INFO	[2015-06-09 19:48:28:436] <16040> KVP_NOINT:
INFO	[2015-06-09 19:48:28:436] <16040> KVP_QUOTA:
INFO	[2015-06-09 19:48:28:436] <16040> CardNo:4518421186823543
INFO	[2015-06-09 19:48:28:436] <16040> MPI_CAVV:AAABBBYxmCAVBhAESDGYAAAAAAI=
INFO	[2015-06-09 19:48:28:436] <16040> MPI_ECI:05
INFO	[2015-06-09 19:48:28:436] <16040> MPI_MD64:MjAxNTA2MTAwNDUzNDExNzkxMjA=
INFO	[2015-06-09 19:48:28:436] <16040> ExpMon:12
INFO	[2015-06-09 19:48:28:436] <16040> ExpYear:2049
INFO	[2015-06-09 19:48:28:436] <16040> Passwd:
INFO	[2015-06-09 19:48:28:436] <16040> SocId:
INFO	[2015-06-09 19:48:28:436] <16040> ICHE_OUTBANKNAME:
INFO	[2015-06-09 19:48:28:436] <16040> ICHE_OUTACCTNO:
INFO	[2015-06-09 19:48:28:436] <16040> ICHE_OUTBANKMASTER:
INFO	[2015-06-09 19:48:28:436] <16040> ICHE_AMOUNT:
INFO	[2015-06-09 19:48:28:436] <16040> HP_SERVERINFO:
INFO	[2015-06-09 19:48:28:436] <16040> HP_HANDPHONE:
INFO	[2015-06-09 19:48:28:436] <16040> HP_COMPANY:
INFO	[2015-06-09 19:48:28:436] <16040> HP_ID:
INFO	[2015-06-09 19:48:28:436] <16040> HP_SUBID:
INFO	[2015-06-09 19:48:28:436] <16040> HP_UNITType:
INFO	[2015-06-09 19:48:28:436] <16040> HP_IDEN:
INFO	[2015-06-09 19:48:28:436] <16040> HP_IPADDR:
INFO	[2015-06-09 19:48:28:436] <16040> ARS_NAME:
INFO	[2015-06-09 19:48:28:436] <16040> ARS_PHONE:
INFO	[2015-06-09 19:48:28:436] <16040> VIRTUAL_CENTERCD:99
INFO	[2015-06-09 19:48:28:436] <16040> VIRTUAL_DEPODT:
INFO	[2015-06-09 19:48:28:436] <16040> ZuminCode:
INFO	[2015-06-09 19:48:28:436] <16040> MallPage:
INFO	[2015-06-09 19:48:28:436] <16040> VIRTUAL_NO:
INFO	[2015-06-09 19:48:28:436] <16040> ES_SENDNO:
INFO	[2015-06-09 19:48:28:436] <16040> ICHE_SOCKETYN:Y
INFO	[2015-06-09 19:48:28:436] <16040> ICHE_POSMTID:
INFO	[2015-06-09 19:48:28:436] <16040> ICHE_FNBCMTID:
INFO	[2015-06-09 19:48:28:436] <16040> ICHE_APTRTS:
INFO	[2015-06-09 19:48:28:436] <16040> ICHE_REMARK1:
INFO	[2015-06-09 19:48:28:436] <16040> ICHE_REMARK2:
INFO	[2015-06-09 19:48:28:436] <16040> ICHE_ECWYN:
INFO	[2015-06-09 19:48:28:436] <16040> ICHE_ECWID:
INFO	[2015-06-09 19:48:28:436] <16040> ICHE_ECWAMT1:
INFO	[2015-06-09 19:48:28:436] <16040> ICHE_ECWAMT2:
INFO	[2015-06-09 19:48:28:436] <16040> ICHE_CASHYN:N
INFO	[2015-06-09 19:48:28:436] <16040> ICHE_CASHGUBUN_CD:
INFO	[2015-06-09 19:48:28:436] <16040> ICHE_CASHID_NO:
INFO	[2015-06-09 19:48:28:436] <16040> ICHEARS_SOCKETYN:Y
INFO	[2015-06-09 19:48:28:436] <16040> ICHEARS_ADMNO:
INFO	[2015-06-09 19:48:28:437] <16040> ICHEARS_POSMTID:
INFO	[2015-06-09 19:48:28:437] <16040> ICHEARS_CENTERCD:
INFO	[2015-06-09 19:48:28:437] <16040> ICHEARS_HPNO:
INFO	[2015-06-09 19:48:28:437] <16040> Make NetCancel ID Start
INFO	[2015-06-09 19:48:28:437] <16040> AEGIS_VISAaegis_20150609194828437710
INFO	[2015-06-09 19:48:28:437] <16040> Make NetCancel ID End
INFO	[2015-06-09 19:48:28:437] <16040> Make NetCancelID OK
INFO	[2015-06-09 19:48:28:437] <16040> Make Msg Start
INFO	[2015-06-09 19:48:28:437] <16040> Encrypt Start
INFO	[2015-06-09 19:48:28:437] <16040> Encrypt End
INFO	[2015-06-09 19:48:28:437] <16040> Encrypt Start
INFO	[2015-06-09 19:48:28:437] <16040> Encrypt End
INFO	[2015-06-09 19:48:28:437] <16040> Encrypt Start
INFO	[2015-06-09 19:48:28:437] <16040> Encrypt End
INFO	[2015-06-09 19:48:28:437] <16040> Encrypt Start
INFO	[2015-06-09 19:48:28:437] <16040> Encrypt End
INFO	[2015-06-09 19:48:28:437] <16040> card-visa3d Make MSG OK 
INFO	[2015-06-09 19:48:28:437] <16040> Make Msg End
INFO	[2015-06-09 19:48:28:437] <16040> Make Pay Msg OK
INFO	[2015-06-09 19:48:28:437] <16040> Send & Recv Msg Start
INFO	[2015-06-09 19:48:28:437] <16040> Send Data To PG Start [ 
INFO	[2015-06-09 19:48:28:437] <16040> 0:0003160plug15
INFO	[2015-06-09 19:48:28:437] <16040> 1:aegis
INFO	[2015-06-09 19:48:28:437] <16040> 2:1
INFO	[2015-06-09 19:48:28:437] <16040> 3:49410
INFO	[2015-06-09 19:48:28:437] <16040> 4:12408
INFO	[2015-06-09 19:48:28:437] <16040> 5:9000400001
INFO	[2015-06-09 19:48:28:437] <16040> 6:3194038774212239
INFO	[2015-06-09 19:48:28:437] <16040> 7:283587
INFO	[2015-06-09 19:48:28:437] <16040> 8:00
INFO	[2015-06-09 19:48:28:437] <16040> 9:N;61.74.39.110;N;;49410;;;;;
INFO	[2015-06-09 19:48:28:437] <16040> 10:
INFO	[2015-06-09 19:48:28:437] <16040> 11:
INFO	[2015-06-09 19:48:28:437] <16040> 12:santa@santaflower.co.kr
INFO	[2015-06-09 19:48:28:437] <16040> 13:1
INFO	[2015-06-09 19:48:28:437] <16040> 14:
INFO	[2015-06-09 19:48:28:437] <16040> 15:산타
INFO	[2015-06-09 19:48:28:437] <16040> 16:61.74.39.110;1
INFO	[2015-06-09 19:48:28:437] <16040> 17:santa@santaflower.co.kr;
INFO	[2015-06-09 19:48:28:437] <16040> 18:*베스트셀러* 오드리 헵번
INFO	[2015-06-09 19:48:28:437] <16040> 19:AAABBBYxmCAVBhAESDGYAAAAAAI=
INFO	[2015-06-09 19:48:28:437] <16040> 20:MjAxNTA2MTAwNDUzNDExNzkxMjA=
INFO	[2015-06-09 19:48:28:437] <16040> 21:05
INFO	[2015-06-09 19:48:28:437] <16040> 22:santa@santaflower.co.kr
INFO	[2015-06-09 19:48:28:437] <16040> 23:AEGIS_VISAaegis_20150609194828437710
INFO	[2015-06-09 19:48:28:437] <16040> 24:
INFO	[2015-06-09 19:48:28:437] <16040> ] Send Data To PG End 
INFO	[2015-06-09 19:48:28:437] <16040> SendMsg : [0003160plug15|aegis|1|49410|12408|9000400001|3194038774212239|283587|00|N;61.74.39.110;N;;49410;;;;;|||santa@santaflower.co.kr|1||산타|61.74.39.110;1|santa@santaflower.co.kr;|*베스트셀러* 오드리 헵번|AAABBBYxmCAVBhAESDGYAAAAAAI=|MjAxNTA2MTAwNDUzNDExNzkxMjA=|05|santa@santaflower.co.kr|AEGIS_VISAaegis_20150609194828437710|]
INFO	[2015-06-09 19:48:28:437] <16040> Connect IP:[220.85.12.3] Port:[29760]
INFO	[2015-06-09 19:48:28:441] <16040> Socket Open OK
INFO	[2015-06-09 19:48:28:938] <16040> RecvMsg Length : [000102]
INFO	[2015-06-09 19:48:28:938] <16040> RecvMsg : [aegis|0610|12408|10136258|000000049410|y|정상승인|신한|20150610044828|0500|18570317|0500|신한|501720|
]
INFO	[2015-06-09 19:48:28:938] <16040> Socket Close OK
INFO	[2015-06-09 19:48:28:938] <16040> RecvMsg Length Check OK
INFO	[2015-06-09 19:48:28:938] <16040> Send & Recv Msg End
INFO	[2015-06-09 19:48:28:938] <16040> Send & Recv Msg OK
INFO	[2015-06-09 19:48:28:938] <16040> Parse Msg Start
INFO	[2015-06-09 19:48:28:938] <16040> card-visa3d RECV MSG Parsing OK 
INFO	[2015-06-09 19:48:28:938] <16040> Parse Msg End
INFO	[2015-06-09 19:48:28:938] <16040> Msg Parsing OK
INFO	[2015-06-09 19:48:28:938] <16040> card Pay Result Value [
INFO	[2015-06-09 19:48:28:938] <16040> NetCancID:AEGIS_VISAaegis_20150609194828437710
INFO	[2015-06-09 19:48:28:938] <16040> rStoreId:aegis
INFO	[2015-06-09 19:48:28:938] <16040> rBusiCd:0610
INFO	[2015-06-09 19:48:28:939] <16040> rOrdNo:12408
INFO	[2015-06-09 19:48:28:939] <16040> rApprNo:10136258
INFO	[2015-06-09 19:48:28:939] <16040> rInstmt:00
INFO	[2015-06-09 19:48:28:939] <16040> rAmt:000000049410
INFO	[2015-06-09 19:48:28:939] <16040> rSuccYn:y
INFO	[2015-06-09 19:48:28:939] <16040> rResMsg:정상승인
INFO	[2015-06-09 19:48:28:939] <16040> rCardNm:신한
INFO	[2015-06-09 19:48:28:939] <16040> rApprTm:20150610044828
INFO	[2015-06-09 19:48:28:939] <16040> rCardCd:0500
INFO	[2015-06-09 19:48:28:939] <16040> rMembNo:18570317
INFO	[2015-06-09 19:48:28:939] <16040> rAquiCd:0500
INFO	[2015-06-09 19:48:28:939] <16040> rAquiNm:신한
INFO	[2015-06-09 19:48:28:939] <16040> rDealNo:501720
INFO	[2015-06-09 19:48:28:939] <16040> rProdNm:*베스트셀러* 오드리 헵번
INFO	[2015-06-09 19:48:28:939] <16040> ]
INFO	[2015-06-09 19:48:28:939] <16040> END  정상승인 Transaction time:[0.504sec]
INFO	[2015-06-09 19:48:28:939] <16040> ===============================================================
INFO	[2015-06-09 19:50:27:463] <30700> ===============================================================
INFO	[2015-06-09 19:50:27:463] <30700> START AgsPay40 php (OS:Linux2.6.18-348.4.1.el5,PHP:5.5.17p1)
INFO	[2015-06-09 19:50:27:463] <30700> card Pay Start!
INFO	[2015-06-09 19:50:27:463] <30700> AgsPayHome:/home/hosting_users/santaflower1004/www/wp-content/plugins/woosym-korean-localization/includes/lib
INFO	[2015-06-09 19:50:27:463] <30700> StoreId:aegis
INFO	[2015-06-09 19:50:27:463] <30700> log:true
INFO	[2015-06-09 19:50:27:463] <30700> logLevel:INFO
INFO	[2015-06-09 19:50:27:463] <30700> UseNetCancel:true
INFO	[2015-06-09 19:50:27:463] <30700> Type:Pay
INFO	[2015-06-09 19:50:27:463] <30700> RecvLen:7
INFO	[2015-06-09 19:50:27:463] <30700> AuthTy:card
INFO	[2015-06-09 19:50:27:463] <30700> SubTy:visa3d
INFO	[2015-06-09 19:50:27:464] <30700> OrdNo:12409
INFO	[2015-06-09 19:50:27:464] <30700> Amt:89100
INFO	[2015-06-09 19:50:27:464] <30700> UserEmail:santa@santaflower.co.kr
INFO	[2015-06-09 19:50:27:464] <30700> ProdNm:*여름특가* 100송이빨간장미박스
INFO	[2015-06-09 19:50:27:464] <30700> MallUrl:http://www.allthegate.com
INFO	[2015-06-09 19:50:27:464] <30700> UserId:1
INFO	[2015-06-09 19:50:27:464] <30700> OrdNm:산타
INFO	[2015-06-09 19:50:27:464] <30700> OrdPhone:1
INFO	[2015-06-09 19:50:27:464] <30700> OrdAddr:
INFO	[2015-06-09 19:50:27:464] <30700> RcpNm:santa@santaflower.co.kr
INFO	[2015-06-09 19:50:27:464] <30700> RcpPhone:1
INFO	[2015-06-09 19:50:27:464] <30700> DlvAddr:
INFO	[2015-06-09 19:50:27:464] <30700> Remark:
INFO	[2015-06-09 19:50:27:464] <30700> DeviId:9000400001
INFO	[2015-06-09 19:50:27:464] <30700> AuthYn:N;61.74.39.110;N;;89100;;;;;
INFO	[2015-06-09 19:50:27:464] <30700> Instmt:00
INFO	[2015-06-09 19:50:27:464] <30700> UserIp:61.74.39.110
INFO	[2015-06-09 19:50:27:464] <30700> partial_mm:
INFO	[2015-06-09 19:50:27:464] <30700> noIntMonth:
INFO	[2015-06-09 19:50:27:464] <30700> KVP_CURRENCY:WON
INFO	[2015-06-09 19:50:27:464] <30700> KVP_CARDCODE:
INFO	[2015-06-09 19:50:27:464] <30700> KVP_SESSIONKEY:
INFO	[2015-06-09 19:50:27:464] <30700> KVP_ENCDATA:
INFO	[2015-06-09 19:50:27:464] <30700> KVP_CONAME:
INFO	[2015-06-09 19:50:27:464] <30700> KVP_NOINT:
INFO	[2015-06-09 19:50:27:464] <30700> KVP_QUOTA:
INFO	[2015-06-09 19:50:27:464] <30700> CardNo:4518421186823543
INFO	[2015-06-09 19:50:27:464] <30700> MPI_CAVV:AAABA0mWhyAVBhAEUJaHAAAAAAI=
INFO	[2015-06-09 19:50:27:464] <30700> MPI_ECI:05
INFO	[2015-06-09 19:50:27:464] <30700> MPI_MD64:MjAxNTA2MTAwNDU1NDc2MjYxMjA=
INFO	[2015-06-09 19:50:27:464] <30700> ExpMon:12
INFO	[2015-06-09 19:50:27:464] <30700> ExpYear:2049
INFO	[2015-06-09 19:50:27:464] <30700> Passwd:
INFO	[2015-06-09 19:50:27:464] <30700> SocId:
INFO	[2015-06-09 19:50:27:464] <30700> ICHE_OUTBANKNAME:
INFO	[2015-06-09 19:50:27:464] <30700> ICHE_OUTACCTNO:
INFO	[2015-06-09 19:50:27:464] <30700> ICHE_OUTBANKMASTER:
INFO	[2015-06-09 19:50:27:465] <30700> ICHE_AMOUNT:
INFO	[2015-06-09 19:50:27:465] <30700> HP_SERVERINFO:
INFO	[2015-06-09 19:50:27:465] <30700> HP_HANDPHONE:
INFO	[2015-06-09 19:50:27:465] <30700> HP_COMPANY:
INFO	[2015-06-09 19:50:27:465] <30700> HP_ID:
INFO	[2015-06-09 19:50:27:465] <30700> HP_SUBID:
INFO	[2015-06-09 19:50:27:465] <30700> HP_UNITType:
INFO	[2015-06-09 19:50:27:465] <30700> HP_IDEN:
INFO	[2015-06-09 19:50:27:465] <30700> HP_IPADDR:
INFO	[2015-06-09 19:50:27:465] <30700> ARS_NAME:
INFO	[2015-06-09 19:50:27:465] <30700> ARS_PHONE:
INFO	[2015-06-09 19:50:27:465] <30700> VIRTUAL_CENTERCD:99
INFO	[2015-06-09 19:50:27:465] <30700> VIRTUAL_DEPODT:
INFO	[2015-06-09 19:50:27:465] <30700> ZuminCode:
INFO	[2015-06-09 19:50:27:465] <30700> MallPage:
INFO	[2015-06-09 19:50:27:465] <30700> VIRTUAL_NO:
INFO	[2015-06-09 19:50:27:465] <30700> ES_SENDNO:
INFO	[2015-06-09 19:50:27:465] <30700> ICHE_SOCKETYN:Y
INFO	[2015-06-09 19:50:27:465] <30700> ICHE_POSMTID:
INFO	[2015-06-09 19:50:27:465] <30700> ICHE_FNBCMTID:
INFO	[2015-06-09 19:50:27:465] <30700> ICHE_APTRTS:
INFO	[2015-06-09 19:50:27:465] <30700> ICHE_REMARK1:
INFO	[2015-06-09 19:50:27:465] <30700> ICHE_REMARK2:
INFO	[2015-06-09 19:50:27:465] <30700> ICHE_ECWYN:
INFO	[2015-06-09 19:50:27:465] <30700> ICHE_ECWID:
INFO	[2015-06-09 19:50:27:465] <30700> ICHE_ECWAMT1:
INFO	[2015-06-09 19:50:27:465] <30700> ICHE_ECWAMT2:
INFO	[2015-06-09 19:50:27:465] <30700> ICHE_CASHYN:N
INFO	[2015-06-09 19:50:27:465] <30700> ICHE_CASHGUBUN_CD:
INFO	[2015-06-09 19:50:27:466] <30700> ICHE_CASHID_NO:
INFO	[2015-06-09 19:50:27:466] <30700> ICHEARS_SOCKETYN:Y
INFO	[2015-06-09 19:50:27:466] <30700> ICHEARS_ADMNO:
INFO	[2015-06-09 19:50:27:466] <30700> ICHEARS_POSMTID:
INFO	[2015-06-09 19:50:27:466] <30700> ICHEARS_CENTERCD:
INFO	[2015-06-09 19:50:27:466] <30700> ICHEARS_HPNO:
INFO	[2015-06-09 19:50:27:466] <30700> Make NetCancel ID Start
INFO	[2015-06-09 19:50:27:466] <30700> AEGIS_VISAaegis_20150609195027466581
INFO	[2015-06-09 19:50:27:466] <30700> Make NetCancel ID End
INFO	[2015-06-09 19:50:27:466] <30700> Make NetCancelID OK
INFO	[2015-06-09 19:50:27:466] <30700> Make Msg Start
INFO	[2015-06-09 19:50:27:466] <30700> Encrypt Start
INFO	[2015-06-09 19:50:27:466] <30700> Encrypt End
INFO	[2015-06-09 19:50:27:466] <30700> Encrypt Start
INFO	[2015-06-09 19:50:27:466] <30700> Encrypt End
INFO	[2015-06-09 19:50:27:466] <30700> Encrypt Start
INFO	[2015-06-09 19:50:27:466] <30700> Encrypt End
INFO	[2015-06-09 19:50:27:466] <30700> Encrypt Start
INFO	[2015-06-09 19:50:27:466] <30700> Encrypt End
INFO	[2015-06-09 19:50:27:466] <30700> card-visa3d Make MSG OK 
INFO	[2015-06-09 19:50:27:466] <30700> Make Msg End
INFO	[2015-06-09 19:50:27:466] <30700> Make Pay Msg OK
INFO	[2015-06-09 19:50:27:466] <30700> Send & Recv Msg Start
INFO	[2015-06-09 19:50:27:466] <30700> Send Data To PG Start [ 
INFO	[2015-06-09 19:50:27:466] <30700> 0:0003220plug15
INFO	[2015-06-09 19:50:27:466] <30700> 1:aegis
INFO	[2015-06-09 19:50:27:466] <30700> 2:1
INFO	[2015-06-09 19:50:27:466] <30700> 3:89100
INFO	[2015-06-09 19:50:27:466] <30700> 4:12409
INFO	[2015-06-09 19:50:27:466] <30700> 5:9000400001
INFO	[2015-06-09 19:50:27:466] <30700> 6:3194038774212239
INFO	[2015-06-09 19:50:27:466] <30700> 7:283587
INFO	[2015-06-09 19:50:27:466] <30700> 8:00
INFO	[2015-06-09 19:50:27:466] <30700> 9:N;61.74.39.110;N;;89100;;;;;
INFO	[2015-06-09 19:50:27:466] <30700> 10:
INFO	[2015-06-09 19:50:27:466] <30700> 11:
INFO	[2015-06-09 19:50:27:466] <30700> 12:santa@santaflower.co.kr
INFO	[2015-06-09 19:50:27:466] <30700> 13:1
INFO	[2015-06-09 19:50:27:466] <30700> 14:
INFO	[2015-06-09 19:50:27:466] <30700> 15:산타
INFO	[2015-06-09 19:50:27:466] <30700> 16:61.74.39.110;1
INFO	[2015-06-09 19:50:27:466] <30700> 17:santa@santaflower.co.kr;
INFO	[2015-06-09 19:50:27:466] <30700> 18:*여름특가* 100송이빨간장미박스
INFO	[2015-06-09 19:50:27:466] <30700> 19:AAABA0mWhyAVBhAEUJaHAAAAAAI=
INFO	[2015-06-09 19:50:27:466] <30700> 20:MjAxNTA2MTAwNDU1NDc2MjYxMjA=
INFO	[2015-06-09 19:50:27:466] <30700> 21:05
INFO	[2015-06-09 19:50:27:466] <30700> 22:santa@santaflower.co.kr
INFO	[2015-06-09 19:50:27:466] <30700> 23:AEGIS_VISAaegis_20150609195027466581
INFO	[2015-06-09 19:50:27:466] <30700> 24:
INFO	[2015-06-09 19:50:27:466] <30700> ] Send Data To PG End 
INFO	[2015-06-09 19:50:27:466] <30700> SendMsg : [0003220plug15|aegis|1|89100|12409|9000400001|3194038774212239|283587|00|N;61.74.39.110;N;;89100;;;;;|||santa@santaflower.co.kr|1||산타|61.74.39.110;1|santa@santaflower.co.kr;|*여름특가* 100송이빨간장미박스|AAABA0mWhyAVBhAEUJaHAAAAAAI=|MjAxNTA2MTAwNDU1NDc2MjYxMjA=|05|santa@santaflower.co.kr|AEGIS_VISAaegis_20150609195027466581|]
INFO	[2015-06-09 19:50:27:466] <30700> Connect IP:[220.85.12.3] Port:[29760]
INFO	[2015-06-09 19:50:27:471] <30700> Socket Open OK
INFO	[2015-06-09 19:50:28:222] <30700> RecvMsg Length : [000102]
INFO	[2015-06-09 19:50:28:222] <30700> RecvMsg : [aegis|0610|12409|10136259|000000089100|y|정상승인|신한|20150610044419|0500|18570317|0500|신한|501724|
]
INFO	[2015-06-09 19:50:28:222] <30700> Socket Close OK
INFO	[2015-06-09 19:50:28:222] <30700> RecvMsg Length Check OK
INFO	[2015-06-09 19:50:28:222] <30700> Send & Recv Msg End
INFO	[2015-06-09 19:50:28:222] <30700> Send & Recv Msg OK
INFO	[2015-06-09 19:50:28:222] <30700> Parse Msg Start
INFO	[2015-06-09 19:50:28:222] <30700> card-visa3d RECV MSG Parsing OK 
INFO	[2015-06-09 19:50:28:222] <30700> Parse Msg End
INFO	[2015-06-09 19:50:28:222] <30700> Msg Parsing OK
INFO	[2015-06-09 19:50:28:222] <30700> card Pay Result Value [
INFO	[2015-06-09 19:50:28:222] <30700> NetCancID:AEGIS_VISAaegis_20150609195027466581
INFO	[2015-06-09 19:50:28:222] <30700> rStoreId:aegis
INFO	[2015-06-09 19:50:28:222] <30700> rBusiCd:0610
INFO	[2015-06-09 19:50:28:222] <30700> rOrdNo:12409
INFO	[2015-06-09 19:50:28:222] <30700> rApprNo:10136259
INFO	[2015-06-09 19:50:28:222] <30700> rInstmt:00
INFO	[2015-06-09 19:50:28:222] <30700> rAmt:000000089100
INFO	[2015-06-09 19:50:28:222] <30700> rSuccYn:y
INFO	[2015-06-09 19:50:28:222] <30700> rResMsg:정상승인
INFO	[2015-06-09 19:50:28:222] <30700> rCardNm:신한
INFO	[2015-06-09 19:50:28:222] <30700> rApprTm:20150610044419
INFO	[2015-06-09 19:50:28:222] <30700> rCardCd:0500
INFO	[2015-06-09 19:50:28:222] <30700> rMembNo:18570317
INFO	[2015-06-09 19:50:28:222] <30700> rAquiCd:0500
INFO	[2015-06-09 19:50:28:222] <30700> rAquiNm:신한
INFO	[2015-06-09 19:50:28:222] <30700> rDealNo:501724
INFO	[2015-06-09 19:50:28:222] <30700> rProdNm:*여름특가* 100송이빨간장미박스
INFO	[2015-06-09 19:50:28:222] <30700> ]
INFO	[2015-06-09 19:50:28:222] <30700> END  정상승인 Transaction time:[0.759sec]
INFO	[2015-06-09 19:50:28:222] <30700> ===============================================================
INFO	[2015-06-09 19:53:38:542] <14468> ===============================================================
INFO	[2015-06-09 19:53:38:543] <14468> START AgsPay40 php (OS:Linux2.6.18-348.4.1.el5,PHP:5.5.17p1)
INFO	[2015-06-09 19:53:38:543] <14468> card Pay Start!
INFO	[2015-06-09 19:53:38:543] <14468> AgsPayHome:/home/hosting_users/santaflower1004/www/wp-content/plugins/woosym-korean-localization/includes/lib
INFO	[2015-06-09 19:53:38:543] <14468> StoreId:aegis
INFO	[2015-06-09 19:53:38:543] <14468> log:true
INFO	[2015-06-09 19:53:38:543] <14468> logLevel:INFO
INFO	[2015-06-09 19:53:38:543] <14468> UseNetCancel:true
INFO	[2015-06-09 19:53:38:543] <14468> Type:Pay
INFO	[2015-06-09 19:53:38:543] <14468> RecvLen:7
INFO	[2015-06-09 19:53:38:543] <14468> AuthTy:card
INFO	[2015-06-09 19:53:38:543] <14468> SubTy:visa3d
INFO	[2015-06-09 19:53:38:543] <14468> OrdNo:12410
INFO	[2015-06-09 19:53:38:543] <14468> Amt:49410
INFO	[2015-06-09 19:53:38:543] <14468> UserEmail:santa@santaflower.co.kr
INFO	[2015-06-09 19:53:38:543] <14468> ProdNm:*베스트셀러* 오드리 헵번
INFO	[2015-06-09 19:53:38:543] <14468> MallUrl:http://www.allthegate.com
INFO	[2015-06-09 19:53:38:543] <14468> UserId:1
INFO	[2015-06-09 19:53:38:543] <14468> OrdNm:산타
INFO	[2015-06-09 19:53:38:543] <14468> OrdPhone:1
INFO	[2015-06-09 19:53:38:543] <14468> OrdAddr:
INFO	[2015-06-09 19:53:38:543] <14468> RcpNm:santa@santaflower.co.kr
INFO	[2015-06-09 19:53:38:543] <14468> RcpPhone:1
INFO	[2015-06-09 19:53:38:543] <14468> DlvAddr:
INFO	[2015-06-09 19:53:38:543] <14468> Remark:
INFO	[2015-06-09 19:53:38:543] <14468> DeviId:9000400001
INFO	[2015-06-09 19:53:38:543] <14468> AuthYn:N;61.74.39.110;N;;49410;;;;;
INFO	[2015-06-09 19:53:38:543] <14468> Instmt:00
INFO	[2015-06-09 19:53:38:543] <14468> UserIp:61.74.39.110
INFO	[2015-06-09 19:53:38:543] <14468> partial_mm:
INFO	[2015-06-09 19:53:38:543] <14468> noIntMonth:
INFO	[2015-06-09 19:53:38:543] <14468> KVP_CURRENCY:WON
INFO	[2015-06-09 19:53:38:543] <14468> KVP_CARDCODE:
INFO	[2015-06-09 19:53:38:543] <14468> KVP_SESSIONKEY:
INFO	[2015-06-09 19:53:38:543] <14468> KVP_ENCDATA:
INFO	[2015-06-09 19:53:38:543] <14468> KVP_CONAME:
INFO	[2015-06-09 19:53:38:543] <14468> KVP_NOINT:
INFO	[2015-06-09 19:53:38:543] <14468> KVP_QUOTA:
INFO	[2015-06-09 19:53:38:543] <14468> CardNo:4518421186823543
INFO	[2015-06-09 19:53:38:543] <14468> MPI_CAVV:AAABAUkyKCAVBhAEUzIoAAAAAAI=
INFO	[2015-06-09 19:53:38:543] <14468> MPI_ECI:05
INFO	[2015-06-09 19:53:38:543] <14468> MPI_MD64:MjAxNTA2MTAwNDU4NTgxODYxMjA=
INFO	[2015-06-09 19:53:38:543] <14468> ExpMon:12
INFO	[2015-06-09 19:53:38:543] <14468> ExpYear:2049
INFO	[2015-06-09 19:53:38:543] <14468> Passwd:
INFO	[2015-06-09 19:53:38:543] <14468> SocId:
INFO	[2015-06-09 19:53:38:543] <14468> ICHE_OUTBANKNAME:
INFO	[2015-06-09 19:53:38:543] <14468> ICHE_OUTACCTNO:
INFO	[2015-06-09 19:53:38:543] <14468> ICHE_OUTBANKMASTER:
INFO	[2015-06-09 19:53:38:543] <14468> ICHE_AMOUNT:
INFO	[2015-06-09 19:53:38:543] <14468> HP_SERVERINFO:
INFO	[2015-06-09 19:53:38:543] <14468> HP_HANDPHONE:
INFO	[2015-06-09 19:53:38:543] <14468> HP_COMPANY:
INFO	[2015-06-09 19:53:38:543] <14468> HP_ID:
INFO	[2015-06-09 19:53:38:543] <14468> HP_SUBID:
INFO	[2015-06-09 19:53:38:543] <14468> HP_UNITType:
INFO	[2015-06-09 19:53:38:543] <14468> HP_IDEN:
INFO	[2015-06-09 19:53:38:544] <14468> HP_IPADDR:
INFO	[2015-06-09 19:53:38:544] <14468> ARS_NAME:
INFO	[2015-06-09 19:53:38:544] <14468> ARS_PHONE:
INFO	[2015-06-09 19:53:38:544] <14468> VIRTUAL_CENTERCD:99
INFO	[2015-06-09 19:53:38:544] <14468> VIRTUAL_DEPODT:
INFO	[2015-06-09 19:53:38:544] <14468> ZuminCode:
INFO	[2015-06-09 19:53:38:544] <14468> MallPage:
INFO	[2015-06-09 19:53:38:544] <14468> VIRTUAL_NO:
INFO	[2015-06-09 19:53:38:544] <14468> ES_SENDNO:
INFO	[2015-06-09 19:53:38:544] <14468> ICHE_SOCKETYN:Y
INFO	[2015-06-09 19:53:38:544] <14468> ICHE_POSMTID:
INFO	[2015-06-09 19:53:38:544] <14468> ICHE_FNBCMTID:
INFO	[2015-06-09 19:53:38:544] <14468> ICHE_APTRTS:
INFO	[2015-06-09 19:53:38:544] <14468> ICHE_REMARK1:
INFO	[2015-06-09 19:53:38:544] <14468> ICHE_REMARK2:
INFO	[2015-06-09 19:53:38:544] <14468> ICHE_ECWYN:
INFO	[2015-06-09 19:53:38:544] <14468> ICHE_ECWID:
INFO	[2015-06-09 19:53:38:544] <14468> ICHE_ECWAMT1:
INFO	[2015-06-09 19:53:38:544] <14468> ICHE_ECWAMT2:
INFO	[2015-06-09 19:53:38:544] <14468> ICHE_CASHYN:N
INFO	[2015-06-09 19:53:38:544] <14468> ICHE_CASHGUBUN_CD:
INFO	[2015-06-09 19:53:38:544] <14468> ICHE_CASHID_NO:
INFO	[2015-06-09 19:53:38:544] <14468> ICHEARS_SOCKETYN:Y
INFO	[2015-06-09 19:53:38:544] <14468> ICHEARS_ADMNO:
INFO	[2015-06-09 19:53:38:544] <14468> ICHEARS_POSMTID:
INFO	[2015-06-09 19:53:38:544] <14468> ICHEARS_CENTERCD:
INFO	[2015-06-09 19:53:38:544] <14468> ICHEARS_HPNO:
INFO	[2015-06-09 19:53:38:544] <14468> Make NetCancel ID Start
INFO	[2015-06-09 19:53:38:544] <14468> AEGIS_VISAaegis_20150609195338544446
INFO	[2015-06-09 19:53:38:544] <14468> Make NetCancel ID End
INFO	[2015-06-09 19:53:38:544] <14468> Make NetCancelID OK
INFO	[2015-06-09 19:53:38:544] <14468> Make Msg Start
INFO	[2015-06-09 19:53:38:544] <14468> Encrypt Start
INFO	[2015-06-09 19:53:38:544] <14468> Encrypt End
INFO	[2015-06-09 19:53:38:544] <14468> Encrypt Start
INFO	[2015-06-09 19:53:38:544] <14468> Encrypt End
INFO	[2015-06-09 19:53:38:544] <14468> Encrypt Start
INFO	[2015-06-09 19:53:38:544] <14468> Encrypt End
INFO	[2015-06-09 19:53:38:544] <14468> Encrypt Start
INFO	[2015-06-09 19:53:38:544] <14468> Encrypt End
INFO	[2015-06-09 19:53:38:544] <14468> card-visa3d Make MSG OK 
INFO	[2015-06-09 19:53:38:544] <14468> Make Msg End
INFO	[2015-06-09 19:53:38:544] <14468> Make Pay Msg OK
INFO	[2015-06-09 19:53:38:544] <14468> Send & Recv Msg Start
INFO	[2015-06-09 19:53:38:544] <14468> Send Data To PG Start [ 
INFO	[2015-06-09 19:53:38:544] <14468> 0:0003160plug15
INFO	[2015-06-09 19:53:38:544] <14468> 1:aegis
INFO	[2015-06-09 19:53:38:544] <14468> 2:1
INFO	[2015-06-09 19:53:38:544] <14468> 3:49410
INFO	[2015-06-09 19:53:38:544] <14468> 4:12410
INFO	[2015-06-09 19:53:38:544] <14468> 5:9000400001
INFO	[2015-06-09 19:53:38:544] <14468> 6:3194038774212239
INFO	[2015-06-09 19:53:38:544] <14468> 7:283587
INFO	[2015-06-09 19:53:38:544] <14468> 8:00
INFO	[2015-06-09 19:53:38:544] <14468> 9:N;61.74.39.110;N;;49410;;;;;
INFO	[2015-06-09 19:53:38:544] <14468> 10:
INFO	[2015-06-09 19:53:38:544] <14468> 11:
INFO	[2015-06-09 19:53:38:544] <14468> 12:santa@santaflower.co.kr
INFO	[2015-06-09 19:53:38:544] <14468> 13:1
INFO	[2015-06-09 19:53:38:544] <14468> 14:
INFO	[2015-06-09 19:53:38:544] <14468> 15:산타
INFO	[2015-06-09 19:53:38:544] <14468> 16:61.74.39.110;1
INFO	[2015-06-09 19:53:38:544] <14468> 17:santa@santaflower.co.kr;
INFO	[2015-06-09 19:53:38:544] <14468> 18:*베스트셀러* 오드리 헵번
INFO	[2015-06-09 19:53:38:544] <14468> 19:AAABAUkyKCAVBhAEUzIoAAAAAAI=
INFO	[2015-06-09 19:53:38:544] <14468> 20:MjAxNTA2MTAwNDU4NTgxODYxMjA=
INFO	[2015-06-09 19:53:38:544] <14468> 21:05
INFO	[2015-06-09 19:53:38:544] <14468> 22:santa@santaflower.co.kr
INFO	[2015-06-09 19:53:38:544] <14468> 23:AEGIS_VISAaegis_20150609195338544446
INFO	[2015-06-09 19:53:38:544] <14468> 24:
INFO	[2015-06-09 19:53:38:544] <14468> ] Send Data To PG End 
INFO	[2015-06-09 19:53:38:544] <14468> SendMsg : [0003160plug15|aegis|1|49410|12410|9000400001|3194038774212239|283587|00|N;61.74.39.110;N;;49410;;;;;|||santa@santaflower.co.kr|1||산타|61.74.39.110;1|santa@santaflower.co.kr;|*베스트셀러* 오드리 헵번|AAABAUkyKCAVBhAEUzIoAAAAAAI=|MjAxNTA2MTAwNDU4NTgxODYxMjA=|05|santa@santaflower.co.kr|AEGIS_VISAaegis_20150609195338544446|]
INFO	[2015-06-09 19:53:38:544] <14468> Connect IP:[220.85.12.3] Port:[29760]
INFO	[2015-06-09 19:53:38:549] <14468> Socket Open OK
INFO	[2015-06-09 19:53:39:51] <14468> RecvMsg Length : [000102]
INFO	[2015-06-09 19:53:39:51] <14468> RecvMsg : [aegis|0610|12410|10136260|000000049410|y|정상승인|신한|20150610045338|0500|18570317|0500|신한|501727|
]
INFO	[2015-06-09 19:53:39:51] <14468> Socket Close OK
INFO	[2015-06-09 19:53:39:51] <14468> RecvMsg Length Check OK
INFO	[2015-06-09 19:53:39:51] <14468> Send & Recv Msg End
INFO	[2015-06-09 19:53:39:51] <14468> Send & Recv Msg OK
INFO	[2015-06-09 19:53:39:51] <14468> Parse Msg Start
INFO	[2015-06-09 19:53:39:51] <14468> card-visa3d RECV MSG Parsing OK 
INFO	[2015-06-09 19:53:39:51] <14468> Parse Msg End
INFO	[2015-06-09 19:53:39:51] <14468> Msg Parsing OK
INFO	[2015-06-09 19:53:39:51] <14468> card Pay Result Value [
INFO	[2015-06-09 19:53:39:51] <14468> NetCancID:AEGIS_VISAaegis_20150609195338544446
INFO	[2015-06-09 19:53:39:51] <14468> rStoreId:aegis
INFO	[2015-06-09 19:53:39:51] <14468> rBusiCd:0610
INFO	[2015-06-09 19:53:39:51] <14468> rOrdNo:12410
INFO	[2015-06-09 19:53:39:51] <14468> rApprNo:10136260
INFO	[2015-06-09 19:53:39:51] <14468> rInstmt:00
INFO	[2015-06-09 19:53:39:51] <14468> rAmt:000000049410
INFO	[2015-06-09 19:53:39:51] <14468> rSuccYn:y
INFO	[2015-06-09 19:53:39:51] <14468> rResMsg:정상승인
INFO	[2015-06-09 19:53:39:51] <14468> rCardNm:신한
INFO	[2015-06-09 19:53:39:52] <14468> rApprTm:20150610045338
INFO	[2015-06-09 19:53:39:52] <14468> rCardCd:0500
INFO	[2015-06-09 19:53:39:52] <14468> rMembNo:18570317
INFO	[2015-06-09 19:53:39:52] <14468> rAquiCd:0500
INFO	[2015-06-09 19:53:39:52] <14468> rAquiNm:신한
INFO	[2015-06-09 19:53:39:52] <14468> rDealNo:501727
INFO	[2015-06-09 19:53:39:52] <14468> rProdNm:*베스트셀러* 오드리 헵번
INFO	[2015-06-09 19:53:39:52] <14468> ]
INFO	[2015-06-09 19:53:39:52] <14468> END  정상승인 Transaction time:[0.509sec]
INFO	[2015-06-09 19:53:39:52] <14468> ===============================================================
INFO	[2015-06-09 19:56:00:445] <16429> ===============================================================
INFO	[2015-06-09 19:56:00:445] <16429> START AgsPay40 php (OS:Linux2.6.18-348.4.1.el5,PHP:5.5.17p1)
INFO	[2015-06-09 19:56:00:445] <16429> card Pay Start!
INFO	[2015-06-09 19:56:00:446] <16429> AgsPayHome:/home/hosting_users/santaflower1004/www/wp-content/plugins/woosym-korean-localization/includes/lib
INFO	[2015-06-09 19:56:00:446] <16429> StoreId:aegis
INFO	[2015-06-09 19:56:00:446] <16429> log:true
INFO	[2015-06-09 19:56:00:446] <16429> logLevel:INFO
INFO	[2015-06-09 19:56:00:446] <16429> UseNetCancel:true
INFO	[2015-06-09 19:56:00:446] <16429> Type:Pay
INFO	[2015-06-09 19:56:00:446] <16429> RecvLen:7
INFO	[2015-06-09 19:56:00:446] <16429> AuthTy:card
INFO	[2015-06-09 19:56:00:446] <16429> SubTy:visa3d
INFO	[2015-06-09 19:56:00:446] <16429> OrdNo:12411
INFO	[2015-06-09 19:56:00:446] <16429> Amt:49410
INFO	[2015-06-09 19:56:00:446] <16429> UserEmail:santa@santaflower.co.kr
INFO	[2015-06-09 19:56:00:446] <16429> ProdNm:*베스트셀러* 오드리 헵번
INFO	[2015-06-09 19:56:00:446] <16429> MallUrl:http://www.allthegate.com
INFO	[2015-06-09 19:56:00:446] <16429> UserId:1
INFO	[2015-06-09 19:56:00:446] <16429> OrdNm:산타
INFO	[2015-06-09 19:56:00:446] <16429> OrdPhone:1
INFO	[2015-06-09 19:56:00:446] <16429> OrdAddr:
INFO	[2015-06-09 19:56:00:446] <16429> RcpNm:santa@santaflower.co.kr
INFO	[2015-06-09 19:56:00:446] <16429> RcpPhone:1
INFO	[2015-06-09 19:56:00:446] <16429> DlvAddr:
INFO	[2015-06-09 19:56:00:446] <16429> Remark:
INFO	[2015-06-09 19:56:00:446] <16429> DeviId:9000400001
INFO	[2015-06-09 19:56:00:446] <16429> AuthYn:N;61.74.39.110;N;;49410;;;;;
INFO	[2015-06-09 19:56:00:446] <16429> Instmt:00
INFO	[2015-06-09 19:56:00:446] <16429> UserIp:61.74.39.110
INFO	[2015-06-09 19:56:00:446] <16429> partial_mm:
INFO	[2015-06-09 19:56:00:446] <16429> noIntMonth:
INFO	[2015-06-09 19:56:00:446] <16429> KVP_CURRENCY:WON
INFO	[2015-06-09 19:56:00:446] <16429> KVP_CARDCODE:
INFO	[2015-06-09 19:56:00:446] <16429> KVP_SESSIONKEY:
INFO	[2015-06-09 19:56:00:446] <16429> KVP_ENCDATA:
INFO	[2015-06-09 19:56:00:446] <16429> KVP_CONAME:
INFO	[2015-06-09 19:56:00:446] <16429> KVP_NOINT:
INFO	[2015-06-09 19:56:00:446] <16429> KVP_QUOTA:
INFO	[2015-06-09 19:56:00:446] <16429> CardNo:4518421186823543
INFO	[2015-06-09 19:56:00:446] <16429> MPI_CAVV:AAABBTEyQCAVBhAEVTJAAAAAAAI=
INFO	[2015-06-09 19:56:00:446] <16429> MPI_ECI:05
INFO	[2015-06-09 19:56:00:446] <16429> MPI_MD64:MjAxNTA2MTAwNTAxMTY0ODkxMjA=
INFO	[2015-06-09 19:56:00:446] <16429> ExpMon:12
INFO	[2015-06-09 19:56:00:446] <16429> ExpYear:2049
INFO	[2015-06-09 19:56:00:446] <16429> Passwd:
INFO	[2015-06-09 19:56:00:446] <16429> SocId:
INFO	[2015-06-09 19:56:00:446] <16429> ICHE_OUTBANKNAME:
INFO	[2015-06-09 19:56:00:446] <16429> ICHE_OUTACCTNO:
INFO	[2015-06-09 19:56:00:446] <16429> ICHE_OUTBANKMASTER:
INFO	[2015-06-09 19:56:00:446] <16429> ICHE_AMOUNT:
INFO	[2015-06-09 19:56:00:446] <16429> HP_SERVERINFO:
INFO	[2015-06-09 19:56:00:446] <16429> HP_HANDPHONE:
INFO	[2015-06-09 19:56:00:446] <16429> HP_COMPANY:
INFO	[2015-06-09 19:56:00:446] <16429> HP_ID:
INFO	[2015-06-09 19:56:00:446] <16429> HP_SUBID:
INFO	[2015-06-09 19:56:00:446] <16429> HP_UNITType:
INFO	[2015-06-09 19:56:00:446] <16429> HP_IDEN:
INFO	[2015-06-09 19:56:00:446] <16429> HP_IPADDR:
INFO	[2015-06-09 19:56:00:446] <16429> ARS_NAME:
INFO	[2015-06-09 19:56:00:446] <16429> ARS_PHONE:
INFO	[2015-06-09 19:56:00:446] <16429> VIRTUAL_CENTERCD:99
INFO	[2015-06-09 19:56:00:446] <16429> VIRTUAL_DEPODT:
INFO	[2015-06-09 19:56:00:447] <16429> ZuminCode:
INFO	[2015-06-09 19:56:00:447] <16429> MallPage:
INFO	[2015-06-09 19:56:00:447] <16429> VIRTUAL_NO:
INFO	[2015-06-09 19:56:00:447] <16429> ES_SENDNO:
INFO	[2015-06-09 19:56:00:447] <16429> ICHE_SOCKETYN:Y
INFO	[2015-06-09 19:56:00:447] <16429> ICHE_POSMTID:
INFO	[2015-06-09 19:56:00:447] <16429> ICHE_FNBCMTID:
INFO	[2015-06-09 19:56:00:447] <16429> ICHE_APTRTS:
INFO	[2015-06-09 19:56:00:447] <16429> ICHE_REMARK1:
INFO	[2015-06-09 19:56:00:447] <16429> ICHE_REMARK2:
INFO	[2015-06-09 19:56:00:447] <16429> ICHE_ECWYN:
INFO	[2015-06-09 19:56:00:447] <16429> ICHE_ECWID:
INFO	[2015-06-09 19:56:00:447] <16429> ICHE_ECWAMT1:
INFO	[2015-06-09 19:56:00:447] <16429> ICHE_ECWAMT2:
INFO	[2015-06-09 19:56:00:447] <16429> ICHE_CASHYN:N
INFO	[2015-06-09 19:56:00:447] <16429> ICHE_CASHGUBUN_CD:
INFO	[2015-06-09 19:56:00:447] <16429> ICHE_CASHID_NO:
INFO	[2015-06-09 19:56:00:447] <16429> ICHEARS_SOCKETYN:Y
INFO	[2015-06-09 19:56:00:447] <16429> ICHEARS_ADMNO:
INFO	[2015-06-09 19:56:00:447] <16429> ICHEARS_POSMTID:
INFO	[2015-06-09 19:56:00:447] <16429> ICHEARS_CENTERCD:
INFO	[2015-06-09 19:56:00:447] <16429> ICHEARS_HPNO:
INFO	[2015-06-09 19:56:00:447] <16429> Make NetCancel ID Start
INFO	[2015-06-09 19:56:00:447] <16429> AEGIS_VISAaegis_20150609195600447335
INFO	[2015-06-09 19:56:00:447] <16429> Make NetCancel ID End
INFO	[2015-06-09 19:56:00:447] <16429> Make NetCancelID OK
INFO	[2015-06-09 19:56:00:447] <16429> Make Msg Start
INFO	[2015-06-09 19:56:00:447] <16429> Encrypt Start
INFO	[2015-06-09 19:56:00:447] <16429> Encrypt End
INFO	[2015-06-09 19:56:00:447] <16429> Encrypt Start
INFO	[2015-06-09 19:56:00:447] <16429> Encrypt End
INFO	[2015-06-09 19:56:00:447] <16429> Encrypt Start
INFO	[2015-06-09 19:56:00:447] <16429> Encrypt End
INFO	[2015-06-09 19:56:00:447] <16429> Encrypt Start
INFO	[2015-06-09 19:56:00:447] <16429> Encrypt End
INFO	[2015-06-09 19:56:00:447] <16429> card-visa3d Make MSG OK 
INFO	[2015-06-09 19:56:00:447] <16429> Make Msg End
INFO	[2015-06-09 19:56:00:447] <16429> Make Pay Msg OK
INFO	[2015-06-09 19:56:00:447] <16429> Send & Recv Msg Start
INFO	[2015-06-09 19:56:00:447] <16429> Send Data To PG Start [ 
INFO	[2015-06-09 19:56:00:447] <16429> 0:0003160plug15
INFO	[2015-06-09 19:56:00:447] <16429> 1:aegis
INFO	[2015-06-09 19:56:00:447] <16429> 2:1
INFO	[2015-06-09 19:56:00:447] <16429> 3:49410
INFO	[2015-06-09 19:56:00:447] <16429> 4:12411
INFO	[2015-06-09 19:56:00:447] <16429> 5:9000400001
INFO	[2015-06-09 19:56:00:447] <16429> 6:3194038774212239
INFO	[2015-06-09 19:56:00:447] <16429> 7:283587
INFO	[2015-06-09 19:56:00:447] <16429> 8:00
INFO	[2015-06-09 19:56:00:447] <16429> 9:N;61.74.39.110;N;;49410;;;;;
INFO	[2015-06-09 19:56:00:447] <16429> 10:
INFO	[2015-06-09 19:56:00:447] <16429> 11:
INFO	[2015-06-09 19:56:00:447] <16429> 12:santa@santaflower.co.kr
INFO	[2015-06-09 19:56:00:447] <16429> 13:1
INFO	[2015-06-09 19:56:00:447] <16429> 14:
INFO	[2015-06-09 19:56:00:447] <16429> 15:산타
INFO	[2015-06-09 19:56:00:447] <16429> 16:61.74.39.110;1
INFO	[2015-06-09 19:56:00:447] <16429> 17:santa@santaflower.co.kr;
INFO	[2015-06-09 19:56:00:447] <16429> 18:*베스트셀러* 오드리 헵번
INFO	[2015-06-09 19:56:00:447] <16429> 19:AAABBTEyQCAVBhAEVTJAAAAAAAI=
INFO	[2015-06-09 19:56:00:447] <16429> 20:MjAxNTA2MTAwNTAxMTY0ODkxMjA=
INFO	[2015-06-09 19:56:00:447] <16429> 21:05
INFO	[2015-06-09 19:56:00:447] <16429> 22:santa@santaflower.co.kr
INFO	[2015-06-09 19:56:00:447] <16429> 23:AEGIS_VISAaegis_20150609195600447335
INFO	[2015-06-09 19:56:00:447] <16429> 24:
INFO	[2015-06-09 19:56:00:447] <16429> ] Send Data To PG End 
INFO	[2015-06-09 19:56:00:447] <16429> SendMsg : [0003160plug15|aegis|1|49410|12411|9000400001|3194038774212239|283587|00|N;61.74.39.110;N;;49410;;;;;|||santa@santaflower.co.kr|1||산타|61.74.39.110;1|santa@santaflower.co.kr;|*베스트셀러* 오드리 헵번|AAABBTEyQCAVBhAEVTJAAAAAAAI=|MjAxNTA2MTAwNTAxMTY0ODkxMjA=|05|santa@santaflower.co.kr|AEGIS_VISAaegis_20150609195600447335|]
INFO	[2015-06-09 19:56:00:447] <16429> Connect IP:[220.85.12.3] Port:[29760]
INFO	[2015-06-09 19:56:00:451] <16429> Socket Open OK
INFO	[2015-06-09 19:56:00:895] <16429> RecvMsg Length : [000102]
INFO	[2015-06-09 19:56:00:895] <16429> RecvMsg : [aegis|0610|12411|10136261|000000049410|y|정상승인|신한|20150610044951|0500|18570317|0500|신한|501729|
]
INFO	[2015-06-09 19:56:00:895] <16429> Socket Close OK
INFO	[2015-06-09 19:56:00:895] <16429> RecvMsg Length Check OK
INFO	[2015-06-09 19:56:00:895] <16429> Send & Recv Msg End
INFO	[2015-06-09 19:56:00:895] <16429> Send & Recv Msg OK
INFO	[2015-06-09 19:56:00:895] <16429> Parse Msg Start
INFO	[2015-06-09 19:56:00:895] <16429> card-visa3d RECV MSG Parsing OK 
INFO	[2015-06-09 19:56:00:895] <16429> Parse Msg End
INFO	[2015-06-09 19:56:00:895] <16429> Msg Parsing OK
INFO	[2015-06-09 19:56:00:895] <16429> card Pay Result Value [
INFO	[2015-06-09 19:56:00:895] <16429> NetCancID:AEGIS_VISAaegis_20150609195600447335
INFO	[2015-06-09 19:56:00:895] <16429> rStoreId:aegis
INFO	[2015-06-09 19:56:00:895] <16429> rBusiCd:0610
INFO	[2015-06-09 19:56:00:895] <16429> rOrdNo:12411
INFO	[2015-06-09 19:56:00:895] <16429> rApprNo:10136261
INFO	[2015-06-09 19:56:00:895] <16429> rInstmt:00
INFO	[2015-06-09 19:56:00:895] <16429> rAmt:000000049410
INFO	[2015-06-09 19:56:00:895] <16429> rSuccYn:y
INFO	[2015-06-09 19:56:00:896] <16429> rResMsg:정상승인
INFO	[2015-06-09 19:56:00:896] <16429> rCardNm:신한
INFO	[2015-06-09 19:56:00:896] <16429> rApprTm:20150610044951
INFO	[2015-06-09 19:56:00:896] <16429> rCardCd:0500
INFO	[2015-06-09 19:56:00:896] <16429> rMembNo:18570317
INFO	[2015-06-09 19:56:00:896] <16429> rAquiCd:0500
INFO	[2015-06-09 19:56:00:896] <16429> rAquiNm:신한
INFO	[2015-06-09 19:56:00:896] <16429> rDealNo:501729
INFO	[2015-06-09 19:56:00:896] <16429> rProdNm:*베스트셀러* 오드리 헵번
INFO	[2015-06-09 19:56:00:896] <16429> ]
INFO	[2015-06-09 19:56:00:896] <16429> END  정상승인 Transaction time:[0.45sec]
INFO	[2015-06-09 19:56:00:896] <16429> ===============================================================
