INFO	[2015-06-08 00:31:32:776] <6207> ===============================================================
INFO	[2015-06-08 00:31:32:786] <6207> START AgsPay40 php (OS:Linux2.6.18-348.4.1.el5,PHP:5.5.17p1)
INFO	[2015-06-08 00:31:32:786] <6207> card Pay Start!
INFO	[2015-06-08 00:31:32:786] <6207> AgsPayHome:/home/hosting_users/santaflower1004/www/wp-content/plugins/woosym-korean-localization/includes/lib
INFO	[2015-06-08 00:31:32:786] <6207> StoreId:santaflo
INFO	[2015-06-08 00:31:32:786] <6207> log:true
INFO	[2015-06-08 00:31:32:786] <6207> logLevel:INFO
INFO	[2015-06-08 00:31:32:786] <6207> UseNetCancel:true
INFO	[2015-06-08 00:31:32:786] <6207> Type:Pay
INFO	[2015-06-08 00:31:32:786] <6207> RecvLen:7
INFO	[2015-06-08 00:31:32:786] <6207> AuthTy:card
INFO	[2015-06-08 00:31:32:786] <6207> SubTy:visa3d
INFO	[2015-06-08 00:31:32:786] <6207> OrdNo:12380
INFO	[2015-06-08 00:31:32:786] <6207> Amt:31900
INFO	[2015-06-08 00:31:32:786] <6207> UserEmail:santa@santaflower.co.kr
INFO	[2015-06-08 00:31:32:786] <6207> ProdNm:엄마표 돌잔치 미니축하화환
INFO	[2015-06-08 00:31:32:786] <6207> MallUrl:http://santaflower.co.kr
INFO	[2015-06-08 00:31:32:786] <6207> UserId:1
INFO	[2015-06-08 00:31:32:786] <6207> OrdNm:산타
INFO	[2015-06-08 00:31:32:786] <6207> OrdPhone:1
INFO	[2015-06-08 00:31:32:786] <6207> OrdAddr:
INFO	[2015-06-08 00:31:32:786] <6207> RcpNm:santa@santaflower.co.kr
INFO	[2015-06-08 00:31:32:786] <6207> RcpPhone:1
INFO	[2015-06-08 00:31:32:786] <6207> DlvAddr:
INFO	[2015-06-08 00:31:32:786] <6207> Remark:
INFO	[2015-06-08 00:31:32:786] <6207> DeviId:9000400001
INFO	[2015-06-08 00:31:32:786] <6207> AuthYn:N;1.214.254.2;N;;31900;;;;;
INFO	[2015-06-08 00:31:32:786] <6207> Instmt:00
INFO	[2015-06-08 00:31:32:786] <6207> UserIp:1.214.254.2
INFO	[2015-06-08 00:31:32:786] <6207> partial_mm:
INFO	[2015-06-08 00:31:32:786] <6207> noIntMonth:
INFO	[2015-06-08 00:31:32:786] <6207> KVP_CURRENCY:WON
INFO	[2015-06-08 00:31:32:786] <6207> KVP_CARDCODE:
INFO	[2015-06-08 00:31:32:786] <6207> KVP_SESSIONKEY:
INFO	[2015-06-08 00:31:32:786] <6207> KVP_ENCDATA:
INFO	[2015-06-08 00:31:32:786] <6207> KVP_CONAME:
INFO	[2015-06-08 00:31:32:786] <6207> KVP_NOINT:
INFO	[2015-06-08 00:31:32:786] <6207> KVP_QUOTA:
INFO	[2015-06-08 00:31:32:786] <6207> CardNo:4518421186823543
INFO	[2015-06-08 00:31:32:786] <6207> MPI_CAVV:AAABAJaWFyAVBggJMZYXAAAAAAI=
INFO	[2015-06-08 00:31:32:786] <6207> MPI_ECI:05
INFO	[2015-06-08 00:31:32:786] <6207> MPI_MD64:MjAxNTA2MDgwOTQ1MTI5NjkxMjA=
INFO	[2015-06-08 00:31:32:786] <6207> ExpMon:12
INFO	[2015-06-08 00:31:32:786] <6207> ExpYear:2049
INFO	[2015-06-08 00:31:32:786] <6207> Passwd:
INFO	[2015-06-08 00:31:32:786] <6207> SocId:
INFO	[2015-06-08 00:31:32:786] <6207> ICHE_OUTBANKNAME:
INFO	[2015-06-08 00:31:32:786] <6207> ICHE_OUTACCTNO:
INFO	[2015-06-08 00:31:32:786] <6207> ICHE_OUTBANKMASTER:
INFO	[2015-06-08 00:31:32:786] <6207> ICHE_AMOUNT:
INFO	[2015-06-08 00:31:32:786] <6207> HP_SERVERINFO:
INFO	[2015-06-08 00:31:32:786] <6207> HP_HANDPHONE:
INFO	[2015-06-08 00:31:32:786] <6207> HP_COMPANY:
INFO	[2015-06-08 00:31:32:786] <6207> HP_ID:
INFO	[2015-06-08 00:31:32:786] <6207> HP_SUBID:
INFO	[2015-06-08 00:31:32:786] <6207> HP_UNITType:
INFO	[2015-06-08 00:31:32:787] <6207> HP_IDEN:
INFO	[2015-06-08 00:31:32:787] <6207> HP_IPADDR:
INFO	[2015-06-08 00:31:32:787] <6207> ARS_NAME:
INFO	[2015-06-08 00:31:32:787] <6207> ARS_PHONE:
INFO	[2015-06-08 00:31:32:787] <6207> VIRTUAL_CENTERCD:99
INFO	[2015-06-08 00:31:32:787] <6207> VIRTUAL_DEPODT:
INFO	[2015-06-08 00:31:32:787] <6207> ZuminCode:
INFO	[2015-06-08 00:31:32:787] <6207> MallPage:
INFO	[2015-06-08 00:31:32:787] <6207> VIRTUAL_NO:
INFO	[2015-06-08 00:31:32:787] <6207> ES_SENDNO:
INFO	[2015-06-08 00:31:32:787] <6207> ICHE_SOCKETYN:Y
INFO	[2015-06-08 00:31:32:787] <6207> ICHE_POSMTID:
INFO	[2015-06-08 00:31:32:787] <6207> ICHE_FNBCMTID:
INFO	[2015-06-08 00:31:32:787] <6207> ICHE_APTRTS:
INFO	[2015-06-08 00:31:32:787] <6207> ICHE_REMARK1:
INFO	[2015-06-08 00:31:32:787] <6207> ICHE_REMARK2:
INFO	[2015-06-08 00:31:32:787] <6207> ICHE_ECWYN:
INFO	[2015-06-08 00:31:32:787] <6207> ICHE_ECWID:
INFO	[2015-06-08 00:31:32:787] <6207> ICHE_ECWAMT1:
INFO	[2015-06-08 00:31:32:787] <6207> ICHE_ECWAMT2:
INFO	[2015-06-08 00:31:32:787] <6207> ICHE_CASHYN:N
INFO	[2015-06-08 00:31:32:787] <6207> ICHE_CASHGUBUN_CD:
INFO	[2015-06-08 00:31:32:787] <6207> ICHE_CASHID_NO:
INFO	[2015-06-08 00:31:32:787] <6207> ICHEARS_SOCKETYN:Y
INFO	[2015-06-08 00:31:32:787] <6207> ICHEARS_ADMNO:
INFO	[2015-06-08 00:31:32:787] <6207> ICHEARS_POSMTID:
INFO	[2015-06-08 00:31:32:787] <6207> ICHEARS_CENTERCD:
INFO	[2015-06-08 00:31:32:787] <6207> ICHEARS_HPNO:
INFO	[2015-06-08 00:31:32:787] <6207> Make NetCancel ID Start
INFO	[2015-06-08 00:31:32:787] <6207> AEGIS_VISAsantaflo_20150608003132787964
INFO	[2015-06-08 00:31:32:787] <6207> Make NetCancel ID End
INFO	[2015-06-08 00:31:32:787] <6207> Make NetCancelID OK
INFO	[2015-06-08 00:31:32:787] <6207> Make Msg Start
INFO	[2015-06-08 00:31:32:787] <6207> Encrypt Start
INFO	[2015-06-08 00:31:32:787] <6207> Encrypt End
INFO	[2015-06-08 00:31:32:787] <6207> Encrypt Start
INFO	[2015-06-08 00:31:32:787] <6207> Encrypt End
INFO	[2015-06-08 00:31:32:787] <6207> Encrypt Start
INFO	[2015-06-08 00:31:32:787] <6207> Encrypt End
INFO	[2015-06-08 00:31:32:787] <6207> Encrypt Start
INFO	[2015-06-08 00:31:32:787] <6207> Encrypt End
INFO	[2015-06-08 00:31:32:787] <6207> card-visa3d Make MSG OK 
INFO	[2015-06-08 00:31:32:787] <6207> Make Msg End
INFO	[2015-06-08 00:31:32:787] <6207> Make Pay Msg OK
INFO	[2015-06-08 00:31:32:787] <6207> Send & Recv Msg Start
INFO	[2015-06-08 00:31:32:787] <6207> Send Data To PG Start [ 
INFO	[2015-06-08 00:31:32:787] <6207> 0:0003220plug15
INFO	[2015-06-08 00:31:32:787] <6207> 1:santaflo
INFO	[2015-06-08 00:31:32:787] <6207> 2:1
INFO	[2015-06-08 00:31:32:787] <6207> 3:31900
INFO	[2015-06-08 00:31:32:787] <6207> 4:12380
INFO	[2015-06-08 00:31:32:787] <6207> 5:9000400001
INFO	[2015-06-08 00:31:32:787] <6207> 6:3194038774212239
INFO	[2015-06-08 00:31:32:787] <6207> 7:283587
INFO	[2015-06-08 00:31:32:787] <6207> 8:00
INFO	[2015-06-08 00:31:32:787] <6207> 9:N;1.214.254.2;N;;31900;;;;;
INFO	[2015-06-08 00:31:32:787] <6207> 10:
INFO	[2015-06-08 00:31:32:787] <6207> 11:
INFO	[2015-06-08 00:31:32:787] <6207> 12:santa@santaflower.co.kr
INFO	[2015-06-08 00:31:32:787] <6207> 13:1
INFO	[2015-06-08 00:31:32:787] <6207> 14:
INFO	[2015-06-08 00:31:32:787] <6207> 15:산타
INFO	[2015-06-08 00:31:32:787] <6207> 16:1.214.254.2;1
INFO	[2015-06-08 00:31:32:787] <6207> 17:santa@santaflower.co.kr;
INFO	[2015-06-08 00:31:32:787] <6207> 18:엄마표 돌잔치 미니축하화환
INFO	[2015-06-08 00:31:32:787] <6207> 19:AAABAJaWFyAVBggJMZYXAAAAAAI=
INFO	[2015-06-08 00:31:32:787] <6207> 20:MjAxNTA2MDgwOTQ1MTI5NjkxMjA=
INFO	[2015-06-08 00:31:32:787] <6207> 21:05
INFO	[2015-06-08 00:31:32:787] <6207> 22:santa@santaflower.co.kr
INFO	[2015-06-08 00:31:32:787] <6207> 23:AEGIS_VISAsantaflo_20150608003132787964
INFO	[2015-06-08 00:31:32:787] <6207> 24:
INFO	[2015-06-08 00:31:32:787] <6207> ] Send Data To PG End 
INFO	[2015-06-08 00:31:32:788] <6207> SendMsg : [0003220plug15|santaflo|1|31900|12380|9000400001|3194038774212239|283587|00|N;1.214.254.2;N;;31900;;;;;|||santa@santaflower.co.kr|1||산타|1.214.254.2;1|santa@santaflower.co.kr;|엄마표 돌잔치 미니축하화환|AAABAJaWFyAVBggJMZYXAAAAAAI=|MjAxNTA2MDgwOTQ1MTI5NjkxMjA=|05|santa@santaflower.co.kr|AEGIS_VISAsantaflo_20150608003132787964|]
INFO	[2015-06-08 00:31:32:788] <6207> Connect IP:[220.85.12.3] Port:[29760]
INFO	[2015-06-08 00:31:32:791] <6207> Socket Open OK
INFO	[2015-06-08 00:31:33:887] <6207> RecvMsg Length : [000105]
INFO	[2015-06-08 00:31:33:887] <6207> RecvMsg : [santaflo|0610|12380|49712477|000000031900|y|정상승인|신한|20150608093133|0500|18570317|0500|신한|505363|
]
INFO	[2015-06-08 00:31:33:887] <6207> Socket Close OK
INFO	[2015-06-08 00:31:33:887] <6207> RecvMsg Length Check OK
INFO	[2015-06-08 00:31:33:887] <6207> Send & Recv Msg End
INFO	[2015-06-08 00:31:33:887] <6207> Send & Recv Msg OK
INFO	[2015-06-08 00:31:33:887] <6207> Parse Msg Start
INFO	[2015-06-08 00:31:33:887] <6207> card-visa3d RECV MSG Parsing OK 
INFO	[2015-06-08 00:31:33:888] <6207> Parse Msg End
INFO	[2015-06-08 00:31:33:888] <6207> Msg Parsing OK
INFO	[2015-06-08 00:31:33:888] <6207> card Pay Result Value [
INFO	[2015-06-08 00:31:33:888] <6207> NetCancID:AEGIS_VISAsantaflo_20150608003132787964
INFO	[2015-06-08 00:31:33:888] <6207> rStoreId:santaflo
INFO	[2015-06-08 00:31:33:888] <6207> rBusiCd:0610
INFO	[2015-06-08 00:31:33:888] <6207> rOrdNo:12380
INFO	[2015-06-08 00:31:33:888] <6207> rApprNo:49712477
INFO	[2015-06-08 00:31:33:888] <6207> rInstmt:00
INFO	[2015-06-08 00:31:33:888] <6207> rAmt:000000031900
INFO	[2015-06-08 00:31:33:888] <6207> rSuccYn:y
INFO	[2015-06-08 00:31:33:888] <6207> rResMsg:정상승인
INFO	[2015-06-08 00:31:33:888] <6207> rCardNm:신한
INFO	[2015-06-08 00:31:33:888] <6207> rApprTm:20150608093133
INFO	[2015-06-08 00:31:33:888] <6207> rCardCd:0500
INFO	[2015-06-08 00:31:33:888] <6207> rMembNo:18570317
INFO	[2015-06-08 00:31:33:888] <6207> rAquiCd:0500
INFO	[2015-06-08 00:31:33:888] <6207> rAquiNm:신한
INFO	[2015-06-08 00:31:33:888] <6207> rDealNo:505363
INFO	[2015-06-08 00:31:33:888] <6207> rProdNm:엄마표 돌잔치 미니축하화환
INFO	[2015-06-08 00:31:33:888] <6207> ]
INFO	[2015-06-08 00:31:33:888] <6207> END  정상승인 Transaction time:[1.112sec]
INFO	[2015-06-08 00:31:33:888] <6207> ===============================================================
INFO	[2015-06-08 04:49:34:312] <30654> ===============================================================
INFO	[2015-06-08 04:49:34:312] <30654> START AgsPay40 php (OS:Linux2.6.18-348.4.1.el5,PHP:5.5.17p1)
INFO	[2015-06-08 04:49:34:313] <30654> card Pay Start!
INFO	[2015-06-08 04:49:34:313] <30654> AgsPayHome:/home/hosting_users/santaflower1004/www/wp-content/plugins/woosym-korean-localization/includes/lib
INFO	[2015-06-08 04:49:34:313] <30654> StoreId:santaflo
INFO	[2015-06-08 04:49:34:313] <30654> log:true
INFO	[2015-06-08 04:49:34:313] <30654> logLevel:INFO
INFO	[2015-06-08 04:49:34:313] <30654> UseNetCancel:true
INFO	[2015-06-08 04:49:34:313] <30654> Type:Pay
INFO	[2015-06-08 04:49:34:313] <30654> RecvLen:7
INFO	[2015-06-08 04:49:34:313] <30654> AuthTy:card
INFO	[2015-06-08 04:49:34:313] <30654> SubTy:isp
INFO	[2015-06-08 04:49:34:313] <30654> OrdNo:12405
INFO	[2015-06-08 04:49:34:313] <30654> Amt:100000
INFO	[2015-06-08 04:49:34:313] <30654> UserEmail:phl113@naver.com
INFO	[2015-06-08 04:49:34:313] <30654> ProdNm:근조3단화환-기본형 (추모/애도/장례식)
INFO	[2015-06-08 04:49:34:313] <30654> MallUrl:http://santaflower.co.kr
INFO	[2015-06-08 04:49:34:313] <30654> UserId:7840
INFO	[2015-06-08 04:49:34:313] <30654> OrdNm:특허법인 세원 오상균
INFO	[2015-06-08 04:49:34:313] <30654> OrdPhone:010-2911-2542
INFO	[2015-06-08 04:49:34:313] <30654> OrdAddr:
INFO	[2015-06-08 04:49:34:313] <30654> RcpNm:phl113@naver.com
INFO	[2015-06-08 04:49:34:313] <30654> RcpPhone:010-2911-2542
INFO	[2015-06-08 04:49:34:313] <30654> DlvAddr:
INFO	[2015-06-08 04:49:34:313] <30654> Remark:
INFO	[2015-06-08 04:49:34:313] <30654> DeviId:9000400001
INFO	[2015-06-08 04:49:34:313] <30654> AuthYn:N;14.63.49.220
INFO	[2015-06-08 04:49:34:313] <30654> Instmt:
INFO	[2015-06-08 04:49:34:313] <30654> UserIp:14.63.49.220
INFO	[2015-06-08 04:49:34:313] <30654> partial_mm:00
INFO	[2015-06-08 04:49:34:313] <30654> noIntMonth:
INFO	[2015-06-08 04:49:34:313] <30654> KVP_CURRENCY:WON
INFO	[2015-06-08 04:49:34:313] <30654> KVP_CARDCODE:000100037390124;14.63.49.220;N;;100000;;;;
INFO	[2015-06-08 04:49:34:313] <30654> KVP_SESSIONKEY:EIYMI0lMgvuc9HpWA82oOUs07us/JCg/DvEha+tQZUXy8S9JsS5RzsLUD2r3eEHz 
GGt2pJY2iYLUpij7sFaf5qzKTjX5rSzGBLh9cXiuqoguE1HQI8hQ4tUT9+OaLoRu 
Ps8yPlNSoJ8Gx+0iY3kAOlgFh9E7/l8rjf4p3a+KoLw= 

INFO	[2015-06-08 04:49:34:313] <30654> KVP_ENCDATA:Version=1.0&amp;KeyFlag=1&amp;KeyNum=1&amp;EncryptAlgorithm=SEED-CBC&amp;SignAlgorithm=&amp;Data=Ep7Rj/p9J%2b1fYcvtKxTZpLtk5502LpOzZo2K0VskGvwhUXT1lNgZVFS5Z4AsT0MQ%0ayvJ9CJhNcpnOirDKnltB/0LY2/SHCbAqzhghD2Qc3rHNO/4RSeGKkK6Ta7yRwab%2b%0aRic26F/PSk1CeI%2bO/3D5sJqlIdpY5iuhvEhKDgf6%2bVnPGjmSxtdlJJy6%2b7ag5LO6%0abrirI5dwKDCSyC8fDJqCjDunOIz7uJp4WJwY3laxA%2bvF2CjHak7rUqvDX74lDn5Z%0a5vR92RSumMU5OKCxt6Dt1BSMLOBgvHXcUzCBVb86lYf2ZcdSe1Tw3UM6gDyuXYmC%0a/tYkGoYY9xQsId2tAbt0wzi8oYqDrbXvPyviKttVRJhrUO7LI1fQugEsIV%2btnsCU%0avIOs7jzyDeEj4JL%2bvXLXyjidl%2b25IsKIMV%2b/LLar0N968DMuB%2bzXGvZ9AgHwMsDV%0ascSy3kol43s1tC9TynLIgn7NtFhwLl/y%2bIley76e2YAqR5K1IRKq/KcfxPTB3UmH%0aSywx/zF65vZ8u1%2bxs1RvX7TY5iIXa6HYaoihZjn/wtyyT6xAZtqpAvaJ0cBXruW%2b%0aESMDZ90%2bj3EBkgYSbFvTNeZM3nMc8PYHeDfWeBNLrWU%3d%0a&amp;PubCert=
INFO	[2015-06-08 04:49:34:313] <30654> KVP_CONAME:ISP
INFO	[2015-06-08 04:49:34:313] <30654> KVP_NOINT:0
INFO	[2015-06-08 04:49:34:313] <30654> KVP_QUOTA:00
INFO	[2015-06-08 04:49:34:313] <30654> CardNo:
INFO	[2015-06-08 04:49:34:313] <30654> MPI_CAVV:
INFO	[2015-06-08 04:49:34:313] <30654> MPI_ECI:
INFO	[2015-06-08 04:49:34:313] <30654> MPI_MD64:
INFO	[2015-06-08 04:49:34:313] <30654> ExpMon:
INFO	[2015-06-08 04:49:34:313] <30654> ExpYear:
INFO	[2015-06-08 04:49:34:313] <30654> Passwd:
INFO	[2015-06-08 04:49:34:313] <30654> SocId:
INFO	[2015-06-08 04:49:34:313] <30654> ICHE_OUTBANKNAME:
INFO	[2015-06-08 04:49:34:313] <30654> ICHE_OUTACCTNO:
INFO	[2015-06-08 04:49:34:313] <30654> ICHE_OUTBANKMASTER:
INFO	[2015-06-08 04:49:34:313] <30654> ICHE_AMOUNT:
INFO	[2015-06-08 04:49:34:313] <30654> HP_SERVERINFO:
INFO	[2015-06-08 04:49:34:313] <30654> HP_HANDPHONE:
INFO	[2015-06-08 04:49:34:313] <30654> HP_COMPANY:
INFO	[2015-06-08 04:49:34:313] <30654> HP_ID:
INFO	[2015-06-08 04:49:34:313] <30654> HP_SUBID:
INFO	[2015-06-08 04:49:34:313] <30654> HP_UNITType:
INFO	[2015-06-08 04:49:34:313] <30654> HP_IDEN:
INFO	[2015-06-08 04:49:34:313] <30654> HP_IPADDR:
INFO	[2015-06-08 04:49:34:313] <30654> ARS_NAME:
INFO	[2015-06-08 04:49:34:313] <30654> ARS_PHONE:
INFO	[2015-06-08 04:49:34:313] <30654> VIRTUAL_CENTERCD:99
INFO	[2015-06-08 04:49:34:314] <30654> VIRTUAL_DEPODT:
INFO	[2015-06-08 04:49:34:314] <30654> ZuminCode:
INFO	[2015-06-08 04:49:34:314] <30654> MallPage:
INFO	[2015-06-08 04:49:34:314] <30654> VIRTUAL_NO:
INFO	[2015-06-08 04:49:34:314] <30654> ES_SENDNO:
INFO	[2015-06-08 04:49:34:314] <30654> ICHE_SOCKETYN:Y
INFO	[2015-06-08 04:49:34:314] <30654> ICHE_POSMTID:
INFO	[2015-06-08 04:49:34:314] <30654> ICHE_FNBCMTID:
INFO	[2015-06-08 04:49:34:314] <30654> ICHE_APTRTS:
INFO	[2015-06-08 04:49:34:314] <30654> ICHE_REMARK1:
INFO	[2015-06-08 04:49:34:314] <30654> ICHE_REMARK2:
INFO	[2015-06-08 04:49:34:314] <30654> ICHE_ECWYN:
INFO	[2015-06-08 04:49:34:314] <30654> ICHE_ECWID:
INFO	[2015-06-08 04:49:34:314] <30654> ICHE_ECWAMT1:
INFO	[2015-06-08 04:49:34:314] <30654> ICHE_ECWAMT2:
INFO	[2015-06-08 04:49:34:314] <30654> ICHE_CASHYN:N
INFO	[2015-06-08 04:49:34:314] <30654> ICHE_CASHGUBUN_CD:
INFO	[2015-06-08 04:49:34:314] <30654> ICHE_CASHID_NO:
INFO	[2015-06-08 04:49:34:314] <30654> ICHEARS_SOCKETYN:Y
INFO	[2015-06-08 04:49:34:314] <30654> ICHEARS_ADMNO:
INFO	[2015-06-08 04:49:34:314] <30654> ICHEARS_POSMTID:
INFO	[2015-06-08 04:49:34:314] <30654> ICHEARS_CENTERCD:
INFO	[2015-06-08 04:49:34:314] <30654> ICHEARS_HPNO:
INFO	[2015-06-08 04:49:34:314] <30654> Make NetCancel ID Start
INFO	[2015-06-08 04:49:34:314] <30654> AEGIS_ISP_santaflo_20150608044934314684
INFO	[2015-06-08 04:49:34:314] <30654> Make NetCancel ID End
INFO	[2015-06-08 04:49:34:314] <30654> Make NetCancelID OK
INFO	[2015-06-08 04:49:34:314] <30654> Make Msg Start
INFO	[2015-06-08 04:49:34:314] <30654> card-isp Make MSG OK 
INFO	[2015-06-08 04:49:34:314] <30654> Make Msg End
INFO	[2015-06-08 04:49:34:314] <30654> Make Pay Msg OK
INFO	[2015-06-08 04:49:34:314] <30654> Send & Recv Msg Start
INFO	[2015-06-08 04:49:34:314] <30654> Send Data To PG Start [ 
INFO	[2015-06-08 04:49:34:314] <30654> 0:0012522plug15
INFO	[2015-06-08 04:49:34:314] <30654> 1:santaflo
INFO	[2015-06-08 04:49:34:314] <30654> 2:7840
INFO	[2015-06-08 04:49:34:314] <30654> 3:100000
INFO	[2015-06-08 04:49:34:314] <30654> 4:12405
INFO	[2015-06-08 04:49:34:314] <30654> 5:9000400001
INFO	[2015-06-08 04:49:34:314] <30654> 6:phl113@naver.com
INFO	[2015-06-08 04:49:34:314] <30654> 7:010-2911-2542
INFO	[2015-06-08 04:49:34:314] <30654> 8:
INFO	[2015-06-08 04:49:34:314] <30654> 9:특허법인 세원 오상균
INFO	[2015-06-08 04:49:34:314] <30654> 10:010-2911-2542
INFO	[2015-06-08 04:49:34:314] <30654> 11:
INFO	[2015-06-08 04:49:34:314] <30654> 12:근조3단화환-기본형 (추모/애도/장례식)
INFO	[2015-06-08 04:49:34:314] <30654> 13:WON
INFO	[2015-06-08 04:49:34:314] <30654> 14:00
INFO	[2015-06-08 04:49:34:314] <30654> 15:
INFO	[2015-06-08 04:49:34:314] <30654> 16:000100037390124;14.63.49.220;N;;100000;;;;
INFO	[2015-06-08 04:49:34:314] <30654> 17:EIYMI0lMgvuc9HpWA82oOUs07us/JCg/DvEha+tQZUXy8S9JsS5RzsLUD2r3eEHz 
GGt2pJY2iYLUpij7sFaf5qzKTjX5rSzGBLh9cXiuqoguE1HQI8hQ4tUT9+OaLoRu 
Ps8yPlNSoJ8Gx+0iY3kAOlgFh9E7/l8rjf4p3a+KoLw= 

INFO	[2015-06-08 04:49:34:314] <30654> 18:Version=1.0&amp;KeyFlag=1&amp;KeyNum=1&amp;EncryptAlgorithm=SEED-CBC&amp;SignAlgorithm=&amp;Data=Ep7Rj/p9J%2b1fYcvtKxTZpLtk5502LpOzZo2K0VskGvwhUXT1lNgZVFS5Z4AsT0MQ%0ayvJ9CJhNcpnOirDKnltB/0LY2/SHCbAqzhghD2Qc3rHNO/4RSeGKkK6Ta7yRwab%2b%0aRic26F/PSk1CeI%2bO/3D5sJqlIdpY5iuhvEhKDgf6%2bVnPGjmSxtdlJJy6%2b7ag5LO6%0abrirI5dwKDCSyC8fDJqCjDunOIz7uJp4WJwY3laxA%2bvF2CjHak7rUqvDX74lDn5Z%0a5vR92RSumMU5OKCxt6Dt1BSMLOBgvHXcUzCBVb86lYf2ZcdSe1Tw3UM6gDyuXYmC%0a/tYkGoYY9xQsId2tAbt0wzi8oYqDrbXvPyviKttVRJhrUO7LI1fQugEsIV%2btnsCU%0avIOs7jzyDeEj4JL%2bvXLXyjidl%2b25IsKIMV%2b/LLar0N968DMuB%2bzXGvZ9AgHwMsDV%0ascSy3kol43s1tC9TynLIgn7NtFhwLl/y%2bIley76e2YAqR5K1IRKq/KcfxPTB3UmH%0aSywx/zF65vZ8u1%2bxs1RvX7TY5iIXa6HYaoihZjn/wtyyT6xAZtqpAvaJ0cBXruW%2b%0aESMDZ90%2bj3EBkgYSbFvTNeZM3nMc8PYHeDfWeBNLrWU%3d%0a&amp;PubCert=
INFO	[2015-06-08 04:49:34:314] <30654> 19:ISP
INFO	[2015-06-08 04:49:34:314] <30654> 20:14.63.49.220
INFO	[2015-06-08 04:49:34:314] <30654> 21:phl113@naver.com
INFO	[2015-06-08 04:49:34:314] <30654> 22:AEGIS_ISP_santaflo_20150608044934314684
INFO	[2015-06-08 04:49:34:314] <30654> 23:
INFO	[2015-06-08 04:49:34:314] <30654> ] Send Data To PG End 
INFO	[2015-06-08 04:49:34:314] <30654> SendMsg : [0012522plug15|santaflo|7840|100000|12405|9000400001|phl113@naver.com|010-2911-2542||특허법인 세원 오상균|010-2911-2542||근조3단화환-기본형 (추모/애도/장례식)|WON|00||000100037390124;14.63.49.220;N;;100000;;;;|EIYMI0lMgvuc9HpWA82oOUs07us/JCg/DvEha+tQZUXy8S9JsS5RzsLUD2r3eEHz 
GGt2pJY2iYLUpij7sFaf5qzKTjX5rSzGBLh9cXiuqoguE1HQI8hQ4tUT9+OaLoRu 
Ps8yPlNSoJ8Gx+0iY3kAOlgFh9E7/l8rjf4p3a+KoLw= 
|Version=1.0&amp;KeyFlag=1&amp;KeyNum=1&amp;EncryptAlgorithm=SEED-CBC&amp;SignAlgorithm=&amp;Data=Ep7Rj/p9J%2b1fYcvtKxTZpLtk5502LpOzZo2K0VskGvwhUXT1lNgZVFS5Z4AsT0MQ%0ayvJ9CJhNcpnOirDKnltB/0LY2/SHCbAqzhghD2Qc3rHNO/4RSeGKkK6Ta7yRwab%2b%0aRic26F/PSk1CeI%2bO/3D5sJqlIdpY5iuhvEhKDgf6%2bVnPGjmSxtdlJJy6%2b7ag5LO6%0abrirI5dwKDCSyC8fDJqCjDunOIz7uJp4WJwY3laxA%2bvF2CjHak7rUqvDX74lDn5Z%0a5vR92RSumMU5OKCxt6Dt1BSMLOBgvHXcUzCBVb86lYf2ZcdSe1Tw3UM6gDyuXYmC%0a/tYkGoYY9xQsId2tAbt0wzi8oYqDrbXvPyviKttVRJhrUO7LI1fQugEsIV%2btnsCU%0avIOs7jzyDeEj4JL%2bvXLXyjidl%2b25IsKIMV%2b/LLar0N968DMuB%2bzXGvZ9AgHwMsDV%0ascSy3kol43s1tC9TynLIgn7NtFhwLl/y%2bIley76e2YAqR5K1IRKq/KcfxPTB3UmH%0aSywx/zF65vZ8u1%2bxs1RvX7TY5iIXa6HYaoihZjn/wtyyT6xAZtqpAvaJ0cBXruW%2b%0aESMDZ90%2bj3EBkgYSbFvTNeZM3nMc8PYHeDfWeBNLrWU%3d%0a&amp;PubCert=|ISP|14.63.49.220|phl113@naver.com|AEGIS_ISP_santaflo_20150608044934314684|]
INFO	[2015-06-08 04:49:34:314] <30654> Connect IP:[220.85.12.3] Port:[29760]
INFO	[2015-06-08 04:49:34:317] <30654> Socket Open OK
INFO	[2015-06-08 04:49:36:286] <30654> RecvMsg Length : [000071]
INFO	[2015-06-08 04:49:36:286] <30654> RecvMsg : [santaflo|0610|103554|62775866|100000|y|정상:12405|20150608135221|0100|
]
INFO	[2015-06-08 04:49:36:287] <30654> Socket Close OK
INFO	[2015-06-08 04:49:36:287] <30654> RecvMsg Length Check OK
INFO	[2015-06-08 04:49:36:287] <30654> Send & Recv Msg End
INFO	[2015-06-08 04:49:36:287] <30654> Send & Recv Msg OK
INFO	[2015-06-08 04:49:36:287] <30654> Parse Msg Start
INFO	[2015-06-08 04:49:36:287] <30654> card-isp RECV MSG Parsing OK 
INFO	[2015-06-08 04:49:36:287] <30654> Parse Msg End
INFO	[2015-06-08 04:49:36:287] <30654> Msg Parsing OK
INFO	[2015-06-08 04:49:36:287] <30654> card Pay Result Value [
INFO	[2015-06-08 04:49:36:287] <30654> NetCancID:AEGIS_ISP_santaflo_20150608044934314684
INFO	[2015-06-08 04:49:36:287] <30654> rStoreId:santaflo
INFO	[2015-06-08 04:49:36:287] <30654> rBusiCd:0610
INFO	[2015-06-08 04:49:36:287] <30654> rOrdNo:12405
INFO	[2015-06-08 04:49:36:287] <30654> rDealNo:103554
INFO	[2015-06-08 04:49:36:287] <30654> rApprNo:62775866
INFO	[2015-06-08 04:49:36:287] <30654> rProdNm:근조3단화환-기본형 (추모/애도/장례식)
INFO	[2015-06-08 04:49:36:287] <30654> rAmt:100000
INFO	[2015-06-08 04:49:36:287] <30654> rInstmt:00
INFO	[2015-06-08 04:49:36:287] <30654> rSuccYn:y
INFO	[2015-06-08 04:49:36:287] <30654> rResMsg:정상:12405
INFO	[2015-06-08 04:49:36:287] <30654> rApprTm:20150608135221
INFO	[2015-06-08 04:49:36:287] <30654> rCardCd:0100
INFO	[2015-06-08 04:49:36:287] <30654> ]
INFO	[2015-06-08 04:49:36:287] <30654> END  정상:12405 Transaction time:[1.975sec]
INFO	[2015-06-08 04:49:36:287] <30654> ===============================================================
INFO	[2015-06-08 08:45:52:214] <11415> ===============================================================
INFO	[2015-06-08 08:45:52:214] <11415> START AgsPay40 php (OS:Linux2.6.18-348.4.1.el5,PHP:5.5.17p1)
INFO	[2015-06-08 08:45:52:214] <11415> card Pay Start!
INFO	[2015-06-08 08:45:52:214] <11415> AgsPayHome:/home/hosting_users/santaflower1004/www/wp-content/plugins/woosym-korean-localization/includes/lib
INFO	[2015-06-08 08:45:52:214] <11415> StoreId:santaflo
INFO	[2015-06-08 08:45:52:214] <11415> log:true
INFO	[2015-06-08 08:45:52:214] <11415> logLevel:INFO
INFO	[2015-06-08 08:45:52:214] <11415> UseNetCancel:true
INFO	[2015-06-08 08:45:52:214] <11415> Type:Pay
INFO	[2015-06-08 08:45:52:214] <11415> RecvLen:7
INFO	[2015-06-08 08:45:52:214] <11415> AuthTy:card
INFO	[2015-06-08 08:45:52:214] <11415> SubTy:visa3d
INFO	[2015-06-08 08:45:52:214] <11415> OrdNo:12406
INFO	[2015-06-08 08:45:52:214] <11415> Amt:49410
INFO	[2015-06-08 08:45:52:214] <11415> UserEmail:santa@santaflower.co.kr
INFO	[2015-06-08 08:45:52:214] <11415> ProdNm:*베스트셀러* 오드리 헵번
INFO	[2015-06-08 08:45:52:214] <11415> MallUrl:http://santaflower.co.kr
INFO	[2015-06-08 08:45:52:214] <11415> UserId:1
INFO	[2015-06-08 08:45:52:214] <11415> OrdNm:산타
INFO	[2015-06-08 08:45:52:214] <11415> OrdPhone:1
INFO	[2015-06-08 08:45:52:214] <11415> OrdAddr:
INFO	[2015-06-08 08:45:52:214] <11415> RcpNm:santa@santaflower.co.kr
INFO	[2015-06-08 08:45:52:214] <11415> RcpPhone:1
INFO	[2015-06-08 08:45:52:214] <11415> DlvAddr:
INFO	[2015-06-08 08:45:52:214] <11415> Remark:
INFO	[2015-06-08 08:45:52:214] <11415> DeviId:9000400001
INFO	[2015-06-08 08:45:52:214] <11415> AuthYn:N;1.214.254.2;N;;49410;;;;;
INFO	[2015-06-08 08:45:52:214] <11415> Instmt:00
INFO	[2015-06-08 08:45:52:214] <11415> UserIp:1.214.254.2
INFO	[2015-06-08 08:45:52:214] <11415> partial_mm:
INFO	[2015-06-08 08:45:52:214] <11415> noIntMonth:
INFO	[2015-06-08 08:45:52:214] <11415> KVP_CURRENCY:WON
INFO	[2015-06-08 08:45:52:214] <11415> KVP_CARDCODE:
INFO	[2015-06-08 08:45:52:214] <11415> KVP_SESSIONKEY:
INFO	[2015-06-08 08:45:52:214] <11415> KVP_ENCDATA:
INFO	[2015-06-08 08:45:52:214] <11415> KVP_CONAME:
INFO	[2015-06-08 08:45:52:215] <11415> KVP_NOINT:
INFO	[2015-06-08 08:45:52:215] <11415> KVP_QUOTA:
INFO	[2015-06-08 08:45:52:215] <11415> CardNo:4518421186823543
INFO	[2015-06-08 08:45:52:215] <11415> MPI_CAVV:AAABCGWFEyAVBggXRYUTAAAAAAI=
INFO	[2015-06-08 08:45:52:215] <11415> MPI_ECI:05
INFO	[2015-06-08 08:45:52:215] <11415> MPI_MD64:MjAxNTA2MDgxNzU5Mjc2NjUxMjA=
INFO	[2015-06-08 08:45:52:215] <11415> ExpMon:12
INFO	[2015-06-08 08:45:52:215] <11415> ExpYear:2049
INFO	[2015-06-08 08:45:52:215] <11415> Passwd:
INFO	[2015-06-08 08:45:52:215] <11415> SocId:
INFO	[2015-06-08 08:45:52:215] <11415> ICHE_OUTBANKNAME:
INFO	[2015-06-08 08:45:52:215] <11415> ICHE_OUTACCTNO:
INFO	[2015-06-08 08:45:52:215] <11415> ICHE_OUTBANKMASTER:
INFO	[2015-06-08 08:45:52:215] <11415> ICHE_AMOUNT:
INFO	[2015-06-08 08:45:52:215] <11415> HP_SERVERINFO:
INFO	[2015-06-08 08:45:52:215] <11415> HP_HANDPHONE:
INFO	[2015-06-08 08:45:52:215] <11415> HP_COMPANY:
INFO	[2015-06-08 08:45:52:215] <11415> HP_ID:
INFO	[2015-06-08 08:45:52:215] <11415> HP_SUBID:
INFO	[2015-06-08 08:45:52:215] <11415> HP_UNITType:
INFO	[2015-06-08 08:45:52:215] <11415> HP_IDEN:
INFO	[2015-06-08 08:45:52:215] <11415> HP_IPADDR:
INFO	[2015-06-08 08:45:52:215] <11415> ARS_NAME:
INFO	[2015-06-08 08:45:52:215] <11415> ARS_PHONE:
INFO	[2015-06-08 08:45:52:215] <11415> VIRTUAL_CENTERCD:99
INFO	[2015-06-08 08:45:52:215] <11415> VIRTUAL_DEPODT:
INFO	[2015-06-08 08:45:52:215] <11415> ZuminCode:
INFO	[2015-06-08 08:45:52:215] <11415> MallPage:
INFO	[2015-06-08 08:45:52:215] <11415> VIRTUAL_NO:
INFO	[2015-06-08 08:45:52:215] <11415> ES_SENDNO:
INFO	[2015-06-08 08:45:52:215] <11415> ICHE_SOCKETYN:Y
INFO	[2015-06-08 08:45:52:215] <11415> ICHE_POSMTID:
INFO	[2015-06-08 08:45:52:215] <11415> ICHE_FNBCMTID:
INFO	[2015-06-08 08:45:52:215] <11415> ICHE_APTRTS:
INFO	[2015-06-08 08:45:52:215] <11415> ICHE_REMARK1:
INFO	[2015-06-08 08:45:52:215] <11415> ICHE_REMARK2:
INFO	[2015-06-08 08:45:52:215] <11415> ICHE_ECWYN:
INFO	[2015-06-08 08:45:52:215] <11415> ICHE_ECWID:
INFO	[2015-06-08 08:45:52:215] <11415> ICHE_ECWAMT1:
INFO	[2015-06-08 08:45:52:215] <11415> ICHE_ECWAMT2:
INFO	[2015-06-08 08:45:52:215] <11415> ICHE_CASHYN:N
INFO	[2015-06-08 08:45:52:215] <11415> ICHE_CASHGUBUN_CD:
INFO	[2015-06-08 08:45:52:215] <11415> ICHE_CASHID_NO:
INFO	[2015-06-08 08:45:52:215] <11415> ICHEARS_SOCKETYN:Y
INFO	[2015-06-08 08:45:52:215] <11415> ICHEARS_ADMNO:
INFO	[2015-06-08 08:45:52:215] <11415> ICHEARS_POSMTID:
INFO	[2015-06-08 08:45:52:215] <11415> ICHEARS_CENTERCD:
INFO	[2015-06-08 08:45:52:215] <11415> ICHEARS_HPNO:
INFO	[2015-06-08 08:45:52:215] <11415> Make NetCancel ID Start
INFO	[2015-06-08 08:45:52:215] <11415> AEGIS_VISAsantaflo_20150608084552215580
INFO	[2015-06-08 08:45:52:215] <11415> Make NetCancel ID End
INFO	[2015-06-08 08:45:52:215] <11415> Make NetCancelID OK
INFO	[2015-06-08 08:45:52:215] <11415> Make Msg Start
INFO	[2015-06-08 08:45:52:215] <11415> Encrypt Start
INFO	[2015-06-08 08:45:52:215] <11415> Encrypt End
INFO	[2015-06-08 08:45:52:215] <11415> Encrypt Start
INFO	[2015-06-08 08:45:52:215] <11415> Encrypt End
INFO	[2015-06-08 08:45:52:216] <11415> Encrypt Start
INFO	[2015-06-08 08:45:52:216] <11415> Encrypt End
INFO	[2015-06-08 08:45:52:216] <11415> Encrypt Start
INFO	[2015-06-08 08:45:52:216] <11415> Encrypt End
INFO	[2015-06-08 08:45:52:216] <11415> card-visa3d Make MSG OK 
INFO	[2015-06-08 08:45:52:216] <11415> Make Msg End
INFO	[2015-06-08 08:45:52:216] <11415> Make Pay Msg OK
INFO	[2015-06-08 08:45:52:216] <11415> Send & Recv Msg Start
INFO	[2015-06-08 08:45:52:216] <11415> Send Data To PG Start [ 
INFO	[2015-06-08 08:45:52:216] <11415> 0:0003200plug15
INFO	[2015-06-08 08:45:52:216] <11415> 1:santaflo
INFO	[2015-06-08 08:45:52:216] <11415> 2:1
INFO	[2015-06-08 08:45:52:216] <11415> 3:49410
INFO	[2015-06-08 08:45:52:216] <11415> 4:12406
INFO	[2015-06-08 08:45:52:216] <11415> 5:9000400001
INFO	[2015-06-08 08:45:52:216] <11415> 6:3194038774212239
INFO	[2015-06-08 08:45:52:216] <11415> 7:283587
INFO	[2015-06-08 08:45:52:216] <11415> 8:00
INFO	[2015-06-08 08:45:52:216] <11415> 9:N;1.214.254.2;N;;49410;;;;;
INFO	[2015-06-08 08:45:52:216] <11415> 10:
INFO	[2015-06-08 08:45:52:216] <11415> 11:
INFO	[2015-06-08 08:45:52:216] <11415> 12:santa@santaflower.co.kr
INFO	[2015-06-08 08:45:52:216] <11415> 13:1
INFO	[2015-06-08 08:45:52:216] <11415> 14:
INFO	[2015-06-08 08:45:52:216] <11415> 15:산타
INFO	[2015-06-08 08:45:52:216] <11415> 16:1.214.254.2;1
INFO	[2015-06-08 08:45:52:216] <11415> 17:santa@santaflower.co.kr;
INFO	[2015-06-08 08:45:52:216] <11415> 18:*베스트셀러* 오드리 헵번
INFO	[2015-06-08 08:45:52:216] <11415> 19:AAABCGWFEyAVBggXRYUTAAAAAAI=
INFO	[2015-06-08 08:45:52:216] <11415> 20:MjAxNTA2MDgxNzU5Mjc2NjUxMjA=
INFO	[2015-06-08 08:45:52:216] <11415> 21:05
INFO	[2015-06-08 08:45:52:216] <11415> 22:santa@santaflower.co.kr
INFO	[2015-06-08 08:45:52:216] <11415> 23:AEGIS_VISAsantaflo_20150608084552215580
INFO	[2015-06-08 08:45:52:216] <11415> 24:
INFO	[2015-06-08 08:45:52:216] <11415> ] Send Data To PG End 
INFO	[2015-06-08 08:45:52:216] <11415> SendMsg : [0003200plug15|santaflo|1|49410|12406|9000400001|3194038774212239|283587|00|N;1.214.254.2;N;;49410;;;;;|||santa@santaflower.co.kr|1||산타|1.214.254.2;1|santa@santaflower.co.kr;|*베스트셀러* 오드리 헵번|AAABCGWFEyAVBggXRYUTAAAAAAI=|MjAxNTA2MDgxNzU5Mjc2NjUxMjA=|05|santa@santaflower.co.kr|AEGIS_VISAsantaflo_20150608084552215580|]
INFO	[2015-06-08 08:45:52:216] <11415> Connect IP:[220.85.12.3] Port:[29760]
INFO	[2015-06-08 08:45:52:220] <11415> Socket Open OK
INFO	[2015-06-08 08:45:54:49] <11415> RecvMsg Length : [000105]
INFO	[2015-06-08 08:45:54:49] <11415> RecvMsg : [santaflo|0610|12406|03958942|000000049410|y|정상승인|신한|20150608174838|0500|18570317|0500|신한|518117|
]
INFO	[2015-06-08 08:45:54:49] <11415> Socket Close OK
INFO	[2015-06-08 08:45:54:49] <11415> RecvMsg Length Check OK
INFO	[2015-06-08 08:45:54:49] <11415> Send & Recv Msg End
INFO	[2015-06-08 08:45:54:49] <11415> Send & Recv Msg OK
INFO	[2015-06-08 08:45:54:49] <11415> Parse Msg Start
INFO	[2015-06-08 08:45:54:49] <11415> card-visa3d RECV MSG Parsing OK 
INFO	[2015-06-08 08:45:54:49] <11415> Parse Msg End
INFO	[2015-06-08 08:45:54:49] <11415> Msg Parsing OK
INFO	[2015-06-08 08:45:54:49] <11415> card Pay Result Value [
INFO	[2015-06-08 08:45:54:49] <11415> NetCancID:AEGIS_VISAsantaflo_20150608084552215580
INFO	[2015-06-08 08:45:54:49] <11415> rStoreId:santaflo
INFO	[2015-06-08 08:45:54:49] <11415> rBusiCd:0610
INFO	[2015-06-08 08:45:54:49] <11415> rOrdNo:12406
INFO	[2015-06-08 08:45:54:49] <11415> rApprNo:03958942
INFO	[2015-06-08 08:45:54:49] <11415> rInstmt:00
INFO	[2015-06-08 08:45:54:49] <11415> rAmt:000000049410
INFO	[2015-06-08 08:45:54:49] <11415> rSuccYn:y
INFO	[2015-06-08 08:45:54:49] <11415> rResMsg:정상승인
INFO	[2015-06-08 08:45:54:49] <11415> rCardNm:신한
INFO	[2015-06-08 08:45:54:49] <11415> rApprTm:20150608174838
INFO	[2015-06-08 08:45:54:49] <11415> rCardCd:0500
INFO	[2015-06-08 08:45:54:49] <11415> rMembNo:18570317
INFO	[2015-06-08 08:45:54:49] <11415> rAquiCd:0500
INFO	[2015-06-08 08:45:54:49] <11415> rAquiNm:신한
INFO	[2015-06-08 08:45:54:49] <11415> rDealNo:518117
INFO	[2015-06-08 08:45:54:49] <11415> rProdNm:*베스트셀러* 오드리 헵번
INFO	[2015-06-08 08:45:54:49] <11415> ]
INFO	[2015-06-08 08:45:54:49] <11415> END  정상승인 Transaction time:[1.836sec]
INFO	[2015-06-08 08:45:54:49] <11415> ===============================================================
