INFO	[2015-06-09 01:00:10:581] <12680> ===============================================================
INFO	[2015-06-09 01:00:10:581] <12680> START AgsPay40 php (OS:Linux2.6.18-348.4.1.el5,PHP:5.5.17p1)
INFO	[2015-06-09 01:00:10:581] <12680> card Pay Start!
INFO	[2015-06-09 01:00:10:581] <12680> AgsPayHome:/home/hosting_users/santaflower1004/www/wp-content/plugins/woosym-korean-localization/includes/lib
INFO	[2015-06-09 01:00:10:581] <12680> StoreId:santaflo
INFO	[2015-06-09 01:00:10:581] <12680> log:true
INFO	[2015-06-09 01:00:10:581] <12680> logLevel:INFO
INFO	[2015-06-09 01:00:10:581] <12680> UseNetCancel:true
INFO	[2015-06-09 01:00:10:581] <12680> Type:Pay
INFO	[2015-06-09 01:00:10:581] <12680> RecvLen:7
INFO	[2015-06-09 01:00:10:581] <12680> AuthTy:card
INFO	[2015-06-09 01:00:10:581] <12680> SubTy:isp
INFO	[2015-06-09 01:00:10:581] <12680> OrdNo:12407
INFO	[2015-06-09 01:00:10:581] <12680> Amt:49410
INFO	[2015-06-09 01:00:10:581] <12680> UserEmail:santa@santaflower.co.kr
INFO	[2015-06-09 01:00:10:581] <12680> ProdNm:*베스트셀러* 오드리 헵번
INFO	[2015-06-09 01:00:10:581] <12680> MallUrl:http://santaflower.co.kr
INFO	[2015-06-09 01:00:10:581] <12680> UserId:1
INFO	[2015-06-09 01:00:10:581] <12680> OrdNm:산타
INFO	[2015-06-09 01:00:10:581] <12680> OrdPhone:1
INFO	[2015-06-09 01:00:10:581] <12680> OrdAddr:
INFO	[2015-06-09 01:00:10:581] <12680> RcpNm:santa@santaflower.co.kr
INFO	[2015-06-09 01:00:10:581] <12680> RcpPhone:1
INFO	[2015-06-09 01:00:10:581] <12680> DlvAddr:
INFO	[2015-06-09 01:00:10:581] <12680> Remark:
INFO	[2015-06-09 01:00:10:581] <12680> DeviId:9000400001
INFO	[2015-06-09 01:00:10:581] <12680> AuthYn:N;182.219.155.213
INFO	[2015-06-09 01:00:10:581] <12680> Instmt:
INFO	[2015-06-09 01:00:10:581] <12680> UserIp:182.219.155.213
INFO	[2015-06-09 01:00:10:581] <12680> partial_mm:00
INFO	[2015-06-09 01:00:10:582] <12680> noIntMonth:
INFO	[2015-06-09 01:00:10:582] <12680> KVP_CURRENCY:WON
INFO	[2015-06-09 01:00:10:582] <12680> KVP_CARDCODE:040100202428681;182.219.155.213;N;;49410;;;;
INFO	[2015-06-09 01:00:10:582] <12680> KVP_SESSIONKEY:Aidnx7h+HItjMhpkGXYGjZhqqb6yxAX3S/nEgdLuIrIUopkly6B6tbcxD9/JeVj9 
c3H05VOoJRyWt5APYdKKh//23hsqoSHcj0R2iQAkrjw0pxJQ5GAsuKkpTF3mXUff 
L4F6IBc9sAMlq4OzB0H7z4oXtpzr4roe1BvjeH6L9bo= 

INFO	[2015-06-09 01:00:10:582] <12680> KVP_ENCDATA:Version=1.0&amp;KeyFlag=1&amp;KeyNum=1&amp;EncryptAlgorithm=SEED-CBC&amp;SignAlgorithm=&amp;Data=0pnjtdAyAKdNRsJELcKnUy47/bavZPCumPghOE9pbUyWgCaVJ6Fq4WTUMEI2Ftks%0aHH8y7l7sOT%2b3TNNUWV7LUx/FQvt/iscjJYUHEhFuHD1IBewq9eqvAaZ5qlbbXCxN%0aNs1Fco%2bEle4pWaXBZYa006yCxf2pkfcgqRCwFYGmTPG8XNcmC6FLl7Fly6fwW/aN%0aA9Rkcq3CpSvLWRRqbwaQc3cPDRfyH1BC25IV9L0Bn0tR2N9q8iF7d0W8fG2DRihD%0arJMJjiBv27jR67FWrffhdXXHYcfI0phiVUrmCv0LybPQAm9joKZgNe0SPpztfX8l%0aIab6w1jVrpJn2rk%2b4Heks52%2bw7YKr95TEbsKOCWI%2bGiWc%2bgwG3wifeoxYbztIfoL%0arecyCOoKFcPVOnuhyNavLqLXfl9Wv30dF9xnFeZNm%2bFuZ88yj0KnmwN%2bKgCFlgtR%0avBz2yUlBo7uQL5tYJ7jtPg6qSfyNlh98Q%2bx188ONdSHibDTRGjQU/rg2Wvj7UlYs%0amD0Py4foRmlp0y6oCxNzlx4qByhLmdTwzh0D%2bv9228vQe6Pk5ES853y0rKGeZvH4%0aEpVeRYlfI6%2bxOCvTluTYbsUDFFO2EU%2bBwucgaJSMKr0/eFUEVRuB3yH9CiwsZ1Xx%0aymC/mrV8QIp267rY18Uj8VZT1BIteu4vWxQ8ohILmfN0sdCkaJ%2bBeDdGtVzUzhJA%0azANHvpMhbFfKT6noSvSj8PdEXubdAH2Ibma4juUGCL4lh3G8JW6nCnDFF0PT%2bg6F%0a037CqNn%2b%2bC8ELk9PmFGzjvVse6VvWtOMmpCy/sfblzS2rumF5XvtV5pvUBRpsdUs%0aQn27Nbc88y4ZfIdAhKDVps9SjSndLb1weoQIKSk7H3w%3d%0a&amp;PubCert=
INFO	[2015-06-09 01:00:10:582] <12680> KVP_CONAME:ISP
INFO	[2015-06-09 01:00:10:582] <12680> KVP_NOINT:0
INFO	[2015-06-09 01:00:10:582] <12680> KVP_QUOTA:00
INFO	[2015-06-09 01:00:10:582] <12680> CardNo:
INFO	[2015-06-09 01:00:10:582] <12680> MPI_CAVV:
INFO	[2015-06-09 01:00:10:582] <12680> MPI_ECI:
INFO	[2015-06-09 01:00:10:582] <12680> MPI_MD64:
INFO	[2015-06-09 01:00:10:582] <12680> ExpMon:
INFO	[2015-06-09 01:00:10:582] <12680> ExpYear:
INFO	[2015-06-09 01:00:10:582] <12680> Passwd:
INFO	[2015-06-09 01:00:10:582] <12680> SocId:
INFO	[2015-06-09 01:00:10:582] <12680> ICHE_OUTBANKNAME:
INFO	[2015-06-09 01:00:10:582] <12680> ICHE_OUTACCTNO:
INFO	[2015-06-09 01:00:10:582] <12680> ICHE_OUTBANKMASTER:
INFO	[2015-06-09 01:00:10:582] <12680> ICHE_AMOUNT:
INFO	[2015-06-09 01:00:10:582] <12680> HP_SERVERINFO:
INFO	[2015-06-09 01:00:10:582] <12680> HP_HANDPHONE:
INFO	[2015-06-09 01:00:10:582] <12680> HP_COMPANY:
INFO	[2015-06-09 01:00:10:582] <12680> HP_ID:
INFO	[2015-06-09 01:00:10:582] <12680> HP_SUBID:
INFO	[2015-06-09 01:00:10:582] <12680> HP_UNITType:
INFO	[2015-06-09 01:00:10:582] <12680> HP_IDEN:
INFO	[2015-06-09 01:00:10:582] <12680> HP_IPADDR:
INFO	[2015-06-09 01:00:10:582] <12680> ARS_NAME:
INFO	[2015-06-09 01:00:10:582] <12680> ARS_PHONE:
INFO	[2015-06-09 01:00:10:582] <12680> VIRTUAL_CENTERCD:99
INFO	[2015-06-09 01:00:10:582] <12680> VIRTUAL_DEPODT:
INFO	[2015-06-09 01:00:10:582] <12680> ZuminCode:
INFO	[2015-06-09 01:00:10:582] <12680> MallPage:
INFO	[2015-06-09 01:00:10:582] <12680> VIRTUAL_NO:
INFO	[2015-06-09 01:00:10:582] <12680> ES_SENDNO:
INFO	[2015-06-09 01:00:10:582] <12680> ICHE_SOCKETYN:Y
INFO	[2015-06-09 01:00:10:582] <12680> ICHE_POSMTID:
INFO	[2015-06-09 01:00:10:582] <12680> ICHE_FNBCMTID:
INFO	[2015-06-09 01:00:10:582] <12680> ICHE_APTRTS:
INFO	[2015-06-09 01:00:10:582] <12680> ICHE_REMARK1:
INFO	[2015-06-09 01:00:10:582] <12680> ICHE_REMARK2:
INFO	[2015-06-09 01:00:10:582] <12680> ICHE_ECWYN:
INFO	[2015-06-09 01:00:10:582] <12680> ICHE_ECWID:
INFO	[2015-06-09 01:00:10:582] <12680> ICHE_ECWAMT1:
INFO	[2015-06-09 01:00:10:582] <12680> ICHE_ECWAMT2:
INFO	[2015-06-09 01:00:10:582] <12680> ICHE_CASHYN:N
INFO	[2015-06-09 01:00:10:582] <12680> ICHE_CASHGUBUN_CD:
INFO	[2015-06-09 01:00:10:582] <12680> ICHE_CASHID_NO:
INFO	[2015-06-09 01:00:10:582] <12680> ICHEARS_SOCKETYN:Y
INFO	[2015-06-09 01:00:10:582] <12680> ICHEARS_ADMNO:
INFO	[2015-06-09 01:00:10:582] <12680> ICHEARS_POSMTID:
INFO	[2015-06-09 01:00:10:582] <12680> ICHEARS_CENTERCD:
INFO	[2015-06-09 01:00:10:582] <12680> ICHEARS_HPNO:
INFO	[2015-06-09 01:00:10:582] <12680> Make NetCancel ID Start
INFO	[2015-06-09 01:00:10:582] <12680> AEGIS_ISP_santaflo_20150609010010582541
INFO	[2015-06-09 01:00:10:582] <12680> Make NetCancel ID End
INFO	[2015-06-09 01:00:10:582] <12680> Make NetCancelID OK
INFO	[2015-06-09 01:00:10:582] <12680> Make Msg Start
INFO	[2015-06-09 01:00:10:583] <12680> card-isp Make MSG OK 
INFO	[2015-06-09 01:00:10:583] <12680> Make Msg End
INFO	[2015-06-09 01:00:10:583] <12680> Make Pay Msg OK
INFO	[2015-06-09 01:00:10:583] <12680> Send & Recv Msg Start
INFO	[2015-06-09 01:00:10:583] <12680> Send Data To PG Start [ 
INFO	[2015-06-09 01:00:10:583] <12680> 0:0014842plug15
INFO	[2015-06-09 01:00:10:583] <12680> 1:santaflo
INFO	[2015-06-09 01:00:10:583] <12680> 2:1
INFO	[2015-06-09 01:00:10:583] <12680> 3:49410
INFO	[2015-06-09 01:00:10:583] <12680> 4:12407
INFO	[2015-06-09 01:00:10:583] <12680> 5:9000400001
INFO	[2015-06-09 01:00:10:583] <12680> 6:santa@santaflower.co.kr
INFO	[2015-06-09 01:00:10:583] <12680> 7:1
INFO	[2015-06-09 01:00:10:583] <12680> 8:
INFO	[2015-06-09 01:00:10:583] <12680> 9:산타
INFO	[2015-06-09 01:00:10:583] <12680> 10:1
INFO	[2015-06-09 01:00:10:583] <12680> 11:
INFO	[2015-06-09 01:00:10:583] <12680> 12:*베스트셀러* 오드리 헵번
INFO	[2015-06-09 01:00:10:583] <12680> 13:WON
INFO	[2015-06-09 01:00:10:583] <12680> 14:00
INFO	[2015-06-09 01:00:10:583] <12680> 15:
INFO	[2015-06-09 01:00:10:583] <12680> 16:040100202428681;182.219.155.213;N;;49410;;;;
INFO	[2015-06-09 01:00:10:583] <12680> 17:Aidnx7h+HItjMhpkGXYGjZhqqb6yxAX3S/nEgdLuIrIUopkly6B6tbcxD9/JeVj9 
c3H05VOoJRyWt5APYdKKh//23hsqoSHcj0R2iQAkrjw0pxJQ5GAsuKkpTF3mXUff 
L4F6IBc9sAMlq4OzB0H7z4oXtpzr4roe1BvjeH6L9bo= 

INFO	[2015-06-09 01:00:10:583] <12680> 18:Version=1.0&amp;KeyFlag=1&amp;KeyNum=1&amp;EncryptAlgorithm=SEED-CBC&amp;SignAlgorithm=&amp;Data=0pnjtdAyAKdNRsJELcKnUy47/bavZPCumPghOE9pbUyWgCaVJ6Fq4WTUMEI2Ftks%0aHH8y7l7sOT%2b3TNNUWV7LUx/FQvt/iscjJYUHEhFuHD1IBewq9eqvAaZ5qlbbXCxN%0aNs1Fco%2bEle4pWaXBZYa006yCxf2pkfcgqRCwFYGmTPG8XNcmC6FLl7Fly6fwW/aN%0aA9Rkcq3CpSvLWRRqbwaQc3cPDRfyH1BC25IV9L0Bn0tR2N9q8iF7d0W8fG2DRihD%0arJMJjiBv27jR67FWrffhdXXHYcfI0phiVUrmCv0LybPQAm9joKZgNe0SPpztfX8l%0aIab6w1jVrpJn2rk%2b4Heks52%2bw7YKr95TEbsKOCWI%2bGiWc%2bgwG3wifeoxYbztIfoL%0arecyCOoKFcPVOnuhyNavLqLXfl9Wv30dF9xnFeZNm%2bFuZ88yj0KnmwN%2bKgCFlgtR%0avBz2yUlBo7uQL5tYJ7jtPg6qSfyNlh98Q%2bx188ONdSHibDTRGjQU/rg2Wvj7UlYs%0amD0Py4foRmlp0y6oCxNzlx4qByhLmdTwzh0D%2bv9228vQe6Pk5ES853y0rKGeZvH4%0aEpVeRYlfI6%2bxOCvTluTYbsUDFFO2EU%2bBwucgaJSMKr0/eFUEVRuB3yH9CiwsZ1Xx%0aymC/mrV8QIp267rY18Uj8VZT1BIteu4vWxQ8ohILmfN0sdCkaJ%2bBeDdGtVzUzhJA%0azANHvpMhbFfKT6noSvSj8PdEXubdAH2Ibma4juUGCL4lh3G8JW6nCnDFF0PT%2bg6F%0a037CqNn%2b%2bC8ELk9PmFGzjvVse6VvWtOMmpCy/sfblzS2rumF5XvtV5pvUBRpsdUs%0aQn27Nbc88y4ZfIdAhKDVps9SjSndLb1weoQIKSk7H3w%3d%0a&amp;PubCert=
INFO	[2015-06-09 01:00:10:583] <12680> 19:ISP
INFO	[2015-06-09 01:00:10:583] <12680> 20:182.219.155.213
INFO	[2015-06-09 01:00:10:583] <12680> 21:santa@santaflower.co.kr
INFO	[2015-06-09 01:00:10:583] <12680> 22:AEGIS_ISP_santaflo_20150609010010582541
INFO	[2015-06-09 01:00:10:583] <12680> 23:
INFO	[2015-06-09 01:00:10:583] <12680> ] Send Data To PG End 
INFO	[2015-06-09 01:00:10:583] <12680> SendMsg : [0014842plug15|santaflo|1|49410|12407|9000400001|santa@santaflower.co.kr|1||산타|1||*베스트셀러* 오드리 헵번|WON|00||040100202428681;182.219.155.213;N;;49410;;;;|Aidnx7h+HItjMhpkGXYGjZhqqb6yxAX3S/nEgdLuIrIUopkly6B6tbcxD9/JeVj9 
c3H05VOoJRyWt5APYdKKh//23hsqoSHcj0R2iQAkrjw0pxJQ5GAsuKkpTF3mXUff 
L4F6IBc9sAMlq4OzB0H7z4oXtpzr4roe1BvjeH6L9bo= 
|Version=1.0&amp;KeyFlag=1&amp;KeyNum=1&amp;EncryptAlgorithm=SEED-CBC&amp;SignAlgorithm=&amp;Data=0pnjtdAyAKdNRsJELcKnUy47/bavZPCumPghOE9pbUyWgCaVJ6Fq4WTUMEI2Ftks%0aHH8y7l7sOT%2b3TNNUWV7LUx/FQvt/iscjJYUHEhFuHD1IBewq9eqvAaZ5qlbbXCxN%0aNs1Fco%2bEle4pWaXBZYa006yCxf2pkfcgqRCwFYGmTPG8XNcmC6FLl7Fly6fwW/aN%0aA9Rkcq3CpSvLWRRqbwaQc3cPDRfyH1BC25IV9L0Bn0tR2N9q8iF7d0W8fG2DRihD%0arJMJjiBv27jR67FWrffhdXXHYcfI0phiVUrmCv0LybPQAm9joKZgNe0SPpztfX8l%0aIab6w1jVrpJn2rk%2b4Heks52%2bw7YKr95TEbsKOCWI%2bGiWc%2bgwG3wifeoxYbztIfoL%0arecyCOoKFcPVOnuhyNavLqLXfl9Wv30dF9xnFeZNm%2bFuZ88yj0KnmwN%2bKgCFlgtR%0avBz2yUlBo7uQL5tYJ7jtPg6qSfyNlh98Q%2bx188ONdSHibDTRGjQU/rg2Wvj7UlYs%0amD0Py4foRmlp0y6oCxNzlx4qByhLmdTwzh0D%2bv9228vQe6Pk5ES853y0rKGeZvH4%0aEpVeRYlfI6%2bxOCvTluTYbsUDFFO2EU%2bBwucgaJSMKr0/eFUEVRuB3yH9CiwsZ1Xx%0aymC/mrV8QIp267rY18Uj8VZT1BIteu4vWxQ8ohILmfN0sdCkaJ%2bBeDdGtVzUzhJA%0azANHvpMhbFfKT6noSvSj8PdEXubdAH2Ibma4juUGCL4lh3G8JW6nCnDFF0PT%2bg6F%0a037CqNn%2b%2bC8ELk9PmFGzjvVse6VvWtOMmpCy/sfblzS2rumF5XvtV5pvUBRpsdUs%0aQn27Nbc88y4ZfIdAhKDVps9SjSndLb1weoQIKSk7H3w%3d%0a&amp;PubCert=|ISP|182.219.155.213|santa@santaflower.co.kr|AEGIS_ISP_santaflo_20150609010010582541|]
INFO	[2015-06-09 01:00:10:583] <12680> Connect IP:[220.85.12.3] Port:[29760]
INFO	[2015-06-09 01:00:10:587] <12680> Socket Open OK
INFO	[2015-06-09 01:00:13:357] <12680> RecvMsg Length : [000070]
INFO	[2015-06-09 01:00:13:357] <12680> RecvMsg : [santaflo|0610|101730|65603990|49410|y|정상:12407|20150609095404|0100|
]
INFO	[2015-06-09 01:00:13:357] <12680> Socket Close OK
INFO	[2015-06-09 01:00:13:357] <12680> RecvMsg Length Check OK
INFO	[2015-06-09 01:00:13:357] <12680> Send & Recv Msg End
INFO	[2015-06-09 01:00:13:357] <12680> Send & Recv Msg OK
INFO	[2015-06-09 01:00:13:357] <12680> Parse Msg Start
INFO	[2015-06-09 01:00:13:357] <12680> card-isp RECV MSG Parsing OK 
INFO	[2015-06-09 01:00:13:357] <12680> Parse Msg End
INFO	[2015-06-09 01:00:13:357] <12680> Msg Parsing OK
INFO	[2015-06-09 01:00:13:357] <12680> card Pay Result Value [
INFO	[2015-06-09 01:00:13:357] <12680> NetCancID:AEGIS_ISP_santaflo_20150609010010582541
INFO	[2015-06-09 01:00:13:357] <12680> rStoreId:santaflo
INFO	[2015-06-09 01:00:13:357] <12680> rBusiCd:0610
INFO	[2015-06-09 01:00:13:357] <12680> rOrdNo:12407
INFO	[2015-06-09 01:00:13:357] <12680> rDealNo:101730
INFO	[2015-06-09 01:00:13:357] <12680> rApprNo:65603990
INFO	[2015-06-09 01:00:13:357] <12680> rProdNm:*베스트셀러* 오드리 헵번
INFO	[2015-06-09 01:00:13:357] <12680> rAmt:49410
INFO	[2015-06-09 01:00:13:357] <12680> rInstmt:00
INFO	[2015-06-09 01:00:13:357] <12680> rSuccYn:y
INFO	[2015-06-09 01:00:13:357] <12680> rResMsg:정상:12407
INFO	[2015-06-09 01:00:13:357] <12680> rApprTm:20150609095404
INFO	[2015-06-09 01:00:13:357] <12680> rCardCd:0100
INFO	[2015-06-09 01:00:13:357] <12680> ]
INFO	[2015-06-09 01:00:13:357] <12680> END  정상:12407 Transaction time:[2.776sec]
INFO	[2015-06-09 01:00:13:357] <12680> ===============================================================
