INFO	[2015-06-12 13:50:43:73] <9985> ===============================================================
INFO	[2015-06-12 13:50:43:73] <9985> START AgsPay40 php (OS:Linux2.6.32-431.5.1.el6.x86_64,PHP:5.3.3)
INFO	[2015-06-12 13:50:43:73] <9985> card Pay Start!
INFO	[2015-06-12 13:50:43:73] <9985> AgsPayHome:/var/zpanel/hostdata/test1/public_html/wp-content/plugins/woosym-korean-localization/includes/lib
INFO	[2015-06-12 13:50:43:73] <9985> StoreId:aegis
INFO	[2015-06-12 13:50:43:73] <9985> log:true
INFO	[2015-06-12 13:50:43:73] <9985> logLevel:INFO
INFO	[2015-06-12 13:50:43:73] <9985> UseNetCancel:true
INFO	[2015-06-12 13:50:43:73] <9985> Type:Pay
INFO	[2015-06-12 13:50:43:73] <9985> RecvLen:7
INFO	[2015-06-12 13:50:43:73] <9985> AuthTy:card
INFO	[2015-06-12 13:50:43:73] <9985> SubTy:isp
INFO	[2015-06-12 13:50:43:73] <9985> OrdNo:1620
INFO	[2015-06-12 13:50:43:73] <9985> Amt:54000
INFO	[2015-06-12 13:50:43:73] <9985> UserEmail:kimhi65@gmail.com
INFO	[2015-06-12 13:50:43:73] <9985> ProdNm:구기자
INFO	[2015-06-12 13:50:43:73] <9985> MallUrl:http://www.allthegate.com
INFO	[2015-06-12 13:50:43:73] <9985> UserId:1
INFO	[2015-06-12 13:50:43:73] <9985> OrdNm:전소장
INFO	[2015-06-12 13:50:43:73] <9985> OrdPhone:010-5260-9961
INFO	[2015-06-12 13:50:43:73] <9985> OrdAddr:
INFO	[2015-06-12 13:50:43:73] <9985> RcpNm:kimhi65@gmail.com
INFO	[2015-06-12 13:50:43:73] <9985> RcpPhone:010-5260-9961
INFO	[2015-06-12 13:50:43:73] <9985> DlvAddr:
INFO	[2015-06-12 13:50:43:73] <9985> Remark:
INFO	[2015-06-12 13:50:43:73] <9985> DeviId:9000400001
INFO	[2015-06-12 13:50:43:73] <9985> AuthYn:N;182.219.155.213
INFO	[2015-06-12 13:50:43:73] <9985> Instmt:
INFO	[2015-06-12 13:50:43:73] <9985> UserIp:182.219.155.213
INFO	[2015-06-12 13:50:43:73] <9985> partial_mm:00
INFO	[2015-06-12 13:50:43:73] <9985> noIntMonth:
INFO	[2015-06-12 13:50:43:73] <9985> KVP_CURRENCY:WON
INFO	[2015-06-12 13:50:43:73] <9985> KVP_CARDCODE:040100202428681;182.219.155.213;N;;54000;;;;
INFO	[2015-06-12 13:50:43:73] <9985> KVP_SESSIONKEY:BgPUDUim8W18zVbTJjwo/wWuLvvsmtQ66yYh2c1zFhPbTxiN6ExfXID6/yMxSWeh

HgSmGBxuLfPfQRAiqDcP5taaoQE4ZYX//SqZl/14syxmddUEY+NdVbmFLIpQIpJE

vd+YZfgspG+QJ9LPvVXd/On63egMWnGFDn/E9T50HbM=


INFO	[2015-06-12 13:50:43:73] <9985> KVP_ENCDATA:Version=1.0&amp;KeyFlag=1&amp;KeyNum=1&amp;EncryptAlgorithm=SEED-CBC&amp;SignAlgorithm=&amp;Data=5/ZBP9rQv/5kjJ7idiz1a8D6epaLwFKEBMCnzY1yGNzJaQNNzSdWvkmviVQnNEnI%0a4FvTsIAyo%2bAmmQAkUZFF8zg%2boqrJPQbVNZJBfeb%2bhGTYfYnFx5j0Z6FmyLjkDr2e%0aGhrbtxmk4vSs/2nI/a%2bYKwz0sVhCf9RyXf%2baoXzQHOaBiPZjHuy9mSZunUBzta%2b4%0aSMzL/JQ2Yqybujo1VzIa7DRmDYsD16rbtUlftC7Y5U4KxoMKDNCA6mebc9i9PVnv%0azeDSslinTOY7mX9UXS/fgnzkBv9w4qTflKt/4KpXLeP1U%2b2u7w9QMIbXT9kTuRJM%0aWinCkGiQCDU1MrUYrn%2br9PeRDjuSL0R/HThABOPH9kYzoSPCScKQrsW5T3sBhvSN%0a7ut0qJXSSHsr4BlOT01vhwxC8i0IOpOOJz1nmJEQxI/cJZoYa6nscSEwwi6nyLpu%0akzaSlpYB6vCqynn%2bn0a9RCXTLVreypMX1izotQNcfbuSp0dSbTFQLWzd27SWPmCw%0adJUGJ7IvC1Ow6EjXWeFgx9uxeg9u0AoGw6XzbwQ%2bvSC1xjqaVCPsp54Qt7nGA8a2%0a0SQI3AHNKdwgXrOE022xQx84SbEXAqkTPHrdE9rLFFViw83b6jTjdDKlOU/4EMyO%0a8%2bYuOrl09E6o0kLCmiDBDMuPEg/9n/FKzpHwxW%2bQD/M9c6N%2b8vOCB4zyjUlhinFg%0a8Qta7OJeID%2bJ2lOimA3u/CCozvfffDSTJlr1XhGRWOY0BfZ4Xdtjbe7/HQMjROtn%0aIFMS0DoEtdcjMWVeHdhXmoh4NqnkoDiS6UnCcey/fdhxh5i/2VJhe87Flk98VWo0%0aQEvIn08gmR97aKZTEd45MAkkCiO8WqDL7DQPWzFzlpI%3d%0a&amp;PubCert=
INFO	[2015-06-12 13:50:43:73] <9985> KVP_CONAME:ISP
INFO	[2015-06-12 13:50:43:73] <9985> KVP_NOINT:0
INFO	[2015-06-12 13:50:43:73] <9985> KVP_QUOTA:00
INFO	[2015-06-12 13:50:43:73] <9985> CardNo:
INFO	[2015-06-12 13:50:43:73] <9985> MPI_CAVV:
INFO	[2015-06-12 13:50:43:73] <9985> MPI_ECI:
INFO	[2015-06-12 13:50:43:73] <9985> MPI_MD64:
INFO	[2015-06-12 13:50:43:73] <9985> ExpMon:
INFO	[2015-06-12 13:50:43:73] <9985> ExpYear:
INFO	[2015-06-12 13:50:43:73] <9985> Passwd:
INFO	[2015-06-12 13:50:43:73] <9985> SocId:
INFO	[2015-06-12 13:50:43:73] <9985> ICHE_OUTBANKNAME:
INFO	[2015-06-12 13:50:43:73] <9985> ICHE_OUTACCTNO:
INFO	[2015-06-12 13:50:43:73] <9985> ICHE_OUTBANKMASTER:
INFO	[2015-06-12 13:50:43:73] <9985> ICHE_AMOUNT:
INFO	[2015-06-12 13:50:43:73] <9985> HP_SERVERINFO:
INFO	[2015-06-12 13:50:43:73] <9985> HP_HANDPHONE:
INFO	[2015-06-12 13:50:43:73] <9985> HP_COMPANY:
INFO	[2015-06-12 13:50:43:73] <9985> HP_ID:
INFO	[2015-06-12 13:50:43:73] <9985> HP_SUBID:
INFO	[2015-06-12 13:50:43:73] <9985> HP_UNITType:
INFO	[2015-06-12 13:50:43:73] <9985> HP_IDEN:
INFO	[2015-06-12 13:50:43:73] <9985> HP_IPADDR:
INFO	[2015-06-12 13:50:43:73] <9985> ARS_NAME:
INFO	[2015-06-12 13:50:43:73] <9985> ARS_PHONE:
INFO	[2015-06-12 13:50:43:73] <9985> VIRTUAL_CENTERCD:99
INFO	[2015-06-12 13:50:43:73] <9985> VIRTUAL_DEPODT:
INFO	[2015-06-12 13:50:43:73] <9985> ZuminCode:
INFO	[2015-06-12 13:50:43:73] <9985> MallPage:
INFO	[2015-06-12 13:50:43:73] <9985> VIRTUAL_NO:
INFO	[2015-06-12 13:50:43:73] <9985> ES_SENDNO:
INFO	[2015-06-12 13:50:43:73] <9985> ICHE_SOCKETYN:Y
INFO	[2015-06-12 13:50:43:73] <9985> ICHE_POSMTID:
INFO	[2015-06-12 13:50:43:73] <9985> ICHE_FNBCMTID:
INFO	[2015-06-12 13:50:43:73] <9985> ICHE_APTRTS:
INFO	[2015-06-12 13:50:43:73] <9985> ICHE_REMARK1:
INFO	[2015-06-12 13:50:43:73] <9985> ICHE_REMARK2:
INFO	[2015-06-12 13:50:43:73] <9985> ICHE_ECWYN:
INFO	[2015-06-12 13:50:43:73] <9985> ICHE_ECWID:
INFO	[2015-06-12 13:50:43:73] <9985> ICHE_ECWAMT1:
INFO	[2015-06-12 13:50:43:73] <9985> ICHE_ECWAMT2:
INFO	[2015-06-12 13:50:43:73] <9985> ICHE_CASHYN:N
INFO	[2015-06-12 13:50:43:73] <9985> ICHE_CASHGUBUN_CD:
INFO	[2015-06-12 13:50:43:73] <9985> ICHE_CASHID_NO:
INFO	[2015-06-12 13:50:43:73] <9985> ICHEARS_SOCKETYN:Y
INFO	[2015-06-12 13:50:43:73] <9985> ICHEARS_ADMNO:
INFO	[2015-06-12 13:50:43:73] <9985> ICHEARS_POSMTID:
INFO	[2015-06-12 13:50:43:73] <9985> ICHEARS_CENTERCD:
INFO	[2015-06-12 13:50:43:73] <9985> ICHEARS_HPNO:
INFO	[2015-06-12 13:50:43:73] <9985> Make NetCancel ID Start
INFO	[2015-06-12 13:50:43:73] <9985> AEGIS_ISP_aegis_20150612135043073938
INFO	[2015-06-12 13:50:43:73] <9985> Make NetCancel ID End
INFO	[2015-06-12 13:50:43:73] <9985> Make NetCancelID OK
INFO	[2015-06-12 13:50:43:73] <9985> Make Msg Start
INFO	[2015-06-12 13:50:43:73] <9985> card-isp Make MSG OK 
INFO	[2015-06-12 13:50:43:73] <9985> Make Msg End
INFO	[2015-06-12 13:50:43:73] <9985> Make Pay Msg OK
INFO	[2015-06-12 13:50:43:73] <9985> Send & Recv Msg Start
INFO	[2015-06-12 13:50:43:73] <9985> Send Data To PG Start [ 
INFO	[2015-06-12 13:50:43:73] <9985> 0:0014722plug15
INFO	[2015-06-12 13:50:43:73] <9985> 1:aegis
INFO	[2015-06-12 13:50:43:73] <9985> 2:1
INFO	[2015-06-12 13:50:43:73] <9985> 3:54000
INFO	[2015-06-12 13:50:43:73] <9985> 4:1620
INFO	[2015-06-12 13:50:43:73] <9985> 5:9000400001
INFO	[2015-06-12 13:50:43:73] <9985> 6:kimhi65@gmail.com
INFO	[2015-06-12 13:50:43:73] <9985> 7:010-5260-9961
INFO	[2015-06-12 13:50:43:73] <9985> 8:
INFO	[2015-06-12 13:50:43:73] <9985> 9:전소장
INFO	[2015-06-12 13:50:43:73] <9985> 10:010-5260-9961
INFO	[2015-06-12 13:50:43:73] <9985> 11:
INFO	[2015-06-12 13:50:43:73] <9985> 12:구기자
INFO	[2015-06-12 13:50:43:73] <9985> 13:WON
INFO	[2015-06-12 13:50:43:73] <9985> 14:00
INFO	[2015-06-12 13:50:43:73] <9985> 15:
INFO	[2015-06-12 13:50:43:73] <9985> 16:040100202428681;182.219.155.213;N;;54000;;;;
INFO	[2015-06-12 13:50:43:73] <9985> 17:BgPUDUim8W18zVbTJjwo/wWuLvvsmtQ66yYh2c1zFhPbTxiN6ExfXID6/yMxSWeh

HgSmGBxuLfPfQRAiqDcP5taaoQE4ZYX//SqZl/14syxmddUEY+NdVbmFLIpQIpJE

vd+YZfgspG+QJ9LPvVXd/On63egMWnGFDn/E9T50HbM=


INFO	[2015-06-12 13:50:43:73] <9985> 18:Version=1.0&amp;KeyFlag=1&amp;KeyNum=1&amp;EncryptAlgorithm=SEED-CBC&amp;SignAlgorithm=&amp;Data=5/ZBP9rQv/5kjJ7idiz1a8D6epaLwFKEBMCnzY1yGNzJaQNNzSdWvkmviVQnNEnI%0a4FvTsIAyo%2bAmmQAkUZFF8zg%2boqrJPQbVNZJBfeb%2bhGTYfYnFx5j0Z6FmyLjkDr2e%0aGhrbtxmk4vSs/2nI/a%2bYKwz0sVhCf9RyXf%2baoXzQHOaBiPZjHuy9mSZunUBzta%2b4%0aSMzL/JQ2Yqybujo1VzIa7DRmDYsD16rbtUlftC7Y5U4KxoMKDNCA6mebc9i9PVnv%0azeDSslinTOY7mX9UXS/fgnzkBv9w4qTflKt/4KpXLeP1U%2b2u7w9QMIbXT9kTuRJM%0aWinCkGiQCDU1MrUYrn%2br9PeRDjuSL0R/HThABOPH9kYzoSPCScKQrsW5T3sBhvSN%0a7ut0qJXSSHsr4BlOT01vhwxC8i0IOpOOJz1nmJEQxI/cJZoYa6nscSEwwi6nyLpu%0akzaSlpYB6vCqynn%2bn0a9RCXTLVreypMX1izotQNcfbuSp0dSbTFQLWzd27SWPmCw%0adJUGJ7IvC1Ow6EjXWeFgx9uxeg9u0AoGw6XzbwQ%2bvSC1xjqaVCPsp54Qt7nGA8a2%0a0SQI3AHNKdwgXrOE022xQx84SbEXAqkTPHrdE9rLFFViw83b6jTjdDKlOU/4EMyO%0a8%2bYuOrl09E6o0kLCmiDBDMuPEg/9n/FKzpHwxW%2bQD/M9c6N%2b8vOCB4zyjUlhinFg%0a8Qta7OJeID%2bJ2lOimA3u/CCozvfffDSTJlr1XhGRWOY0BfZ4Xdtjbe7/HQMjROtn%0aIFMS0DoEtdcjMWVeHdhXmoh4NqnkoDiS6UnCcey/fdhxh5i/2VJhe87Flk98VWo0%0aQEvIn08gmR97aKZTEd45MAkkCiO8WqDL7DQPWzFzlpI%3d%0a&amp;PubCert=
INFO	[2015-06-12 13:50:43:73] <9985> 19:ISP
INFO	[2015-06-12 13:50:43:73] <9985> 20:182.219.155.213
INFO	[2015-06-12 13:50:43:73] <9985> 21:kimhi65@gmail.com
INFO	[2015-06-12 13:50:43:73] <9985> 22:AEGIS_ISP_aegis_20150612135043073938
INFO	[2015-06-12 13:50:43:73] <9985> 23:
INFO	[2015-06-12 13:50:43:73] <9985> ] Send Data To PG End 
INFO	[2015-06-12 13:50:43:73] <9985> SendMsg : [0014722plug15|aegis|1|54000|1620|9000400001|kimhi65@gmail.com|010-5260-9961||전소장|010-5260-9961||구기자|WON|00||040100202428681;182.219.155.213;N;;54000;;;;|BgPUDUim8W18zVbTJjwo/wWuLvvsmtQ66yYh2c1zFhPbTxiN6ExfXID6/yMxSWeh

HgSmGBxuLfPfQRAiqDcP5taaoQE4ZYX//SqZl/14syxmddUEY+NdVbmFLIpQIpJE

vd+YZfgspG+QJ9LPvVXd/On63egMWnGFDn/E9T50HbM=

|Version=1.0&amp;KeyFlag=1&amp;KeyNum=1&amp;EncryptAlgorithm=SEED-CBC&amp;SignAlgorithm=&amp;Data=5/ZBP9rQv/5kjJ7idiz1a8D6epaLwFKEBMCnzY1yGNzJaQNNzSdWvkmviVQnNEnI%0a4FvTsIAyo%2bAmmQAkUZFF8zg%2boqrJPQbVNZJBfeb%2bhGTYfYnFx5j0Z6FmyLjkDr2e%0aGhrbtxmk4vSs/2nI/a%2bYKwz0sVhCf9RyXf%2baoXzQHOaBiPZjHuy9mSZunUBzta%2b4%0aSMzL/JQ2Yqybujo1VzIa7DRmDYsD16rbtUlftC7Y5U4KxoMKDNCA6mebc9i9PVnv%0azeDSslinTOY7mX9UXS/fgnzkBv9w4qTflKt/4KpXLeP1U%2b2u7w9QMIbXT9kTuRJM%0aWinCkGiQCDU1MrUYrn%2br9PeRDjuSL0R/HThABOPH9kYzoSPCScKQrsW5T3sBhvSN%0a7ut0qJXSSHsr4BlOT01vhwxC8i0IOpOOJz1nmJEQxI/cJZoYa6nscSEwwi6nyLpu%0akzaSlpYB6vCqynn%2bn0a9RCXTLVreypMX1izotQNcfbuSp0dSbTFQLWzd27SWPmCw%0adJUGJ7IvC1Ow6EjXWeFgx9uxeg9u0AoGw6XzbwQ%2bvSC1xjqaVCPsp54Qt7nGA8a2%0a0SQI3AHNKdwgXrOE022xQx84SbEXAqkTPHrdE9rLFFViw83b6jTjdDKlOU/4EMyO%0a8%2bYuOrl09E6o0kLCmiDBDMuPEg/9n/FKzpHwxW%2bQD/M9c6N%2b8vOCB4zyjUlhinFg%0a8Qta7OJeID%2bJ2lOimA3u/CCozvfffDSTJlr1XhGRWOY0BfZ4Xdtjbe7/HQMjROtn%0aIFMS0DoEtdcjMWVeHdhXmoh4NqnkoDiS6UnCcey/fdhxh5i/2VJhe87Flk98VWo0%0aQEvIn08gmR97aKZTEd45MAkkCiO8WqDL7DQPWzFzlpI%3d%0a&amp;PubCert=|ISP|182.219.155.213|kimhi65@gmail.com|AEGIS_ISP_aegis_20150612135043073938|]
INFO	[2015-06-12 13:50:43:73] <9985> Connect IP:[220.85.12.3] Port:[29760]
INFO	[2015-06-12 13:50:43:79] <9985> Socket Open OK
INFO	[2015-06-12 13:50:44:365] <9985> RecvMsg Length : [000066]
INFO	[2015-06-12 13:50:44:365] <9985> RecvMsg : [aegis|0610|106483|10136434|54000|y|정상:1620|20150612225611|0100|
]
INFO	[2015-06-12 13:50:44:365] <9985> Socket Close OK
INFO	[2015-06-12 13:50:44:365] <9985> RecvMsg Length Check OK
INFO	[2015-06-12 13:50:44:365] <9985> Send & Recv Msg End
INFO	[2015-06-12 13:50:44:365] <9985> Send & Recv Msg OK
INFO	[2015-06-12 13:50:44:365] <9985> Parse Msg Start
INFO	[2015-06-12 13:50:44:365] <9985> card-isp RECV MSG Parsing OK 
INFO	[2015-06-12 13:50:44:365] <9985> Parse Msg End
INFO	[2015-06-12 13:50:44:365] <9985> Msg Parsing OK
INFO	[2015-06-12 13:50:44:365] <9985> card Pay Result Value [
INFO	[2015-06-12 13:50:44:365] <9985> NetCancID:AEGIS_ISP_aegis_20150612135043073938
INFO	[2015-06-12 13:50:44:365] <9985> rStoreId:aegis
INFO	[2015-06-12 13:50:44:365] <9985> rBusiCd:0610
INFO	[2015-06-12 13:50:44:365] <9985> rOrdNo:1620
INFO	[2015-06-12 13:50:44:365] <9985> rDealNo:106483
INFO	[2015-06-12 13:50:44:365] <9985> rApprNo:10136434
INFO	[2015-06-12 13:50:44:365] <9985> rProdNm:구기자
INFO	[2015-06-12 13:50:44:365] <9985> rAmt:54000
INFO	[2015-06-12 13:50:44:365] <9985> rInstmt:00
INFO	[2015-06-12 13:50:44:365] <9985> rSuccYn:y
INFO	[2015-06-12 13:50:44:365] <9985> rResMsg:정상:1620
INFO	[2015-06-12 13:50:44:365] <9985> rApprTm:20150612225611
INFO	[2015-06-12 13:50:44:365] <9985> rCardCd:0100
INFO	[2015-06-12 13:50:44:365] <9985> ]
INFO	[2015-06-12 13:50:44:365] <9985> END  정상:1620 Transaction time:[1.293sec]
INFO	[2015-06-12 13:50:44:365] <9985> ===============================================================
INFO	[2015-06-12 13:54:57:801] <9844> ===============================================================
INFO	[2015-06-12 13:54:57:801] <9844> START AgsPay40 php (OS:Linux2.6.32-431.5.1.el6.x86_64,PHP:5.3.3)
INFO	[2015-06-12 13:54:57:801] <9844> card Pay Start!
INFO	[2015-06-12 13:54:57:801] <9844> AgsPayHome:/var/zpanel/hostdata/test1/public_html/wp-content/plugins/woosym-korean-localization/includes/lib
INFO	[2015-06-12 13:54:57:801] <9844> StoreId:aegis
INFO	[2015-06-12 13:54:57:801] <9844> log:true
INFO	[2015-06-12 13:54:57:801] <9844> logLevel:INFO
INFO	[2015-06-12 13:54:57:801] <9844> UseNetCancel:true
INFO	[2015-06-12 13:54:57:801] <9844> Type:Pay
INFO	[2015-06-12 13:54:57:801] <9844> RecvLen:7
INFO	[2015-06-12 13:54:57:801] <9844> AuthTy:card
INFO	[2015-06-12 13:54:57:801] <9844> SubTy:isp
INFO	[2015-06-12 13:54:57:801] <9844> OrdNo:1621
INFO	[2015-06-12 13:54:57:801] <9844> Amt:18000
INFO	[2015-06-12 13:54:57:801] <9844> UserEmail:kimhi65@gmail.com
INFO	[2015-06-12 13:54:57:801] <9844> ProdNm:구기자
INFO	[2015-06-12 13:54:57:801] <9844> MallUrl:http://www.allthegate.com
INFO	[2015-06-12 13:54:57:801] <9844> UserId:1
INFO	[2015-06-12 13:54:57:801] <9844> OrdNm:전소장
INFO	[2015-06-12 13:54:57:801] <9844> OrdPhone:010-5260-9961
INFO	[2015-06-12 13:54:57:801] <9844> OrdAddr:
INFO	[2015-06-12 13:54:57:801] <9844> RcpNm:kimhi65@gmail.com
INFO	[2015-06-12 13:54:57:801] <9844> RcpPhone:010-5260-9961
INFO	[2015-06-12 13:54:57:801] <9844> DlvAddr:
INFO	[2015-06-12 13:54:57:801] <9844> Remark:
INFO	[2015-06-12 13:54:57:801] <9844> DeviId:9000400001
INFO	[2015-06-12 13:54:57:801] <9844> AuthYn:N;182.219.155.213
INFO	[2015-06-12 13:54:57:801] <9844> Instmt:
INFO	[2015-06-12 13:54:57:801] <9844> UserIp:182.219.155.213
INFO	[2015-06-12 13:54:57:801] <9844> partial_mm:00
INFO	[2015-06-12 13:54:57:802] <9844> noIntMonth:
INFO	[2015-06-12 13:54:57:802] <9844> KVP_CURRENCY:WON
INFO	[2015-06-12 13:54:57:802] <9844> KVP_CARDCODE:040100202428681;182.219.155.213;N;;18000;;;;
INFO	[2015-06-12 13:54:57:802] <9844> KVP_SESSIONKEY:TWb4vgojQ7RQN7RE3MSeNTzUOLPnG3uEwie+3LLG2/0m+KnWWF5YODxp9owBPug7

6GiOilyusbVCHPraVEEosEZIVJYjz+9GOBtoZ1Y4Zh6VF4gCxjnEh2a9tJVxklxf

WCp8fFyiwRztERlJgekPY/YhsSRKbeRxZ/Z4GVGubWk=


INFO	[2015-06-12 13:54:57:802] <9844> KVP_ENCDATA:Version=1.0&amp;KeyFlag=1&amp;KeyNum=1&amp;EncryptAlgorithm=SEED-CBC&amp;SignAlgorithm=&amp;Data=bwngumZWjqNRnvNv08BeZZmFcse2mKb0wz7kG3PuXruiCnIbAh3dqhbH%2bplgA3kF%0aJFGSeOn1TCk98SyikHTK8YNGmv42lrHZ3sOdh839R2MrJETPlK404mXpdFig48uU%0ak%2bKLJqvE3tFA2QbnbsHYG0h1pEuaFj%2bN%2bggusYfWNoRv%2bYS2/vFofguO9E30dWkB%0aAz%2bPayz0AbkQIjnxYI%2bHVaGGwhB%2bxiQUCoKgNGOYqcgyzhUZKpi3y1fdNe4YhVqw%0a4R1ql8lW33C0PPmNsK2pAPymEiG%2bQfkQlzio7X5t5W9/kiKWVb4wWPfbcKrOR6Sz%0ay0j41jWTScgeWrvjEAyhSDYvE1qsbTUsxP8YaIx0CoplLS4LNdPdzEvbYmfpgUzw%0aSVYa/OWmHwn4ndcjXTWRqkhIEP/9bqYRZ7irNUV8/Cf%2bDVY3yCWEJWSc83Nzx0ux%0akmkr2HxtJ%2bMQUGvc%2bp4V285EpUzDCuzsJM6OmhzgNr/7ga6xBb3cQ6BFxsPbitek%0ayTBVHHeElYjHSwGF7KbKeIuf/2bGadrnZaf5vCRxuUTZQ16L4FzWUzgidX%2bAGcti%0a74eHsqmcsTA1Gb111kPJ4cXU7RbShedl4uXWKGJlZ9H9UxL7h6N9vK0VTOfZBctT%0aggHS/BOhRlw7rj6h3wyc4ngjYYjDgh4xFtZ%2bRjW9NkqfWqPRxc6wvhw%2bKSfwcBYi%0aAbFUbbPyHrlI2OgAFN0CAdGd0OqqP%2b/YBLwYJxQWQ3BFF7pS5jiiKy5iTKBJ8Ri1%0aoDL6tHRaKpw/if0IrTmyGPVFRlBRv0m72711aEQxAmvjsG1yBypIwuEQgPSJAWme%0aiq8awWh7l76eJ264/1eGQg%3d%3d%0a&amp;PubCert=
INFO	[2015-06-12 13:54:57:802] <9844> KVP_CONAME:ISP
INFO	[2015-06-12 13:54:57:802] <9844> KVP_NOINT:0
INFO	[2015-06-12 13:54:57:802] <9844> KVP_QUOTA:00
INFO	[2015-06-12 13:54:57:802] <9844> CardNo:
INFO	[2015-06-12 13:54:57:802] <9844> MPI_CAVV:
INFO	[2015-06-12 13:54:57:802] <9844> MPI_ECI:
INFO	[2015-06-12 13:54:57:802] <9844> MPI_MD64:
INFO	[2015-06-12 13:54:57:802] <9844> ExpMon:
INFO	[2015-06-12 13:54:57:802] <9844> ExpYear:
INFO	[2015-06-12 13:54:57:802] <9844> Passwd:
INFO	[2015-06-12 13:54:57:802] <9844> SocId:
INFO	[2015-06-12 13:54:57:802] <9844> ICHE_OUTBANKNAME:
INFO	[2015-06-12 13:54:57:802] <9844> ICHE_OUTACCTNO:
INFO	[2015-06-12 13:54:57:802] <9844> ICHE_OUTBANKMASTER:
INFO	[2015-06-12 13:54:57:802] <9844> ICHE_AMOUNT:
INFO	[2015-06-12 13:54:57:802] <9844> HP_SERVERINFO:
INFO	[2015-06-12 13:54:57:802] <9844> HP_HANDPHONE:
INFO	[2015-06-12 13:54:57:802] <9844> HP_COMPANY:
INFO	[2015-06-12 13:54:57:802] <9844> HP_ID:
INFO	[2015-06-12 13:54:57:802] <9844> HP_SUBID:
INFO	[2015-06-12 13:54:57:802] <9844> HP_UNITType:
INFO	[2015-06-12 13:54:57:802] <9844> HP_IDEN:
INFO	[2015-06-12 13:54:57:802] <9844> HP_IPADDR:
INFO	[2015-06-12 13:54:57:802] <9844> ARS_NAME:
INFO	[2015-06-12 13:54:57:802] <9844> ARS_PHONE:
INFO	[2015-06-12 13:54:57:802] <9844> VIRTUAL_CENTERCD:99
INFO	[2015-06-12 13:54:57:802] <9844> VIRTUAL_DEPODT:
INFO	[2015-06-12 13:54:57:802] <9844> ZuminCode:
INFO	[2015-06-12 13:54:57:802] <9844> MallPage:
INFO	[2015-06-12 13:54:57:802] <9844> VIRTUAL_NO:
INFO	[2015-06-12 13:54:57:802] <9844> ES_SENDNO:
INFO	[2015-06-12 13:54:57:802] <9844> ICHE_SOCKETYN:Y
INFO	[2015-06-12 13:54:57:802] <9844> ICHE_POSMTID:
INFO	[2015-06-12 13:54:57:802] <9844> ICHE_FNBCMTID:
INFO	[2015-06-12 13:54:57:802] <9844> ICHE_APTRTS:
INFO	[2015-06-12 13:54:57:802] <9844> ICHE_REMARK1:
INFO	[2015-06-12 13:54:57:802] <9844> ICHE_REMARK2:
INFO	[2015-06-12 13:54:57:802] <9844> ICHE_ECWYN:
INFO	[2015-06-12 13:54:57:802] <9844> ICHE_ECWID:
INFO	[2015-06-12 13:54:57:802] <9844> ICHE_ECWAMT1:
INFO	[2015-06-12 13:54:57:802] <9844> ICHE_ECWAMT2:
INFO	[2015-06-12 13:54:57:802] <9844> ICHE_CASHYN:N
INFO	[2015-06-12 13:54:57:802] <9844> ICHE_CASHGUBUN_CD:
INFO	[2015-06-12 13:54:57:802] <9844> ICHE_CASHID_NO:
INFO	[2015-06-12 13:54:57:802] <9844> ICHEARS_SOCKETYN:Y
INFO	[2015-06-12 13:54:57:802] <9844> ICHEARS_ADMNO:
INFO	[2015-06-12 13:54:57:802] <9844> ICHEARS_POSMTID:
INFO	[2015-06-12 13:54:57:802] <9844> ICHEARS_CENTERCD:
INFO	[2015-06-12 13:54:57:802] <9844> ICHEARS_HPNO:
INFO	[2015-06-12 13:54:57:802] <9844> Make NetCancel ID Start
INFO	[2015-06-12 13:54:57:802] <9844> AEGIS_ISP_aegis_20150612135457802941
INFO	[2015-06-12 13:54:57:802] <9844> Make NetCancel ID End
INFO	[2015-06-12 13:54:57:802] <9844> Make NetCancelID OK
INFO	[2015-06-12 13:54:57:802] <9844> Make Msg Start
INFO	[2015-06-12 13:54:57:802] <9844> card-isp Make MSG OK 
INFO	[2015-06-12 13:54:57:802] <9844> Make Msg End
INFO	[2015-06-12 13:54:57:802] <9844> Make Pay Msg OK
INFO	[2015-06-12 13:54:57:802] <9844> Send & Recv Msg Start
INFO	[2015-06-12 13:54:57:802] <9844> Send Data To PG Start [ 
INFO	[2015-06-12 13:54:57:802] <9844> 0:0014582plug15
INFO	[2015-06-12 13:54:57:802] <9844> 1:aegis
INFO	[2015-06-12 13:54:57:802] <9844> 2:1
INFO	[2015-06-12 13:54:57:802] <9844> 3:18000
INFO	[2015-06-12 13:54:57:802] <9844> 4:1621
INFO	[2015-06-12 13:54:57:802] <9844> 5:9000400001
INFO	[2015-06-12 13:54:57:802] <9844> 6:kimhi65@gmail.com
INFO	[2015-06-12 13:54:57:802] <9844> 7:010-5260-9961
INFO	[2015-06-12 13:54:57:802] <9844> 8:
INFO	[2015-06-12 13:54:57:802] <9844> 9:전소장
INFO	[2015-06-12 13:54:57:802] <9844> 10:010-5260-9961
INFO	[2015-06-12 13:54:57:802] <9844> 11:
INFO	[2015-06-12 13:54:57:802] <9844> 12:구기자
INFO	[2015-06-12 13:54:57:802] <9844> 13:WON
INFO	[2015-06-12 13:54:57:802] <9844> 14:00
INFO	[2015-06-12 13:54:57:802] <9844> 15:
INFO	[2015-06-12 13:54:57:802] <9844> 16:040100202428681;182.219.155.213;N;;18000;;;;
INFO	[2015-06-12 13:54:57:802] <9844> 17:TWb4vgojQ7RQN7RE3MSeNTzUOLPnG3uEwie+3LLG2/0m+KnWWF5YODxp9owBPug7

6GiOilyusbVCHPraVEEosEZIVJYjz+9GOBtoZ1Y4Zh6VF4gCxjnEh2a9tJVxklxf

WCp8fFyiwRztERlJgekPY/YhsSRKbeRxZ/Z4GVGubWk=


INFO	[2015-06-12 13:54:57:802] <9844> 18:Version=1.0&amp;KeyFlag=1&amp;KeyNum=1&amp;EncryptAlgorithm=SEED-CBC&amp;SignAlgorithm=&amp;Data=bwngumZWjqNRnvNv08BeZZmFcse2mKb0wz7kG3PuXruiCnIbAh3dqhbH%2bplgA3kF%0aJFGSeOn1TCk98SyikHTK8YNGmv42lrHZ3sOdh839R2MrJETPlK404mXpdFig48uU%0ak%2bKLJqvE3tFA2QbnbsHYG0h1pEuaFj%2bN%2bggusYfWNoRv%2bYS2/vFofguO9E30dWkB%0aAz%2bPayz0AbkQIjnxYI%2bHVaGGwhB%2bxiQUCoKgNGOYqcgyzhUZKpi3y1fdNe4YhVqw%0a4R1ql8lW33C0PPmNsK2pAPymEiG%2bQfkQlzio7X5t5W9/kiKWVb4wWPfbcKrOR6Sz%0ay0j41jWTScgeWrvjEAyhSDYvE1qsbTUsxP8YaIx0CoplLS4LNdPdzEvbYmfpgUzw%0aSVYa/OWmHwn4ndcjXTWRqkhIEP/9bqYRZ7irNUV8/Cf%2bDVY3yCWEJWSc83Nzx0ux%0akmkr2HxtJ%2bMQUGvc%2bp4V285EpUzDCuzsJM6OmhzgNr/7ga6xBb3cQ6BFxsPbitek%0ayTBVHHeElYjHSwGF7KbKeIuf/2bGadrnZaf5vCRxuUTZQ16L4FzWUzgidX%2bAGcti%0a74eHsqmcsTA1Gb111kPJ4cXU7RbShedl4uXWKGJlZ9H9UxL7h6N9vK0VTOfZBctT%0aggHS/BOhRlw7rj6h3wyc4ngjYYjDgh4xFtZ%2bRjW9NkqfWqPRxc6wvhw%2bKSfwcBYi%0aAbFUbbPyHrlI2OgAFN0CAdGd0OqqP%2b/YBLwYJxQWQ3BFF7pS5jiiKy5iTKBJ8Ri1%0aoDL6tHRaKpw/if0IrTmyGPVFRlBRv0m72711aEQxAmvjsG1yBypIwuEQgPSJAWme%0aiq8awWh7l76eJ264/1eGQg%3d%3d%0a&amp;PubCert=
INFO	[2015-06-12 13:54:57:802] <9844> 19:ISP
INFO	[2015-06-12 13:54:57:802] <9844> 20:182.219.155.213
INFO	[2015-06-12 13:54:57:802] <9844> 21:kimhi65@gmail.com
INFO	[2015-06-12 13:54:57:802] <9844> 22:AEGIS_ISP_aegis_20150612135457802941
INFO	[2015-06-12 13:54:57:802] <9844> 23:
INFO	[2015-06-12 13:54:57:802] <9844> ] Send Data To PG End 
INFO	[2015-06-12 13:54:57:802] <9844> SendMsg : [0014582plug15|aegis|1|18000|1621|9000400001|kimhi65@gmail.com|010-5260-9961||전소장|010-5260-9961||구기자|WON|00||040100202428681;182.219.155.213;N;;18000;;;;|TWb4vgojQ7RQN7RE3MSeNTzUOLPnG3uEwie+3LLG2/0m+KnWWF5YODxp9owBPug7

6GiOilyusbVCHPraVEEosEZIVJYjz+9GOBtoZ1Y4Zh6VF4gCxjnEh2a9tJVxklxf

WCp8fFyiwRztERlJgekPY/YhsSRKbeRxZ/Z4GVGubWk=

|Version=1.0&amp;KeyFlag=1&amp;KeyNum=1&amp;EncryptAlgorithm=SEED-CBC&amp;SignAlgorithm=&amp;Data=bwngumZWjqNRnvNv08BeZZmFcse2mKb0wz7kG3PuXruiCnIbAh3dqhbH%2bplgA3kF%0aJFGSeOn1TCk98SyikHTK8YNGmv42lrHZ3sOdh839R2MrJETPlK404mXpdFig48uU%0ak%2bKLJqvE3tFA2QbnbsHYG0h1pEuaFj%2bN%2bggusYfWNoRv%2bYS2/vFofguO9E30dWkB%0aAz%2bPayz0AbkQIjnxYI%2bHVaGGwhB%2bxiQUCoKgNGOYqcgyzhUZKpi3y1fdNe4YhVqw%0a4R1ql8lW33C0PPmNsK2pAPymEiG%2bQfkQlzio7X5t5W9/kiKWVb4wWPfbcKrOR6Sz%0ay0j41jWTScgeWrvjEAyhSDYvE1qsbTUsxP8YaIx0CoplLS4LNdPdzEvbYmfpgUzw%0aSVYa/OWmHwn4ndcjXTWRqkhIEP/9bqYRZ7irNUV8/Cf%2bDVY3yCWEJWSc83Nzx0ux%0akmkr2HxtJ%2bMQUGvc%2bp4V285EpUzDCuzsJM6OmhzgNr/7ga6xBb3cQ6BFxsPbitek%0ayTBVHHeElYjHSwGF7KbKeIuf/2bGadrnZaf5vCRxuUTZQ16L4FzWUzgidX%2bAGcti%0a74eHsqmcsTA1Gb111kPJ4cXU7RbShedl4uXWKGJlZ9H9UxL7h6N9vK0VTOfZBctT%0aggHS/BOhRlw7rj6h3wyc4ngjYYjDgh4xFtZ%2bRjW9NkqfWqPRxc6wvhw%2bKSfwcBYi%0aAbFUbbPyHrlI2OgAFN0CAdGd0OqqP%2b/YBLwYJxQWQ3BFF7pS5jiiKy5iTKBJ8Ri1%0aoDL6tHRaKpw/if0IrTmyGPVFRlBRv0m72711aEQxAmvjsG1yBypIwuEQgPSJAWme%0aiq8awWh7l76eJ264/1eGQg%3d%3d%0a&amp;PubCert=|ISP|182.219.155.213|kimhi65@gmail.com|AEGIS_ISP_aegis_20150612135457802941|]
INFO	[2015-06-12 13:54:57:802] <9844> Connect IP:[220.85.12.3] Port:[29760]
INFO	[2015-06-12 13:54:57:808] <9844> Socket Open OK
INFO	[2015-06-12 13:54:59:195] <9844> RecvMsg Length : [000066]
INFO	[2015-06-12 13:54:59:195] <9844> RecvMsg : [aegis|0610|106518|10136435|18000|y|정상:1621|20150612230026|0100|
]
INFO	[2015-06-12 13:54:59:195] <9844> Socket Close OK
INFO	[2015-06-12 13:54:59:195] <9844> RecvMsg Length Check OK
INFO	[2015-06-12 13:54:59:195] <9844> Send & Recv Msg End
INFO	[2015-06-12 13:54:59:195] <9844> Send & Recv Msg OK
INFO	[2015-06-12 13:54:59:195] <9844> Parse Msg Start
INFO	[2015-06-12 13:54:59:195] <9844> card-isp RECV MSG Parsing OK 
INFO	[2015-06-12 13:54:59:195] <9844> Parse Msg End
INFO	[2015-06-12 13:54:59:195] <9844> Msg Parsing OK
INFO	[2015-06-12 13:54:59:195] <9844> card Pay Result Value [
INFO	[2015-06-12 13:54:59:195] <9844> NetCancID:AEGIS_ISP_aegis_20150612135457802941
INFO	[2015-06-12 13:54:59:195] <9844> rStoreId:aegis
INFO	[2015-06-12 13:54:59:195] <9844> rBusiCd:0610
INFO	[2015-06-12 13:54:59:196] <9844> rOrdNo:1621
INFO	[2015-06-12 13:54:59:196] <9844> rDealNo:106518
INFO	[2015-06-12 13:54:59:196] <9844> rApprNo:10136435
INFO	[2015-06-12 13:54:59:196] <9844> rProdNm:구기자
INFO	[2015-06-12 13:54:59:196] <9844> rAmt:18000
INFO	[2015-06-12 13:54:59:196] <9844> rInstmt:00
INFO	[2015-06-12 13:54:59:196] <9844> rSuccYn:y
INFO	[2015-06-12 13:54:59:196] <9844> rResMsg:정상:1621
INFO	[2015-06-12 13:54:59:196] <9844> rApprTm:20150612230026
INFO	[2015-06-12 13:54:59:196] <9844> rCardCd:0100
INFO	[2015-06-12 13:54:59:196] <9844> ]
INFO	[2015-06-12 13:54:59:196] <9844> END  정상:1621 Transaction time:[1.395sec]
INFO	[2015-06-12 13:54:59:197] <9844> ===============================================================
INFO	[2015-06-12 14:20:33:58] <11271> ===============================================================
INFO	[2015-06-12 14:20:33:58] <11271> START AgsPay40 php (OS:Linux2.6.32-431.5.1.el6.x86_64,PHP:5.3.3)
INFO	[2015-06-12 14:20:33:58] <11271> card Pay Start!
INFO	[2015-06-12 14:20:33:58] <11271> AgsPayHome:/var/zpanel/hostdata/test1/public_html/wp-content/plugins/woosym-korean-localization/includes/lib/homeags
INFO	[2015-06-12 14:20:33:58] <11271> StoreId:aegis
INFO	[2015-06-12 14:20:33:58] <11271> log:true
INFO	[2015-06-12 14:20:33:58] <11271> logLevel:INFO
INFO	[2015-06-12 14:20:33:58] <11271> UseNetCancel:true
INFO	[2015-06-12 14:20:33:58] <11271> Type:Pay
INFO	[2015-06-12 14:20:33:59] <11271> RecvLen:7
INFO	[2015-06-12 14:20:33:59] <11271> AuthTy:card
INFO	[2015-06-12 14:20:33:59] <11271> SubTy:isp
INFO	[2015-06-12 14:20:33:59] <11271> OrdNo:1625
INFO	[2015-06-12 14:20:33:59] <11271> Amt:18000
INFO	[2015-06-12 14:20:33:59] <11271> UserEmail:kimhi65@gmail.com
INFO	[2015-06-12 14:20:33:59] <11271> ProdNm:구기자
INFO	[2015-06-12 14:20:33:59] <11271> MallUrl:http://www.allthegate.com
INFO	[2015-06-12 14:20:33:59] <11271> UserId:1
INFO	[2015-06-12 14:20:33:59] <11271> OrdNm:전소장
INFO	[2015-06-12 14:20:33:59] <11271> OrdPhone:010-5260-9961
INFO	[2015-06-12 14:20:33:59] <11271> OrdAddr:
INFO	[2015-06-12 14:20:33:59] <11271> RcpNm:kimhi65@gmail.com
INFO	[2015-06-12 14:20:33:59] <11271> RcpPhone:010-5260-9961
INFO	[2015-06-12 14:20:33:59] <11271> DlvAddr:
INFO	[2015-06-12 14:20:33:59] <11271> Remark:
INFO	[2015-06-12 14:20:33:59] <11271> DeviId:9000400001
INFO	[2015-06-12 14:20:33:59] <11271> AuthYn:N;182.219.155.213
INFO	[2015-06-12 14:20:33:59] <11271> Instmt:
INFO	[2015-06-12 14:20:33:59] <11271> UserIp:182.219.155.213
INFO	[2015-06-12 14:20:33:59] <11271> partial_mm:00
INFO	[2015-06-12 14:20:33:59] <11271> noIntMonth:
INFO	[2015-06-12 14:20:33:59] <11271> KVP_CURRENCY:WON
INFO	[2015-06-12 14:20:33:59] <11271> KVP_CARDCODE:040100202428681;182.219.155.213;N;;18000;;;;
INFO	[2015-06-12 14:20:33:59] <11271> KVP_SESSIONKEY:H5gv+mVd+3nlz0CAt3vW1vOP6jvexDq4FDQGDwbkTQ5kF9dzqWOegEbsiZst1C/5

L9ipALTZFHpR/BrKnW3KOPBmgc8YpNMpvajWm4EbmCF7ExeZOZkk4sfqh0jeOMGH

KlxLnF9oo4K0swyPXHtb4diIhCay0xLpTClzn9p7fGM=


INFO	[2015-06-12 14:20:33:59] <11271> KVP_ENCDATA:Version=1.0&amp;KeyFlag=1&amp;KeyNum=1&amp;EncryptAlgorithm=SEED-CBC&amp;SignAlgorithm=&amp;Data=izaLho2fm/dKE/ZRByHbHXjOt3OgnCYVFMAW6eINQitfuQOQlyc0k9UlYDJJMrOr%0abm8XcuE%2bvf2cNlRIgLWSygcojeOeRuUtAy8ONzTtEclSZJVPpQj/4H74v4jkKjaK%0aMNceWxtE%2b5R8GFOHIZnOnF2n44Wd%2bJNWafqdRWykBVXmrvddbPriMi7qL/c6qvVb%0abxP9ebFbFzjm%2bQTBdZbejcSqc%2bmOVUn5SqXIwFW5bknltAosTVvnXlbny%2bJp/BOo%0aWWCSjWcG6cml/%2bP/DUHoyo67V%2b9d/I1dUYffDlOjFtfdo8oThg3VKnNLqIykk8w8%0akZULQRtBt%2bFWHHfLnBa02udnDMZktuI3ijiRfMyEuGOpEUFRMH40FF8i8ql089dH%0aI%2byWas3/MbtcjsYZJHKReeIqI3j7dVEe8xmwB8mFAKzts0GYMVuCYlK%2b2IeTtty0%0arCaLJFtThFK0TJlIBXiDMscfYoX9QyW515EvxGCE6MQ0cNE3RKd0OiZMXTzUh7jJ%0an3pOOiy8/0vozAwho4tfso%2b4AwHcwZBA0bsN%2bJezHBjZKJaIZSnlFGav4lQpQnoO%0a%2bOMPBYi69/0Yw8w/1PLK7Pgad3NZZ8uB0J63gGI8qEoW9VDMwLsaRivCOrViiPDh%0aLnz0UGRoBWTIo4XABwzDPDbiVEv6x9WZ94gJtRidq699AO0HuFi9JPQ3N%2bASo//9%0alhGTc3q8LMxn8JCzWO/xOnjconOncm7nmykcGAZTs9Bzc/X/iZy/OZDfDOTbApjV%0aJuHizR1aLwOCUpUo6HmD7p68juNQCt7gWn35pEb9g8BjvUuNtB4qVo958U0M8/sh%0aeCpm5tPu%2b0zrpyk3F/csfw%3d%3d%0a&amp;PubCert=
INFO	[2015-06-12 14:20:33:59] <11271> KVP_CONAME:ISP
INFO	[2015-06-12 14:20:33:59] <11271> KVP_NOINT:0
INFO	[2015-06-12 14:20:33:59] <11271> KVP_QUOTA:00
INFO	[2015-06-12 14:20:33:59] <11271> CardNo:
INFO	[2015-06-12 14:20:33:59] <11271> MPI_CAVV:
INFO	[2015-06-12 14:20:33:59] <11271> MPI_ECI:
INFO	[2015-06-12 14:20:33:59] <11271> MPI_MD64:
INFO	[2015-06-12 14:20:33:59] <11271> ExpMon:
INFO	[2015-06-12 14:20:33:59] <11271> ExpYear:
INFO	[2015-06-12 14:20:33:59] <11271> Passwd:
INFO	[2015-06-12 14:20:33:59] <11271> SocId:
INFO	[2015-06-12 14:20:33:59] <11271> ICHE_OUTBANKNAME:
INFO	[2015-06-12 14:20:33:59] <11271> ICHE_OUTACCTNO:
INFO	[2015-06-12 14:20:33:59] <11271> ICHE_OUTBANKMASTER:
INFO	[2015-06-12 14:20:33:59] <11271> ICHE_AMOUNT:
INFO	[2015-06-12 14:20:33:59] <11271> HP_SERVERINFO:
INFO	[2015-06-12 14:20:33:59] <11271> HP_HANDPHONE:
INFO	[2015-06-12 14:20:33:59] <11271> HP_COMPANY:
INFO	[2015-06-12 14:20:33:59] <11271> HP_ID:
INFO	[2015-06-12 14:20:33:59] <11271> HP_SUBID:
INFO	[2015-06-12 14:20:33:59] <11271> HP_UNITType:
INFO	[2015-06-12 14:20:33:59] <11271> HP_IDEN:
INFO	[2015-06-12 14:20:33:59] <11271> HP_IPADDR:
INFO	[2015-06-12 14:20:33:59] <11271> ARS_NAME:
INFO	[2015-06-12 14:20:33:59] <11271> ARS_PHONE:
INFO	[2015-06-12 14:20:33:59] <11271> VIRTUAL_CENTERCD:99
INFO	[2015-06-12 14:20:33:59] <11271> VIRTUAL_DEPODT:
INFO	[2015-06-12 14:20:33:59] <11271> ZuminCode:
INFO	[2015-06-12 14:20:33:59] <11271> MallPage:
INFO	[2015-06-12 14:20:33:59] <11271> VIRTUAL_NO:
INFO	[2015-06-12 14:20:33:59] <11271> ES_SENDNO:
INFO	[2015-06-12 14:20:33:59] <11271> ICHE_SOCKETYN:Y
INFO	[2015-06-12 14:20:33:59] <11271> ICHE_POSMTID:
INFO	[2015-06-12 14:20:33:59] <11271> ICHE_FNBCMTID:
INFO	[2015-06-12 14:20:33:59] <11271> ICHE_APTRTS:
INFO	[2015-06-12 14:20:33:59] <11271> ICHE_REMARK1:
INFO	[2015-06-12 14:20:33:59] <11271> ICHE_REMARK2:
INFO	[2015-06-12 14:20:33:59] <11271> ICHE_ECWYN:
INFO	[2015-06-12 14:20:33:59] <11271> ICHE_ECWID:
INFO	[2015-06-12 14:20:33:59] <11271> ICHE_ECWAMT1:
INFO	[2015-06-12 14:20:33:59] <11271> ICHE_ECWAMT2:
INFO	[2015-06-12 14:20:33:59] <11271> ICHE_CASHYN:N
INFO	[2015-06-12 14:20:33:59] <11271> ICHE_CASHGUBUN_CD:
INFO	[2015-06-12 14:20:33:59] <11271> ICHE_CASHID_NO:
INFO	[2015-06-12 14:20:33:59] <11271> ICHEARS_SOCKETYN:Y
INFO	[2015-06-12 14:20:33:59] <11271> ICHEARS_ADMNO:
INFO	[2015-06-12 14:20:33:59] <11271> ICHEARS_POSMTID:
INFO	[2015-06-12 14:20:33:59] <11271> ICHEARS_CENTERCD:
INFO	[2015-06-12 14:20:33:59] <11271> ICHEARS_HPNO:
INFO	[2015-06-12 14:20:33:59] <11271> Make NetCancel ID Start
INFO	[2015-06-12 14:20:33:59] <11271> AEGIS_ISP_aegis_20150612142033059643
INFO	[2015-06-12 14:20:33:59] <11271> Make NetCancel ID End
INFO	[2015-06-12 14:20:33:59] <11271> Make NetCancelID OK
INFO	[2015-06-12 14:20:33:59] <11271> Make Msg Start
INFO	[2015-06-12 14:20:33:59] <11271> card-isp Make MSG OK 
INFO	[2015-06-12 14:20:33:59] <11271> Make Msg End
INFO	[2015-06-12 14:20:33:59] <11271> Make Pay Msg OK
INFO	[2015-06-12 14:20:33:59] <11271> Send & Recv Msg Start
INFO	[2015-06-12 14:20:33:59] <11271> Send Data To PG Start [ 
INFO	[2015-06-12 14:20:33:59] <11271> 0:0014582plug15
INFO	[2015-06-12 14:20:33:59] <11271> 1:aegis
INFO	[2015-06-12 14:20:33:59] <11271> 2:1
INFO	[2015-06-12 14:20:33:59] <11271> 3:18000
INFO	[2015-06-12 14:20:33:59] <11271> 4:1625
INFO	[2015-06-12 14:20:33:59] <11271> 5:9000400001
INFO	[2015-06-12 14:20:33:59] <11271> 6:kimhi65@gmail.com
INFO	[2015-06-12 14:20:33:59] <11271> 7:010-5260-9961
INFO	[2015-06-12 14:20:33:59] <11271> 8:
INFO	[2015-06-12 14:20:33:59] <11271> 9:전소장
INFO	[2015-06-12 14:20:33:59] <11271> 10:010-5260-9961
INFO	[2015-06-12 14:20:33:59] <11271> 11:
INFO	[2015-06-12 14:20:33:59] <11271> 12:구기자
INFO	[2015-06-12 14:20:33:59] <11271> 13:WON
INFO	[2015-06-12 14:20:33:59] <11271> 14:00
INFO	[2015-06-12 14:20:33:59] <11271> 15:
INFO	[2015-06-12 14:20:33:59] <11271> 16:040100202428681;182.219.155.213;N;;18000;;;;
INFO	[2015-06-12 14:20:33:59] <11271> 17:H5gv+mVd+3nlz0CAt3vW1vOP6jvexDq4FDQGDwbkTQ5kF9dzqWOegEbsiZst1C/5

L9ipALTZFHpR/BrKnW3KOPBmgc8YpNMpvajWm4EbmCF7ExeZOZkk4sfqh0jeOMGH

KlxLnF9oo4K0swyPXHtb4diIhCay0xLpTClzn9p7fGM=


INFO	[2015-06-12 14:20:33:59] <11271> 18:Version=1.0&amp;KeyFlag=1&amp;KeyNum=1&amp;EncryptAlgorithm=SEED-CBC&amp;SignAlgorithm=&amp;Data=izaLho2fm/dKE/ZRByHbHXjOt3OgnCYVFMAW6eINQitfuQOQlyc0k9UlYDJJMrOr%0abm8XcuE%2bvf2cNlRIgLWSygcojeOeRuUtAy8ONzTtEclSZJVPpQj/4H74v4jkKjaK%0aMNceWxtE%2b5R8GFOHIZnOnF2n44Wd%2bJNWafqdRWykBVXmrvddbPriMi7qL/c6qvVb%0abxP9ebFbFzjm%2bQTBdZbejcSqc%2bmOVUn5SqXIwFW5bknltAosTVvnXlbny%2bJp/BOo%0aWWCSjWcG6cml/%2bP/DUHoyo67V%2b9d/I1dUYffDlOjFtfdo8oThg3VKnNLqIykk8w8%0akZULQRtBt%2bFWHHfLnBa02udnDMZktuI3ijiRfMyEuGOpEUFRMH40FF8i8ql089dH%0aI%2byWas3/MbtcjsYZJHKReeIqI3j7dVEe8xmwB8mFAKzts0GYMVuCYlK%2b2IeTtty0%0arCaLJFtThFK0TJlIBXiDMscfYoX9QyW515EvxGCE6MQ0cNE3RKd0OiZMXTzUh7jJ%0an3pOOiy8/0vozAwho4tfso%2b4AwHcwZBA0bsN%2bJezHBjZKJaIZSnlFGav4lQpQnoO%0a%2bOMPBYi69/0Yw8w/1PLK7Pgad3NZZ8uB0J63gGI8qEoW9VDMwLsaRivCOrViiPDh%0aLnz0UGRoBWTIo4XABwzDPDbiVEv6x9WZ94gJtRidq699AO0HuFi9JPQ3N%2bASo//9%0alhGTc3q8LMxn8JCzWO/xOnjconOncm7nmykcGAZTs9Bzc/X/iZy/OZDfDOTbApjV%0aJuHizR1aLwOCUpUo6HmD7p68juNQCt7gWn35pEb9g8BjvUuNtB4qVo958U0M8/sh%0aeCpm5tPu%2b0zrpyk3F/csfw%3d%3d%0a&amp;PubCert=
INFO	[2015-06-12 14:20:33:59] <11271> 19:ISP
INFO	[2015-06-12 14:20:33:59] <11271> 20:182.219.155.213
INFO	[2015-06-12 14:20:33:59] <11271> 21:kimhi65@gmail.com
INFO	[2015-06-12 14:20:33:59] <11271> 22:AEGIS_ISP_aegis_20150612142033059643
INFO	[2015-06-12 14:20:33:59] <11271> 23:
INFO	[2015-06-12 14:20:33:59] <11271> ] Send Data To PG End 
INFO	[2015-06-12 14:20:33:59] <11271> SendMsg : [0014582plug15|aegis|1|18000|1625|9000400001|kimhi65@gmail.com|010-5260-9961||전소장|010-5260-9961||구기자|WON|00||040100202428681;182.219.155.213;N;;18000;;;;|H5gv+mVd+3nlz0CAt3vW1vOP6jvexDq4FDQGDwbkTQ5kF9dzqWOegEbsiZst1C/5

L9ipALTZFHpR/BrKnW3KOPBmgc8YpNMpvajWm4EbmCF7ExeZOZkk4sfqh0jeOMGH

KlxLnF9oo4K0swyPXHtb4diIhCay0xLpTClzn9p7fGM=

|Version=1.0&amp;KeyFlag=1&amp;KeyNum=1&amp;EncryptAlgorithm=SEED-CBC&amp;SignAlgorithm=&amp;Data=izaLho2fm/dKE/ZRByHbHXjOt3OgnCYVFMAW6eINQitfuQOQlyc0k9UlYDJJMrOr%0abm8XcuE%2bvf2cNlRIgLWSygcojeOeRuUtAy8ONzTtEclSZJVPpQj/4H74v4jkKjaK%0aMNceWxtE%2b5R8GFOHIZnOnF2n44Wd%2bJNWafqdRWykBVXmrvddbPriMi7qL/c6qvVb%0abxP9ebFbFzjm%2bQTBdZbejcSqc%2bmOVUn5SqXIwFW5bknltAosTVvnXlbny%2bJp/BOo%0aWWCSjWcG6cml/%2bP/DUHoyo67V%2b9d/I1dUYffDlOjFtfdo8oThg3VKnNLqIykk8w8%0akZULQRtBt%2bFWHHfLnBa02udnDMZktuI3ijiRfMyEuGOpEUFRMH40FF8i8ql089dH%0aI%2byWas3/MbtcjsYZJHKReeIqI3j7dVEe8xmwB8mFAKzts0GYMVuCYlK%2b2IeTtty0%0arCaLJFtThFK0TJlIBXiDMscfYoX9QyW515EvxGCE6MQ0cNE3RKd0OiZMXTzUh7jJ%0an3pOOiy8/0vozAwho4tfso%2b4AwHcwZBA0bsN%2bJezHBjZKJaIZSnlFGav4lQpQnoO%0a%2bOMPBYi69/0Yw8w/1PLK7Pgad3NZZ8uB0J63gGI8qEoW9VDMwLsaRivCOrViiPDh%0aLnz0UGRoBWTIo4XABwzDPDbiVEv6x9WZ94gJtRidq699AO0HuFi9JPQ3N%2bASo//9%0alhGTc3q8LMxn8JCzWO/xOnjconOncm7nmykcGAZTs9Bzc/X/iZy/OZDfDOTbApjV%0aJuHizR1aLwOCUpUo6HmD7p68juNQCt7gWn35pEb9g8BjvUuNtB4qVo958U0M8/sh%0aeCpm5tPu%2b0zrpyk3F/csfw%3d%3d%0a&amp;PubCert=|ISP|182.219.155.213|kimhi65@gmail.com|AEGIS_ISP_aegis_20150612142033059643|]
INFO	[2015-06-12 14:20:33:59] <11271> Connect IP:[220.85.12.3] Port:[29760]
INFO	[2015-06-12 14:20:33:65] <11271> Socket Open OK
INFO	[2015-06-12 14:20:34:431] <11271> RecvMsg Length : [000066]
INFO	[2015-06-12 14:20:34:431] <11271> RecvMsg : [aegis|0610|106677|10136436|18000|y|정상:1625|20150612231948|0100|
]
INFO	[2015-06-12 14:20:34:431] <11271> Socket Close OK
INFO	[2015-06-12 14:20:34:431] <11271> RecvMsg Length Check OK
INFO	[2015-06-12 14:20:34:431] <11271> Send & Recv Msg End
INFO	[2015-06-12 14:20:34:431] <11271> Send & Recv Msg OK
INFO	[2015-06-12 14:20:34:431] <11271> Parse Msg Start
INFO	[2015-06-12 14:20:34:431] <11271> card-isp RECV MSG Parsing OK 
INFO	[2015-06-12 14:20:34:431] <11271> Parse Msg End
INFO	[2015-06-12 14:20:34:431] <11271> Msg Parsing OK
INFO	[2015-06-12 14:20:34:431] <11271> card Pay Result Value [
INFO	[2015-06-12 14:20:34:431] <11271> NetCancID:AEGIS_ISP_aegis_20150612142033059643
INFO	[2015-06-12 14:20:34:431] <11271> rStoreId:aegis
INFO	[2015-06-12 14:20:34:431] <11271> rBusiCd:0610
INFO	[2015-06-12 14:20:34:431] <11271> rOrdNo:1625
INFO	[2015-06-12 14:20:34:431] <11271> rDealNo:106677
INFO	[2015-06-12 14:20:34:431] <11271> rApprNo:10136436
INFO	[2015-06-12 14:20:34:431] <11271> rProdNm:구기자
INFO	[2015-06-12 14:20:34:431] <11271> rAmt:18000
INFO	[2015-06-12 14:20:34:431] <11271> rInstmt:00
INFO	[2015-06-12 14:20:34:431] <11271> rSuccYn:y
INFO	[2015-06-12 14:20:34:432] <11271> rResMsg:정상:1625
INFO	[2015-06-12 14:20:34:432] <11271> rApprTm:20150612231948
INFO	[2015-06-12 14:20:34:432] <11271> rCardCd:0100
INFO	[2015-06-12 14:20:34:432] <11271> ]
INFO	[2015-06-12 14:20:34:432] <11271> END  정상:1625 Transaction time:[1.374sec]
INFO	[2015-06-12 14:20:34:432] <11271> ===============================================================
INFO	[2015-06-12 14:25:32:883] <11815> ===============================================================
INFO	[2015-06-12 14:25:32:883] <11815> START AgsPay40 php (OS:Linux2.6.32-431.5.1.el6.x86_64,PHP:5.3.3)
INFO	[2015-06-12 14:25:32:883] <11815> card Pay Start!
INFO	[2015-06-12 14:25:32:883] <11815> AgsPayHome:/var/zpanel/hostdata/test1/public_html/wp-content/plugins/woosym-korean-localization/includes/lib/homeags
INFO	[2015-06-12 14:25:32:883] <11815> StoreId:aegis
INFO	[2015-06-12 14:25:32:883] <11815> log:true
INFO	[2015-06-12 14:25:32:883] <11815> logLevel:INFO
INFO	[2015-06-12 14:25:32:883] <11815> UseNetCancel:true
INFO	[2015-06-12 14:25:32:883] <11815> Type:Pay
INFO	[2015-06-12 14:25:32:883] <11815> RecvLen:7
INFO	[2015-06-12 14:25:32:883] <11815> AuthTy:card
INFO	[2015-06-12 14:25:32:883] <11815> SubTy:isp
INFO	[2015-06-12 14:25:32:883] <11815> OrdNo:1626
INFO	[2015-06-12 14:25:32:883] <11815> Amt:18000
INFO	[2015-06-12 14:25:32:883] <11815> UserEmail:kimhi65@gmail.com
INFO	[2015-06-12 14:25:32:883] <11815> ProdNm:구기자
INFO	[2015-06-12 14:25:32:883] <11815> MallUrl:http://www.allthegate.com
INFO	[2015-06-12 14:25:32:883] <11815> UserId:1
INFO	[2015-06-12 14:25:32:883] <11815> OrdNm:전소장
INFO	[2015-06-12 14:25:32:883] <11815> OrdPhone:010-5260-9961
INFO	[2015-06-12 14:25:32:884] <11815> OrdAddr:
INFO	[2015-06-12 14:25:32:884] <11815> RcpNm:kimhi65@gmail.com
INFO	[2015-06-12 14:25:32:884] <11815> RcpPhone:010-5260-9961
INFO	[2015-06-12 14:25:32:884] <11815> DlvAddr:
INFO	[2015-06-12 14:25:32:884] <11815> Remark:
INFO	[2015-06-12 14:25:32:884] <11815> DeviId:9000400001
INFO	[2015-06-12 14:25:32:884] <11815> AuthYn:N;182.219.155.213
INFO	[2015-06-12 14:25:32:884] <11815> Instmt:
INFO	[2015-06-12 14:25:32:884] <11815> UserIp:182.219.155.213
INFO	[2015-06-12 14:25:32:884] <11815> partial_mm:00
INFO	[2015-06-12 14:25:32:884] <11815> noIntMonth:
INFO	[2015-06-12 14:25:32:884] <11815> KVP_CURRENCY:WON
INFO	[2015-06-12 14:25:32:884] <11815> KVP_CARDCODE:040100202428681;182.219.155.213;N;;18000;;;;
INFO	[2015-06-12 14:25:32:884] <11815> KVP_SESSIONKEY:TPGeBHK98hkeVHcpl8JPE7CifpjDYvqBXNht3LBFx3yY14wqSsNdA9zlzZ1iDEhG

PqqRRFPu1yIhZcj7euUW/R+vsw9eNCIPSQTxu+kilumyeGFnitm+F+oFVMbUdSMt

JbYUH3Y2Vk0xuLaLqVoe7+zpoSfyTe82nXv/L9mo540=


INFO	[2015-06-12 14:25:32:884] <11815> KVP_ENCDATA:Version=1.0&amp;KeyFlag=1&amp;KeyNum=1&amp;EncryptAlgorithm=SEED-CBC&amp;SignAlgorithm=&amp;Data=D9SE8LSNctB0hmeUGVVufL4LvDs7r8l6ossGKHIxTzQcwcIPqD/BJ52kDgQx4eqg%0avH4jzCkUUdoOBvEWP%2bOm7oCvadGIkAWP6Vxw/rXy2nl0QGXLXqQJQRaoNif04rKm%0a/6YkgnCMnmJd/kxOcBNLHb5JzTrr7SPMTAGlIXuKS1JKBwxMhi4sAs7di5mWz%2boS%0aQFhBmoWsZ13VbIzBRH2cEKNn/jqjGVfCDfgwMuR1/HJl75yxutI8ow5wEg2P1ivJ%0aR9%2bNERElHTDWiMg6Nq1zbba948EtYUtbJMGPDsNaBOcs08Vccl23b0ehpnliL2JN%0aAajsf2rs6RTf3wuQKRmiL0o57CPzGn5sOIHPAHXmpmBgbxTfhlLt0IA9A621NXqC%0abWZAWEd%2bn5djhVMMQXLY%2bhlB0YHXIAjwaXeSV/TIOC9WpFYn1rlFxHD3PDkiZuwa%0aAHMS09fWUNTrlN6xk0EFDsmevvM41EoAOSvVHJFgdiSbp9cfZ3jvBECOmsih7UrG%0aHIo321f8ID7HAxQCQyvK62eh3roErsjNygd%2bCgQ1YGkfL03lDLtyqQ3V9j5E6o4A%0aX67zF0TpJ%2b275fEoYBsVQEtpuQf8BJyt3Tt480bZfHE5B4UDqPB%2bDsPff4iFq1f6%0aQhL5e/gfvRqU58zrYnCxLgtHs%2bzZ33Z6yxpdulthXejE3V2WAQm%2bKxd1dSmIUuXy%0a0X1Ns%2bfoA1NnbcPT5kp80qSgtblCcUAl8yMbQ/eubFEbZeIKOZFQu14f20b0ILDk%0aP0KjbyDVF9yqhMpS5QJWELhNXO9gfJl3EOrvVjd5AwOmhRsa5QFrg6%2bQ87TKkTgC%0aHBdKMAiYlGebhcQCZSp5rFrldlEtoJPakWFiUSXambg%3d%0a&amp;PubCert=
INFO	[2015-06-12 14:25:32:884] <11815> KVP_CONAME:ISP
INFO	[2015-06-12 14:25:32:884] <11815> KVP_NOINT:0
INFO	[2015-06-12 14:25:32:884] <11815> KVP_QUOTA:00
INFO	[2015-06-12 14:25:32:884] <11815> CardNo:
INFO	[2015-06-12 14:25:32:884] <11815> MPI_CAVV:
INFO	[2015-06-12 14:25:32:884] <11815> MPI_ECI:
INFO	[2015-06-12 14:25:32:884] <11815> MPI_MD64:
INFO	[2015-06-12 14:25:32:884] <11815> ExpMon:
INFO	[2015-06-12 14:25:32:884] <11815> ExpYear:
INFO	[2015-06-12 14:25:32:884] <11815> Passwd:
INFO	[2015-06-12 14:25:32:884] <11815> SocId:
INFO	[2015-06-12 14:25:32:884] <11815> ICHE_OUTBANKNAME:
INFO	[2015-06-12 14:25:32:884] <11815> ICHE_OUTACCTNO:
INFO	[2015-06-12 14:25:32:884] <11815> ICHE_OUTBANKMASTER:
INFO	[2015-06-12 14:25:32:884] <11815> ICHE_AMOUNT:
INFO	[2015-06-12 14:25:32:884] <11815> HP_SERVERINFO:
INFO	[2015-06-12 14:25:32:884] <11815> HP_HANDPHONE:
INFO	[2015-06-12 14:25:32:884] <11815> HP_COMPANY:
INFO	[2015-06-12 14:25:32:884] <11815> HP_ID:
INFO	[2015-06-12 14:25:32:884] <11815> HP_SUBID:
INFO	[2015-06-12 14:25:32:884] <11815> HP_UNITType:
INFO	[2015-06-12 14:25:32:884] <11815> HP_IDEN:
INFO	[2015-06-12 14:25:32:884] <11815> HP_IPADDR:
INFO	[2015-06-12 14:25:32:884] <11815> ARS_NAME:
INFO	[2015-06-12 14:25:32:884] <11815> ARS_PHONE:
INFO	[2015-06-12 14:25:32:884] <11815> VIRTUAL_CENTERCD:99
INFO	[2015-06-12 14:25:32:884] <11815> VIRTUAL_DEPODT:
INFO	[2015-06-12 14:25:32:884] <11815> ZuminCode:
INFO	[2015-06-12 14:25:32:884] <11815> MallPage:
INFO	[2015-06-12 14:25:32:884] <11815> VIRTUAL_NO:
INFO	[2015-06-12 14:25:32:884] <11815> ES_SENDNO:
INFO	[2015-06-12 14:25:32:884] <11815> ICHE_SOCKETYN:Y
INFO	[2015-06-12 14:25:32:884] <11815> ICHE_POSMTID:
INFO	[2015-06-12 14:25:32:884] <11815> ICHE_FNBCMTID:
INFO	[2015-06-12 14:25:32:884] <11815> ICHE_APTRTS:
INFO	[2015-06-12 14:25:32:884] <11815> ICHE_REMARK1:
INFO	[2015-06-12 14:25:32:884] <11815> ICHE_REMARK2:
INFO	[2015-06-12 14:25:32:884] <11815> ICHE_ECWYN:
INFO	[2015-06-12 14:25:32:884] <11815> ICHE_ECWID:
INFO	[2015-06-12 14:25:32:884] <11815> ICHE_ECWAMT1:
INFO	[2015-06-12 14:25:32:884] <11815> ICHE_ECWAMT2:
INFO	[2015-06-12 14:25:32:884] <11815> ICHE_CASHYN:N
INFO	[2015-06-12 14:25:32:884] <11815> ICHE_CASHGUBUN_CD:
INFO	[2015-06-12 14:25:32:884] <11815> ICHE_CASHID_NO:
INFO	[2015-06-12 14:25:32:884] <11815> ICHEARS_SOCKETYN:Y
INFO	[2015-06-12 14:25:32:884] <11815> ICHEARS_ADMNO:
INFO	[2015-06-12 14:25:32:884] <11815> ICHEARS_POSMTID:
INFO	[2015-06-12 14:25:32:884] <11815> ICHEARS_CENTERCD:
INFO	[2015-06-12 14:25:32:884] <11815> ICHEARS_HPNO:
INFO	[2015-06-12 14:25:32:885] <11815> Make NetCancel ID Start
INFO	[2015-06-12 14:25:32:885] <11815> AEGIS_ISP_aegis_20150612142532885252
INFO	[2015-06-12 14:25:32:885] <11815> Make NetCancel ID End
INFO	[2015-06-12 14:25:32:885] <11815> Make NetCancelID OK
INFO	[2015-06-12 14:25:32:885] <11815> Make Msg Start
INFO	[2015-06-12 14:25:32:885] <11815> card-isp Make MSG OK 
INFO	[2015-06-12 14:25:32:885] <11815> Make Msg End
INFO	[2015-06-12 14:25:32:885] <11815> Make Pay Msg OK
INFO	[2015-06-12 14:25:32:885] <11815> Send & Recv Msg Start
INFO	[2015-06-12 14:25:32:885] <11815> Send Data To PG Start [ 
INFO	[2015-06-12 14:25:32:885] <11815> 0:0014682plug15
INFO	[2015-06-12 14:25:32:885] <11815> 1:aegis
INFO	[2015-06-12 14:25:32:885] <11815> 2:1
INFO	[2015-06-12 14:25:32:885] <11815> 3:18000
INFO	[2015-06-12 14:25:32:885] <11815> 4:1626
INFO	[2015-06-12 14:25:32:885] <11815> 5:9000400001
INFO	[2015-06-12 14:25:32:885] <11815> 6:kimhi65@gmail.com
INFO	[2015-06-12 14:25:32:885] <11815> 7:010-5260-9961
INFO	[2015-06-12 14:25:32:885] <11815> 8:
INFO	[2015-06-12 14:25:32:885] <11815> 9:전소장
INFO	[2015-06-12 14:25:32:885] <11815> 10:010-5260-9961
INFO	[2015-06-12 14:25:32:885] <11815> 11:
INFO	[2015-06-12 14:25:32:885] <11815> 12:구기자
INFO	[2015-06-12 14:25:32:885] <11815> 13:WON
INFO	[2015-06-12 14:25:32:885] <11815> 14:00
INFO	[2015-06-12 14:25:32:885] <11815> 15:
INFO	[2015-06-12 14:25:32:885] <11815> 16:040100202428681;182.219.155.213;N;;18000;;;;
INFO	[2015-06-12 14:25:32:885] <11815> 17:TPGeBHK98hkeVHcpl8JPE7CifpjDYvqBXNht3LBFx3yY14wqSsNdA9zlzZ1iDEhG

PqqRRFPu1yIhZcj7euUW/R+vsw9eNCIPSQTxu+kilumyeGFnitm+F+oFVMbUdSMt

JbYUH3Y2Vk0xuLaLqVoe7+zpoSfyTe82nXv/L9mo540=


INFO	[2015-06-12 14:25:32:885] <11815> 18:Version=1.0&amp;KeyFlag=1&amp;KeyNum=1&amp;EncryptAlgorithm=SEED-CBC&amp;SignAlgorithm=&amp;Data=D9SE8LSNctB0hmeUGVVufL4LvDs7r8l6ossGKHIxTzQcwcIPqD/BJ52kDgQx4eqg%0avH4jzCkUUdoOBvEWP%2bOm7oCvadGIkAWP6Vxw/rXy2nl0QGXLXqQJQRaoNif04rKm%0a/6YkgnCMnmJd/kxOcBNLHb5JzTrr7SPMTAGlIXuKS1JKBwxMhi4sAs7di5mWz%2boS%0aQFhBmoWsZ13VbIzBRH2cEKNn/jqjGVfCDfgwMuR1/HJl75yxutI8ow5wEg2P1ivJ%0aR9%2bNERElHTDWiMg6Nq1zbba948EtYUtbJMGPDsNaBOcs08Vccl23b0ehpnliL2JN%0aAajsf2rs6RTf3wuQKRmiL0o57CPzGn5sOIHPAHXmpmBgbxTfhlLt0IA9A621NXqC%0abWZAWEd%2bn5djhVMMQXLY%2bhlB0YHXIAjwaXeSV/TIOC9WpFYn1rlFxHD3PDkiZuwa%0aAHMS09fWUNTrlN6xk0EFDsmevvM41EoAOSvVHJFgdiSbp9cfZ3jvBECOmsih7UrG%0aHIo321f8ID7HAxQCQyvK62eh3roErsjNygd%2bCgQ1YGkfL03lDLtyqQ3V9j5E6o4A%0aX67zF0TpJ%2b275fEoYBsVQEtpuQf8BJyt3Tt480bZfHE5B4UDqPB%2bDsPff4iFq1f6%0aQhL5e/gfvRqU58zrYnCxLgtHs%2bzZ33Z6yxpdulthXejE3V2WAQm%2bKxd1dSmIUuXy%0a0X1Ns%2bfoA1NnbcPT5kp80qSgtblCcUAl8yMbQ/eubFEbZeIKOZFQu14f20b0ILDk%0aP0KjbyDVF9yqhMpS5QJWELhNXO9gfJl3EOrvVjd5AwOmhRsa5QFrg6%2bQ87TKkTgC%0aHBdKMAiYlGebhcQCZSp5rFrldlEtoJPakWFiUSXambg%3d%0a&amp;PubCert=
INFO	[2015-06-12 14:25:32:885] <11815> 19:ISP
INFO	[2015-06-12 14:25:32:885] <11815> 20:182.219.155.213
INFO	[2015-06-12 14:25:32:885] <11815> 21:kimhi65@gmail.com
INFO	[2015-06-12 14:25:32:885] <11815> 22:AEGIS_ISP_aegis_20150612142532885252
INFO	[2015-06-12 14:25:32:885] <11815> 23:
INFO	[2015-06-12 14:25:32:885] <11815> ] Send Data To PG End 
INFO	[2015-06-12 14:25:32:885] <11815> SendMsg : [0014682plug15|aegis|1|18000|1626|9000400001|kimhi65@gmail.com|010-5260-9961||전소장|010-5260-9961||구기자|WON|00||040100202428681;182.219.155.213;N;;18000;;;;|TPGeBHK98hkeVHcpl8JPE7CifpjDYvqBXNht3LBFx3yY14wqSsNdA9zlzZ1iDEhG

PqqRRFPu1yIhZcj7euUW/R+vsw9eNCIPSQTxu+kilumyeGFnitm+F+oFVMbUdSMt

JbYUH3Y2Vk0xuLaLqVoe7+zpoSfyTe82nXv/L9mo540=

|Version=1.0&amp;KeyFlag=1&amp;KeyNum=1&amp;EncryptAlgorithm=SEED-CBC&amp;SignAlgorithm=&amp;Data=D9SE8LSNctB0hmeUGVVufL4LvDs7r8l6ossGKHIxTzQcwcIPqD/BJ52kDgQx4eqg%0avH4jzCkUUdoOBvEWP%2bOm7oCvadGIkAWP6Vxw/rXy2nl0QGXLXqQJQRaoNif04rKm%0a/6YkgnCMnmJd/kxOcBNLHb5JzTrr7SPMTAGlIXuKS1JKBwxMhi4sAs7di5mWz%2boS%0aQFhBmoWsZ13VbIzBRH2cEKNn/jqjGVfCDfgwMuR1/HJl75yxutI8ow5wEg2P1ivJ%0aR9%2bNERElHTDWiMg6Nq1zbba948EtYUtbJMGPDsNaBOcs08Vccl23b0ehpnliL2JN%0aAajsf2rs6RTf3wuQKRmiL0o57CPzGn5sOIHPAHXmpmBgbxTfhlLt0IA9A621NXqC%0abWZAWEd%2bn5djhVMMQXLY%2bhlB0YHXIAjwaXeSV/TIOC9WpFYn1rlFxHD3PDkiZuwa%0aAHMS09fWUNTrlN6xk0EFDsmevvM41EoAOSvVHJFgdiSbp9cfZ3jvBECOmsih7UrG%0aHIo321f8ID7HAxQCQyvK62eh3roErsjNygd%2bCgQ1YGkfL03lDLtyqQ3V9j5E6o4A%0aX67zF0TpJ%2b275fEoYBsVQEtpuQf8BJyt3Tt480bZfHE5B4UDqPB%2bDsPff4iFq1f6%0aQhL5e/gfvRqU58zrYnCxLgtHs%2bzZ33Z6yxpdulthXejE3V2WAQm%2bKxd1dSmIUuXy%0a0X1Ns%2bfoA1NnbcPT5kp80qSgtblCcUAl8yMbQ/eubFEbZeIKOZFQu14f20b0ILDk%0aP0KjbyDVF9yqhMpS5QJWELhNXO9gfJl3EOrvVjd5AwOmhRsa5QFrg6%2bQ87TKkTgC%0aHBdKMAiYlGebhcQCZSp5rFrldlEtoJPakWFiUSXambg%3d%0a&amp;PubCert=|ISP|182.219.155.213|kimhi65@gmail.com|AEGIS_ISP_aegis_20150612142532885252|]
INFO	[2015-06-12 14:25:32:885] <11815> Connect IP:[220.85.12.3] Port:[29760]
INFO	[2015-06-12 14:25:32:891] <11815> Socket Open OK
INFO	[2015-06-12 14:25:33:452] <11815> RecvMsg Length : [000066]
INFO	[2015-06-12 14:25:33:452] <11815> RecvMsg : [aegis|0610|106719|10136437|18000|y|정상:1626|20150612233348|0100|
]
INFO	[2015-06-12 14:25:33:452] <11815> Socket Close OK
INFO	[2015-06-12 14:25:33:452] <11815> RecvMsg Length Check OK
INFO	[2015-06-12 14:25:33:452] <11815> Send & Recv Msg End
INFO	[2015-06-12 14:25:33:452] <11815> Send & Recv Msg OK
INFO	[2015-06-12 14:25:33:452] <11815> Parse Msg Start
INFO	[2015-06-12 14:25:33:452] <11815> card-isp RECV MSG Parsing OK 
INFO	[2015-06-12 14:25:33:452] <11815> Parse Msg End
INFO	[2015-06-12 14:25:33:452] <11815> Msg Parsing OK
INFO	[2015-06-12 14:25:33:452] <11815> card Pay Result Value [
INFO	[2015-06-12 14:25:33:452] <11815> NetCancID:AEGIS_ISP_aegis_20150612142532885252
INFO	[2015-06-12 14:25:33:452] <11815> rStoreId:aegis
INFO	[2015-06-12 14:25:33:452] <11815> rBusiCd:0610
INFO	[2015-06-12 14:25:33:452] <11815> rOrdNo:1626
INFO	[2015-06-12 14:25:33:452] <11815> rDealNo:106719
INFO	[2015-06-12 14:25:33:452] <11815> rApprNo:10136437
INFO	[2015-06-12 14:25:33:452] <11815> rProdNm:구기자
INFO	[2015-06-12 14:25:33:452] <11815> rAmt:18000
INFO	[2015-06-12 14:25:33:452] <11815> rInstmt:00
INFO	[2015-06-12 14:25:33:452] <11815> rSuccYn:y
INFO	[2015-06-12 14:25:33:452] <11815> rResMsg:정상:1626
INFO	[2015-06-12 14:25:33:452] <11815> rApprTm:20150612233348
INFO	[2015-06-12 14:25:33:452] <11815> rCardCd:0100
INFO	[2015-06-12 14:25:33:452] <11815> ]
INFO	[2015-06-12 14:25:33:452] <11815> END  정상:1626 Transaction time:[0.569sec]
INFO	[2015-06-12 14:25:33:452] <11815> ===============================================================
