INFO	[2015-10-18 10:20:28:326] <2822> ===============================================================
INFO	[2015-10-18 10:20:28:326] <2822> START AgsPay40 php (OS:Linux2.6.32-431.5.1.el6.x86_64,PHP:5.3.3)
INFO	[2015-10-18 10:20:28:326] <2822> card Pay Start!
INFO	[2015-10-18 10:20:28:326] <2822> AgsPayHome:/var/zpanel/hostdata/test1/public_html/wp-content/plugins/woosym-korean-localization/includes/lib/homeags
INFO	[2015-10-18 10:20:28:326] <2822> StoreId:aegis
INFO	[2015-10-18 10:20:28:326] <2822> log:true
INFO	[2015-10-18 10:20:28:326] <2822> logLevel:INFO
INFO	[2015-10-18 10:20:28:326] <2822> UseNetCancel:true
INFO	[2015-10-18 10:20:28:326] <2822> Type:Pay
INFO	[2015-10-18 10:20:28:326] <2822> RecvLen:7
INFO	[2015-10-18 10:20:28:326] <2822> AuthTy:card
INFO	[2015-10-18 10:20:28:326] <2822> SubTy:isp
INFO	[2015-10-18 10:20:28:326] <2822> OrdNo:1667
INFO	[2015-10-18 10:20:28:326] <2822> Amt:54000
INFO	[2015-10-18 10:20:28:326] <2822> UserEmail:kimhi65@gmail.com
INFO	[2015-10-18 10:20:28:326] <2822> ProdNm:구기자
INFO	[2015-10-18 10:20:28:326] <2822> MallUrl:http://www.allthegate.com
INFO	[2015-10-18 10:20:28:326] <2822> UserId:1
INFO	[2015-10-18 10:20:28:326] <2822> OrdNm:전소장
INFO	[2015-10-18 10:20:28:326] <2822> OrdPhone:010-5260-9961
INFO	[2015-10-18 10:20:28:326] <2822> OrdAddr:
INFO	[2015-10-18 10:20:28:326] <2822> RcpNm:kimhi65@gmail.com
INFO	[2015-10-18 10:20:28:326] <2822> RcpPhone:010-5260-9961
INFO	[2015-10-18 10:20:28:326] <2822> DlvAddr:
INFO	[2015-10-18 10:20:28:326] <2822> Remark:
INFO	[2015-10-18 10:20:28:326] <2822> DeviId:9000400001
INFO	[2015-10-18 10:20:28:326] <2822> AuthYn:N;122.42.199.109
INFO	[2015-10-18 10:20:28:326] <2822> Instmt:
INFO	[2015-10-18 10:20:28:326] <2822> UserIp:122.42.199.109
INFO	[2015-10-18 10:20:28:326] <2822> partial_mm:00
INFO	[2015-10-18 10:20:28:326] <2822> noIntMonth:
INFO	[2015-10-18 10:20:28:326] <2822> KVP_CURRENCY:WON
INFO	[2015-10-18 10:20:28:326] <2822> KVP_CARDCODE:040100202428681;122.42.199.109;N;;54000;;;;
INFO	[2015-10-18 10:20:28:326] <2822> KVP_SESSIONKEY:M6ZDvep2sMJpsp4wSd0SQAvZaPIcRWQTg6mnI373SoPkq2i5wCD2nEk3lJW9gJ6+

8L987i0wZiN/Urh2MsmGfvl0MO0zn0Bw5gwfyiKQvXNaT7yJqExXdJh8Y8tbC3IY

eDEfT9R4mC6c2rWI+z6orOmFsYXu2dH0SU25o/YFBZk=


INFO	[2015-10-18 10:20:28:326] <2822> KVP_ENCDATA:Version=1.0&amp;KeyFlag=1&amp;KeyNum=1&amp;EncryptAlgorithm=SEED-CBC&amp;SignAlgorithm=&amp;Data=kZ%2bTZwfndWhapgZcgRYwrpTRNrCZ6xj8Lg4WfnrOfPpwfUFWH6QJxGOASTC15Y9p%0aYtVztIu3bkCm2TYaMMvdFfGaq7AUmNw2bzwuiwkb7MdCUq/1LuTD1XZjj8z%2bFeCf%0aKoKSiYd1V6D0MwW4S6FCPDQzfQBviietvo2z5M9YFJ06YeZMkYAeGLjH%2bnFZZbta%0as5tQujPuHRtK/1zsyMjtqnNTmk6NKre3eCVU1MmYlozsCPWBEx3P8nVF07M/L2Wt%0a2xAQ8oCmC3hYeX4f2NFbRvEvVrvS0chMSDWVs5CgRDqRG2CseMnFXHXjrFFBFdSU%0a9IZL3DuR44Kjie4qD%2bBR4r1SazYpGoOgFZ5QmdDZU/CxjYor3AFl1gjZg9UB16i7%0a5yHAK44XegfXCPPi9jqJNBAj3YDncbMv7LKfWGPWKNoXnzql3kWhDd1CFMXgCQ%2bY%0aXcZTYHAs/uUciz0uLHaeCMlXpYm%2bFs/Erb%2baV939QObN5IhmEy1Vdz1PSrv8E1Ei%0af6/iITTHwcNWwUO56VX4o4yLIrT/iETkT5NZRPTzotqTBe1zNxkaEcoEF6/zja3w%0a8Sk2KnnevD8LwB0Ox%2bbnt8Je9OKsDJmG/Yg%2blt03ORamwAuxrOI9p7uCeB/W9/1N%0atiuNB1FoOUeaaQpr/vbkZS9v/S4ya2OeGU3RBNanyumaZmS/ZdQXVxRDvQgSmMcI%0aKX5Oojv7vC10Ss/a31rZZKFgKiUbC16drna%2bXqYJ6188NFf9d9jbwQsz2OmEVxJR%0axYt/FfQcuRzuaTH%2b7ImIJ9LpSt2rqzcHUralZZ%2beFZwtYxX6bsmINR0onBqFdMY4%0adXVs6vOy3FtSvQn/v3wU79XCrU8XgCmPdNf61MrfR48%3d%0a&amp;PubCert=
INFO	[2015-10-18 10:20:28:326] <2822> KVP_CONAME:ISP
INFO	[2015-10-18 10:20:28:326] <2822> KVP_NOINT:0
INFO	[2015-10-18 10:20:28:326] <2822> KVP_QUOTA:00
INFO	[2015-10-18 10:20:28:326] <2822> CardNo:
INFO	[2015-10-18 10:20:28:326] <2822> MPI_CAVV:
INFO	[2015-10-18 10:20:28:326] <2822> MPI_ECI:
INFO	[2015-10-18 10:20:28:326] <2822> MPI_MD64:
INFO	[2015-10-18 10:20:28:326] <2822> ExpMon:
INFO	[2015-10-18 10:20:28:326] <2822> ExpYear:
INFO	[2015-10-18 10:20:28:326] <2822> Passwd:
INFO	[2015-10-18 10:20:28:326] <2822> SocId:
INFO	[2015-10-18 10:20:28:326] <2822> ICHE_OUTBANKNAME:
INFO	[2015-10-18 10:20:28:326] <2822> ICHE_OUTACCTNO:
INFO	[2015-10-18 10:20:28:326] <2822> ICHE_OUTBANKMASTER:
INFO	[2015-10-18 10:20:28:326] <2822> ICHE_AMOUNT:
INFO	[2015-10-18 10:20:28:326] <2822> HP_SERVERINFO:
INFO	[2015-10-18 10:20:28:326] <2822> HP_HANDPHONE:
INFO	[2015-10-18 10:20:28:326] <2822> HP_COMPANY:
INFO	[2015-10-18 10:20:28:326] <2822> HP_ID:
INFO	[2015-10-18 10:20:28:326] <2822> HP_SUBID:
INFO	[2015-10-18 10:20:28:326] <2822> HP_UNITType:
INFO	[2015-10-18 10:20:28:326] <2822> HP_IDEN:
INFO	[2015-10-18 10:20:28:326] <2822> HP_IPADDR:
INFO	[2015-10-18 10:20:28:327] <2822> ARS_NAME:
INFO	[2015-10-18 10:20:28:327] <2822> ARS_PHONE:
INFO	[2015-10-18 10:20:28:327] <2822> VIRTUAL_CENTERCD:99
INFO	[2015-10-18 10:20:28:327] <2822> VIRTUAL_DEPODT:
INFO	[2015-10-18 10:20:28:327] <2822> ZuminCode:
INFO	[2015-10-18 10:20:28:327] <2822> MallPage:
INFO	[2015-10-18 10:20:28:327] <2822> VIRTUAL_NO:
INFO	[2015-10-18 10:20:28:327] <2822> ES_SENDNO:
INFO	[2015-10-18 10:20:28:327] <2822> ICHE_SOCKETYN:Y
INFO	[2015-10-18 10:20:28:327] <2822> ICHE_POSMTID:
INFO	[2015-10-18 10:20:28:327] <2822> ICHE_FNBCMTID:
INFO	[2015-10-18 10:20:28:327] <2822> ICHE_APTRTS:
INFO	[2015-10-18 10:20:28:327] <2822> ICHE_REMARK1:
INFO	[2015-10-18 10:20:28:327] <2822> ICHE_REMARK2:
INFO	[2015-10-18 10:20:28:327] <2822> ICHE_ECWYN:
INFO	[2015-10-18 10:20:28:327] <2822> ICHE_ECWID:
INFO	[2015-10-18 10:20:28:327] <2822> ICHE_ECWAMT1:
INFO	[2015-10-18 10:20:28:327] <2822> ICHE_ECWAMT2:
INFO	[2015-10-18 10:20:28:327] <2822> ICHE_CASHYN:N
INFO	[2015-10-18 10:20:28:327] <2822> ICHE_CASHGUBUN_CD:
INFO	[2015-10-18 10:20:28:327] <2822> ICHE_CASHID_NO:
INFO	[2015-10-18 10:20:28:327] <2822> ICHEARS_SOCKETYN:Y
INFO	[2015-10-18 10:20:28:327] <2822> ICHEARS_ADMNO:
INFO	[2015-10-18 10:20:28:327] <2822> ICHEARS_POSMTID:
INFO	[2015-10-18 10:20:28:327] <2822> ICHEARS_CENTERCD:
INFO	[2015-10-18 10:20:28:327] <2822> ICHEARS_HPNO:
INFO	[2015-10-18 10:20:28:327] <2822> Make NetCancel ID Start
INFO	[2015-10-18 10:20:28:327] <2822> AEGIS_ISP_aegis_20151018102028327143
INFO	[2015-10-18 10:20:28:327] <2822> Make NetCancel ID End
INFO	[2015-10-18 10:20:28:327] <2822> Make NetCancelID OK
INFO	[2015-10-18 10:20:28:327] <2822> Make Msg Start
INFO	[2015-10-18 10:20:28:327] <2822> card-isp Make MSG OK 
INFO	[2015-10-18 10:20:28:327] <2822> Make Msg End
INFO	[2015-10-18 10:20:28:327] <2822> Make Pay Msg OK
INFO	[2015-10-18 10:20:28:327] <2822> Send & Recv Msg Start
INFO	[2015-10-18 10:20:28:327] <2822> Send Data To PG Start [ 
INFO	[2015-10-18 10:20:28:327] <2822> 0:0014662plug15
INFO	[2015-10-18 10:20:28:327] <2822> 1:aegis
INFO	[2015-10-18 10:20:28:327] <2822> 2:1
INFO	[2015-10-18 10:20:28:327] <2822> 3:54000
INFO	[2015-10-18 10:20:28:327] <2822> 4:1667
INFO	[2015-10-18 10:20:28:327] <2822> 5:9000400001
INFO	[2015-10-18 10:20:28:327] <2822> 6:kimhi65@gmail.com
INFO	[2015-10-18 10:20:28:327] <2822> 7:010-5260-9961
INFO	[2015-10-18 10:20:28:327] <2822> 8:
INFO	[2015-10-18 10:20:28:327] <2822> 9:전소장
INFO	[2015-10-18 10:20:28:327] <2822> 10:010-5260-9961
INFO	[2015-10-18 10:20:28:327] <2822> 11:
INFO	[2015-10-18 10:20:28:327] <2822> 12:구기자
INFO	[2015-10-18 10:20:28:327] <2822> 13:WON
INFO	[2015-10-18 10:20:28:327] <2822> 14:00
INFO	[2015-10-18 10:20:28:327] <2822> 15:
INFO	[2015-10-18 10:20:28:327] <2822> 16:040100202428681;122.42.199.109;N;;54000;;;;
INFO	[2015-10-18 10:20:28:327] <2822> 17:M6ZDvep2sMJpsp4wSd0SQAvZaPIcRWQTg6mnI373SoPkq2i5wCD2nEk3lJW9gJ6+

8L987i0wZiN/Urh2MsmGfvl0MO0zn0Bw5gwfyiKQvXNaT7yJqExXdJh8Y8tbC3IY

eDEfT9R4mC6c2rWI+z6orOmFsYXu2dH0SU25o/YFBZk=


INFO	[2015-10-18 10:20:28:327] <2822> 18:Version=1.0&amp;KeyFlag=1&amp;KeyNum=1&amp;EncryptAlgorithm=SEED-CBC&amp;SignAlgorithm=&amp;Data=kZ%2bTZwfndWhapgZcgRYwrpTRNrCZ6xj8Lg4WfnrOfPpwfUFWH6QJxGOASTC15Y9p%0aYtVztIu3bkCm2TYaMMvdFfGaq7AUmNw2bzwuiwkb7MdCUq/1LuTD1XZjj8z%2bFeCf%0aKoKSiYd1V6D0MwW4S6FCPDQzfQBviietvo2z5M9YFJ06YeZMkYAeGLjH%2bnFZZbta%0as5tQujPuHRtK/1zsyMjtqnNTmk6NKre3eCVU1MmYlozsCPWBEx3P8nVF07M/L2Wt%0a2xAQ8oCmC3hYeX4f2NFbRvEvVrvS0chMSDWVs5CgRDqRG2CseMnFXHXjrFFBFdSU%0a9IZL3DuR44Kjie4qD%2bBR4r1SazYpGoOgFZ5QmdDZU/CxjYor3AFl1gjZg9UB16i7%0a5yHAK44XegfXCPPi9jqJNBAj3YDncbMv7LKfWGPWKNoXnzql3kWhDd1CFMXgCQ%2bY%0aXcZTYHAs/uUciz0uLHaeCMlXpYm%2bFs/Erb%2baV939QObN5IhmEy1Vdz1PSrv8E1Ei%0af6/iITTHwcNWwUO56VX4o4yLIrT/iETkT5NZRPTzotqTBe1zNxkaEcoEF6/zja3w%0a8Sk2KnnevD8LwB0Ox%2bbnt8Je9OKsDJmG/Yg%2blt03ORamwAuxrOI9p7uCeB/W9/1N%0atiuNB1FoOUeaaQpr/vbkZS9v/S4ya2OeGU3RBNanyumaZmS/ZdQXVxRDvQgSmMcI%0aKX5Oojv7vC10Ss/a31rZZKFgKiUbC16drna%2bXqYJ6188NFf9d9jbwQsz2OmEVxJR%0axYt/FfQcuRzuaTH%2b7ImIJ9LpSt2rqzcHUralZZ%2beFZwtYxX6bsmINR0onBqFdMY4%0adXVs6vOy3FtSvQn/v3wU79XCrU8XgCmPdNf61MrfR48%3d%0a&amp;PubCert=
INFO	[2015-10-18 10:20:28:327] <2822> 19:ISP
INFO	[2015-10-18 10:20:28:327] <2822> 20:122.42.199.109
INFO	[2015-10-18 10:20:28:327] <2822> 21:kimhi65@gmail.com
INFO	[2015-10-18 10:20:28:327] <2822> 22:AEGIS_ISP_aegis_20151018102028327143
INFO	[2015-10-18 10:20:28:327] <2822> 23:
INFO	[2015-10-18 10:20:28:327] <2822> ] Send Data To PG End 
INFO	[2015-10-18 10:20:28:327] <2822> SendMsg : [0014662plug15|aegis|1|54000|1667|9000400001|kimhi65@gmail.com|010-5260-9961||전소장|010-5260-9961||구기자|WON|00||040100202428681;122.42.199.109;N;;54000;;;;|M6ZDvep2sMJpsp4wSd0SQAvZaPIcRWQTg6mnI373SoPkq2i5wCD2nEk3lJW9gJ6+

8L987i0wZiN/Urh2MsmGfvl0MO0zn0Bw5gwfyiKQvXNaT7yJqExXdJh8Y8tbC3IY

eDEfT9R4mC6c2rWI+z6orOmFsYXu2dH0SU25o/YFBZk=

|Version=1.0&amp;KeyFlag=1&amp;KeyNum=1&amp;EncryptAlgorithm=SEED-CBC&amp;SignAlgorithm=&amp;Data=kZ%2bTZwfndWhapgZcgRYwrpTRNrCZ6xj8Lg4WfnrOfPpwfUFWH6QJxGOASTC15Y9p%0aYtVztIu3bkCm2TYaMMvdFfGaq7AUmNw2bzwuiwkb7MdCUq/1LuTD1XZjj8z%2bFeCf%0aKoKSiYd1V6D0MwW4S6FCPDQzfQBviietvo2z5M9YFJ06YeZMkYAeGLjH%2bnFZZbta%0as5tQujPuHRtK/1zsyMjtqnNTmk6NKre3eCVU1MmYlozsCPWBEx3P8nVF07M/L2Wt%0a2xAQ8oCmC3hYeX4f2NFbRvEvVrvS0chMSDWVs5CgRDqRG2CseMnFXHXjrFFBFdSU%0a9IZL3DuR44Kjie4qD%2bBR4r1SazYpGoOgFZ5QmdDZU/CxjYor3AFl1gjZg9UB16i7%0a5yHAK44XegfXCPPi9jqJNBAj3YDncbMv7LKfWGPWKNoXnzql3kWhDd1CFMXgCQ%2bY%0aXcZTYHAs/uUciz0uLHaeCMlXpYm%2bFs/Erb%2baV939QObN5IhmEy1Vdz1PSrv8E1Ei%0af6/iITTHwcNWwUO56VX4o4yLIrT/iETkT5NZRPTzotqTBe1zNxkaEcoEF6/zja3w%0a8Sk2KnnevD8LwB0Ox%2bbnt8Je9OKsDJmG/Yg%2blt03ORamwAuxrOI9p7uCeB/W9/1N%0atiuNB1FoOUeaaQpr/vbkZS9v/S4ya2OeGU3RBNanyumaZmS/ZdQXVxRDvQgSmMcI%0aKX5Oojv7vC10Ss/a31rZZKFgKiUbC16drna%2bXqYJ6188NFf9d9jbwQsz2OmEVxJR%0axYt/FfQcuRzuaTH%2b7ImIJ9LpSt2rqzcHUralZZ%2beFZwtYxX6bsmINR0onBqFdMY4%0adXVs6vOy3FtSvQn/v3wU79XCrU8XgCmPdNf61MrfR48%3d%0a&amp;PubCert=|ISP|122.42.199.109|kimhi65@gmail.com|AEGIS_ISP_aegis_20151018102028327143|]
INFO	[2015-10-18 10:20:28:327] <2822> Connect IP:[220.85.12.3] Port:[29760]
INFO	[2015-10-18 10:20:28:333] <2822> Socket Open OK
INFO	[2015-10-18 10:20:29:817] <2822> RecvMsg Length : [000066]
INFO	[2015-10-18 10:20:29:817] <2822> RecvMsg : [aegis|0610|103044|10140620|54000|y|정상:1667|20151018193146|0100|
]
INFO	[2015-10-18 10:20:29:817] <2822> Socket Close OK
INFO	[2015-10-18 10:20:29:817] <2822> RecvMsg Length Check OK
INFO	[2015-10-18 10:20:29:817] <2822> Send & Recv Msg End
INFO	[2015-10-18 10:20:29:817] <2822> Send & Recv Msg OK
INFO	[2015-10-18 10:20:29:817] <2822> Parse Msg Start
INFO	[2015-10-18 10:20:29:817] <2822> card-isp RECV MSG Parsing OK 
INFO	[2015-10-18 10:20:29:817] <2822> Parse Msg End
INFO	[2015-10-18 10:20:29:817] <2822> Msg Parsing OK
INFO	[2015-10-18 10:20:29:817] <2822> card Pay Result Value [
INFO	[2015-10-18 10:20:29:817] <2822> NetCancID:AEGIS_ISP_aegis_20151018102028327143
INFO	[2015-10-18 10:20:29:817] <2822> rStoreId:aegis
INFO	[2015-10-18 10:20:29:817] <2822> rBusiCd:0610
INFO	[2015-10-18 10:20:29:817] <2822> rOrdNo:1667
INFO	[2015-10-18 10:20:29:817] <2822> rDealNo:103044
INFO	[2015-10-18 10:20:29:817] <2822> rApprNo:10140620
INFO	[2015-10-18 10:20:29:817] <2822> rProdNm:구기자
INFO	[2015-10-18 10:20:29:817] <2822> rAmt:54000
INFO	[2015-10-18 10:20:29:817] <2822> rInstmt:00
INFO	[2015-10-18 10:20:29:817] <2822> rSuccYn:y
INFO	[2015-10-18 10:20:29:817] <2822> rResMsg:정상:1667
INFO	[2015-10-18 10:20:29:817] <2822> rApprTm:20151018193146
INFO	[2015-10-18 10:20:29:817] <2822> rCardCd:0100
INFO	[2015-10-18 10:20:29:817] <2822> ]
INFO	[2015-10-18 10:20:29:817] <2822> END  정상:1667 Transaction time:[1.492sec]
INFO	[2015-10-18 10:20:29:817] <2822> ===============================================================
