INFO	[2015-10-16 12:35:37:960] <2423> ===============================================================
INFO	[2015-10-16 12:35:37:960] <2423> START AgsPay40 php (OS:Linux2.6.32-431.5.1.el6.x86_64,PHP:5.3.3)
INFO	[2015-10-16 12:35:37:960] <2423> card Pay Start!
INFO	[2015-10-16 12:35:37:960] <2423> AgsPayHome:/var/zpanel/hostdata/test1/public_html/wp-content/plugins/woosym-korean-localization/includes/lib/homeags
INFO	[2015-10-16 12:35:37:960] <2423> StoreId:aegis
INFO	[2015-10-16 12:35:37:960] <2423> log:true
INFO	[2015-10-16 12:35:37:960] <2423> logLevel:INFO
INFO	[2015-10-16 12:35:37:960] <2423> UseNetCancel:true
INFO	[2015-10-16 12:35:37:960] <2423> Type:Pay
INFO	[2015-10-16 12:35:37:960] <2423> RecvLen:7
INFO	[2015-10-16 12:35:37:960] <2423> AuthTy:card
INFO	[2015-10-16 12:35:37:960] <2423> SubTy:isp
INFO	[2015-10-16 12:35:37:960] <2423> OrdNo:1663
INFO	[2015-10-16 12:35:37:960] <2423> Amt:18000
INFO	[2015-10-16 12:35:37:960] <2423> UserEmail:kimhi65@gmail.com
INFO	[2015-10-16 12:35:37:960] <2423> ProdNm:구기자
INFO	[2015-10-16 12:35:37:960] <2423> MallUrl:http://www.allthegate.com
INFO	[2015-10-16 12:35:37:960] <2423> UserId:1
INFO	[2015-10-16 12:35:37:960] <2423> OrdNm:전소장
INFO	[2015-10-16 12:35:37:960] <2423> OrdPhone:010-5260-9961
INFO	[2015-10-16 12:35:37:960] <2423> OrdAddr:
INFO	[2015-10-16 12:35:37:960] <2423> RcpNm:kimhi65@gmail.com
INFO	[2015-10-16 12:35:37:960] <2423> RcpPhone:010-5260-9961
INFO	[2015-10-16 12:35:37:960] <2423> DlvAddr:
INFO	[2015-10-16 12:35:37:960] <2423> Remark:
INFO	[2015-10-16 12:35:37:960] <2423> DeviId:9000400001
INFO	[2015-10-16 12:35:37:960] <2423> AuthYn:N;122.42.199.109
INFO	[2015-10-16 12:35:37:960] <2423> Instmt:
INFO	[2015-10-16 12:35:37:960] <2423> UserIp:122.42.199.109
INFO	[2015-10-16 12:35:37:960] <2423> partial_mm:00
INFO	[2015-10-16 12:35:37:960] <2423> noIntMonth:
INFO	[2015-10-16 12:35:37:960] <2423> KVP_CURRENCY:WON
INFO	[2015-10-16 12:35:37:960] <2423> KVP_CARDCODE:040100202428681;122.42.199.109;N;;18000;;;;
INFO	[2015-10-16 12:35:37:960] <2423> KVP_SESSIONKEY:hnVXVmtsI4zLpLRqa65qNZhcTgZRI68ovu6iVD80NME7yhKyhC9glXFaXIiLOd/e

jbJjYjb/l2etgcgndriW9yLoYpymdTf4J0F/tv/bntdIL+tkN4lq6GbnbjWrRnEN

WVYY2KgTXzhw2uBg6I9TT/57qWWG4lHDCruVV8s7YH8=


INFO	[2015-10-16 12:35:37:960] <2423> KVP_ENCDATA:Version=1.0&amp;KeyFlag=1&amp;KeyNum=1&amp;EncryptAlgorithm=SEED-CBC&amp;SignAlgorithm=&amp;Data=/p4F6yQbR69iyuPt/6pHTD7oWSrhgTnypS22ZDgDXoE/VijPFoN3Q6Ej0NMDdmSN%0aVwbVbKJsEwdudxr6MnH9bvePIvX3NQQcMTQDl8xMr8rUVc%2bbQOj8X7wPSXIQfuhd%0aPwau9M023xNKfN4DYBxKsUlwIwfPq2jY0D1jezxKBjOemSewc7lUQc69K3ZxuKC5%0ap0uX%2b0W8M5sfLyzsoVyrlAD2tKOqY9YwHsJGx4/VRT5RoF5h0MbYDVELsoZFWfHF%0ac2zKqU9swLx8qriDf7c3bDP5it5bYU4UD9dKdsvBoUnfP0w7svr4SBvnR9uLWoiB%0avLp/nuvJG2XpJbXZHviqyzMJ5f9TVKc4W2WkbdNPdetougCwf0e35ZHBsSezLObQ%0aFsYSvbLtuvBuJSQ7D0fKO8ReozeDR2wESPYhCnajMxCCGjsg2cmL5MziVvvJN0M7%0aS95IwzWtLRSlQh/2mP23DGe3fHo/LlxJRwRmoWpcuShK4Q%2bILLY0uL5Rcs6yuFHl%0aoThmli5nOF/SZb/LPrbJlW5R5EqCBqg5YVJSFIjyyGlGBv98fU0hYG49wFQj72rk%0azJjyvD/B5zU6jeUBGgSGfrVdhW4f/MqHGnc98tc6QFgQU9XqGypp7sLQ4UJJn1dz%0apgGGY8aWpaK4Y4LL2o%2bdlT4QMkD5fB3X0J3l1GKQ4smum3D%2b%2b51q/B/uDXPnqv/H%0a0EtnUm79kh6Gwo8uKivZhVeEQfBp5OPDnAysegjG%2bk5lJRWXi0TtmPGV9RPS0dqI%0ajrfr7PvwJjewIOKdqWDXFUBbdEkLJq%2b7mk7YyaVvXniWsxbeZPAAzKzo59nUspXB%0aQXtUaK5NnLQKmdGooECI/JSyMvzS5x3DHzCgnNJ3urw%3d%0a&amp;PubCert=
INFO	[2015-10-16 12:35:37:960] <2423> KVP_CONAME:ISP
INFO	[2015-10-16 12:35:37:960] <2423> KVP_NOINT:0
INFO	[2015-10-16 12:35:37:960] <2423> KVP_QUOTA:00
INFO	[2015-10-16 12:35:37:960] <2423> CardNo:
INFO	[2015-10-16 12:35:37:960] <2423> MPI_CAVV:
INFO	[2015-10-16 12:35:37:960] <2423> MPI_ECI:
INFO	[2015-10-16 12:35:37:960] <2423> MPI_MD64:
INFO	[2015-10-16 12:35:37:960] <2423> ExpMon:
INFO	[2015-10-16 12:35:37:960] <2423> ExpYear:
INFO	[2015-10-16 12:35:37:960] <2423> Passwd:
INFO	[2015-10-16 12:35:37:960] <2423> SocId:
INFO	[2015-10-16 12:35:37:960] <2423> ICHE_OUTBANKNAME:
INFO	[2015-10-16 12:35:37:960] <2423> ICHE_OUTACCTNO:
INFO	[2015-10-16 12:35:37:960] <2423> ICHE_OUTBANKMASTER:
INFO	[2015-10-16 12:35:37:960] <2423> ICHE_AMOUNT:
INFO	[2015-10-16 12:35:37:960] <2423> HP_SERVERINFO:
INFO	[2015-10-16 12:35:37:960] <2423> HP_HANDPHONE:
INFO	[2015-10-16 12:35:37:960] <2423> HP_COMPANY:
INFO	[2015-10-16 12:35:37:960] <2423> HP_ID:
INFO	[2015-10-16 12:35:37:960] <2423> HP_SUBID:
INFO	[2015-10-16 12:35:37:960] <2423> HP_UNITType:
INFO	[2015-10-16 12:35:37:960] <2423> HP_IDEN:
INFO	[2015-10-16 12:35:37:960] <2423> HP_IPADDR:
INFO	[2015-10-16 12:35:37:960] <2423> ARS_NAME:
INFO	[2015-10-16 12:35:37:960] <2423> ARS_PHONE:
INFO	[2015-10-16 12:35:37:960] <2423> VIRTUAL_CENTERCD:99
INFO	[2015-10-16 12:35:37:960] <2423> VIRTUAL_DEPODT:
INFO	[2015-10-16 12:35:37:960] <2423> ZuminCode:
INFO	[2015-10-16 12:35:37:960] <2423> MallPage:
INFO	[2015-10-16 12:35:37:960] <2423> VIRTUAL_NO:
INFO	[2015-10-16 12:35:37:960] <2423> ES_SENDNO:
INFO	[2015-10-16 12:35:37:960] <2423> ICHE_SOCKETYN:Y
INFO	[2015-10-16 12:35:37:960] <2423> ICHE_POSMTID:
INFO	[2015-10-16 12:35:37:960] <2423> ICHE_FNBCMTID:
INFO	[2015-10-16 12:35:37:960] <2423> ICHE_APTRTS:
INFO	[2015-10-16 12:35:37:960] <2423> ICHE_REMARK1:
INFO	[2015-10-16 12:35:37:960] <2423> ICHE_REMARK2:
INFO	[2015-10-16 12:35:37:960] <2423> ICHE_ECWYN:
INFO	[2015-10-16 12:35:37:960] <2423> ICHE_ECWID:
INFO	[2015-10-16 12:35:37:960] <2423> ICHE_ECWAMT1:
INFO	[2015-10-16 12:35:37:960] <2423> ICHE_ECWAMT2:
INFO	[2015-10-16 12:35:37:960] <2423> ICHE_CASHYN:N
INFO	[2015-10-16 12:35:37:960] <2423> ICHE_CASHGUBUN_CD:
INFO	[2015-10-16 12:35:37:960] <2423> ICHE_CASHID_NO:
INFO	[2015-10-16 12:35:37:960] <2423> ICHEARS_SOCKETYN:Y
INFO	[2015-10-16 12:35:37:960] <2423> ICHEARS_ADMNO:
INFO	[2015-10-16 12:35:37:960] <2423> ICHEARS_POSMTID:
INFO	[2015-10-16 12:35:37:960] <2423> ICHEARS_CENTERCD:
INFO	[2015-10-16 12:35:37:960] <2423> ICHEARS_HPNO:
INFO	[2015-10-16 12:35:37:960] <2423> Make NetCancel ID Start
INFO	[2015-10-16 12:35:37:960] <2423> AEGIS_ISP_aegis_20151016123537960248
INFO	[2015-10-16 12:35:37:960] <2423> Make NetCancel ID End
INFO	[2015-10-16 12:35:37:960] <2423> Make NetCancelID OK
INFO	[2015-10-16 12:35:37:960] <2423> Make Msg Start
INFO	[2015-10-16 12:35:37:960] <2423> card-isp Make MSG OK 
INFO	[2015-10-16 12:35:37:960] <2423> Make Msg End
INFO	[2015-10-16 12:35:37:960] <2423> Make Pay Msg OK
INFO	[2015-10-16 12:35:37:960] <2423> Send & Recv Msg Start
INFO	[2015-10-16 12:35:37:960] <2423> Send Data To PG Start [ 
INFO	[2015-10-16 12:35:37:960] <2423> 0:0014582plug15
INFO	[2015-10-16 12:35:37:960] <2423> 1:aegis
INFO	[2015-10-16 12:35:37:960] <2423> 2:1
INFO	[2015-10-16 12:35:37:960] <2423> 3:18000
INFO	[2015-10-16 12:35:37:960] <2423> 4:1663
INFO	[2015-10-16 12:35:37:960] <2423> 5:9000400001
INFO	[2015-10-16 12:35:37:960] <2423> 6:kimhi65@gmail.com
INFO	[2015-10-16 12:35:37:960] <2423> 7:010-5260-9961
INFO	[2015-10-16 12:35:37:960] <2423> 8:
INFO	[2015-10-16 12:35:37:960] <2423> 9:전소장
INFO	[2015-10-16 12:35:37:960] <2423> 10:010-5260-9961
INFO	[2015-10-16 12:35:37:960] <2423> 11:
INFO	[2015-10-16 12:35:37:960] <2423> 12:구기자
INFO	[2015-10-16 12:35:37:960] <2423> 13:WON
INFO	[2015-10-16 12:35:37:960] <2423> 14:00
INFO	[2015-10-16 12:35:37:960] <2423> 15:
INFO	[2015-10-16 12:35:37:960] <2423> 16:040100202428681;122.42.199.109;N;;18000;;;;
INFO	[2015-10-16 12:35:37:960] <2423> 17:hnVXVmtsI4zLpLRqa65qNZhcTgZRI68ovu6iVD80NME7yhKyhC9glXFaXIiLOd/e

jbJjYjb/l2etgcgndriW9yLoYpymdTf4J0F/tv/bntdIL+tkN4lq6GbnbjWrRnEN

WVYY2KgTXzhw2uBg6I9TT/57qWWG4lHDCruVV8s7YH8=


INFO	[2015-10-16 12:35:37:960] <2423> 18:Version=1.0&amp;KeyFlag=1&amp;KeyNum=1&amp;EncryptAlgorithm=SEED-CBC&amp;SignAlgorithm=&amp;Data=/p4F6yQbR69iyuPt/6pHTD7oWSrhgTnypS22ZDgDXoE/VijPFoN3Q6Ej0NMDdmSN%0aVwbVbKJsEwdudxr6MnH9bvePIvX3NQQcMTQDl8xMr8rUVc%2bbQOj8X7wPSXIQfuhd%0aPwau9M023xNKfN4DYBxKsUlwIwfPq2jY0D1jezxKBjOemSewc7lUQc69K3ZxuKC5%0ap0uX%2b0W8M5sfLyzsoVyrlAD2tKOqY9YwHsJGx4/VRT5RoF5h0MbYDVELsoZFWfHF%0ac2zKqU9swLx8qriDf7c3bDP5it5bYU4UD9dKdsvBoUnfP0w7svr4SBvnR9uLWoiB%0avLp/nuvJG2XpJbXZHviqyzMJ5f9TVKc4W2WkbdNPdetougCwf0e35ZHBsSezLObQ%0aFsYSvbLtuvBuJSQ7D0fKO8ReozeDR2wESPYhCnajMxCCGjsg2cmL5MziVvvJN0M7%0aS95IwzWtLRSlQh/2mP23DGe3fHo/LlxJRwRmoWpcuShK4Q%2bILLY0uL5Rcs6yuFHl%0aoThmli5nOF/SZb/LPrbJlW5R5EqCBqg5YVJSFIjyyGlGBv98fU0hYG49wFQj72rk%0azJjyvD/B5zU6jeUBGgSGfrVdhW4f/MqHGnc98tc6QFgQU9XqGypp7sLQ4UJJn1dz%0apgGGY8aWpaK4Y4LL2o%2bdlT4QMkD5fB3X0J3l1GKQ4smum3D%2b%2b51q/B/uDXPnqv/H%0a0EtnUm79kh6Gwo8uKivZhVeEQfBp5OPDnAysegjG%2bk5lJRWXi0TtmPGV9RPS0dqI%0ajrfr7PvwJjewIOKdqWDXFUBbdEkLJq%2b7mk7YyaVvXniWsxbeZPAAzKzo59nUspXB%0aQXtUaK5NnLQKmdGooECI/JSyMvzS5x3DHzCgnNJ3urw%3d%0a&amp;PubCert=
INFO	[2015-10-16 12:35:37:960] <2423> 19:ISP
INFO	[2015-10-16 12:35:37:960] <2423> 20:122.42.199.109
INFO	[2015-10-16 12:35:37:960] <2423> 21:kimhi65@gmail.com
INFO	[2015-10-16 12:35:37:960] <2423> 22:AEGIS_ISP_aegis_20151016123537960248
INFO	[2015-10-16 12:35:37:960] <2423> 23:
INFO	[2015-10-16 12:35:37:960] <2423> ] Send Data To PG End 
INFO	[2015-10-16 12:35:37:960] <2423> SendMsg : [0014582plug15|aegis|1|18000|1663|9000400001|kimhi65@gmail.com|010-5260-9961||전소장|010-5260-9961||구기자|WON|00||040100202428681;122.42.199.109;N;;18000;;;;|hnVXVmtsI4zLpLRqa65qNZhcTgZRI68ovu6iVD80NME7yhKyhC9glXFaXIiLOd/e

jbJjYjb/l2etgcgndriW9yLoYpymdTf4J0F/tv/bntdIL+tkN4lq6GbnbjWrRnEN

WVYY2KgTXzhw2uBg6I9TT/57qWWG4lHDCruVV8s7YH8=

|Version=1.0&amp;KeyFlag=1&amp;KeyNum=1&amp;EncryptAlgorithm=SEED-CBC&amp;SignAlgorithm=&amp;Data=/p4F6yQbR69iyuPt/6pHTD7oWSrhgTnypS22ZDgDXoE/VijPFoN3Q6Ej0NMDdmSN%0aVwbVbKJsEwdudxr6MnH9bvePIvX3NQQcMTQDl8xMr8rUVc%2bbQOj8X7wPSXIQfuhd%0aPwau9M023xNKfN4DYBxKsUlwIwfPq2jY0D1jezxKBjOemSewc7lUQc69K3ZxuKC5%0ap0uX%2b0W8M5sfLyzsoVyrlAD2tKOqY9YwHsJGx4/VRT5RoF5h0MbYDVELsoZFWfHF%0ac2zKqU9swLx8qriDf7c3bDP5it5bYU4UD9dKdsvBoUnfP0w7svr4SBvnR9uLWoiB%0avLp/nuvJG2XpJbXZHviqyzMJ5f9TVKc4W2WkbdNPdetougCwf0e35ZHBsSezLObQ%0aFsYSvbLtuvBuJSQ7D0fKO8ReozeDR2wESPYhCnajMxCCGjsg2cmL5MziVvvJN0M7%0aS95IwzWtLRSlQh/2mP23DGe3fHo/LlxJRwRmoWpcuShK4Q%2bILLY0uL5Rcs6yuFHl%0aoThmli5nOF/SZb/LPrbJlW5R5EqCBqg5YVJSFIjyyGlGBv98fU0hYG49wFQj72rk%0azJjyvD/B5zU6jeUBGgSGfrVdhW4f/MqHGnc98tc6QFgQU9XqGypp7sLQ4UJJn1dz%0apgGGY8aWpaK4Y4LL2o%2bdlT4QMkD5fB3X0J3l1GKQ4smum3D%2b%2b51q/B/uDXPnqv/H%0a0EtnUm79kh6Gwo8uKivZhVeEQfBp5OPDnAysegjG%2bk5lJRWXi0TtmPGV9RPS0dqI%0ajrfr7PvwJjewIOKdqWDXFUBbdEkLJq%2b7mk7YyaVvXniWsxbeZPAAzKzo59nUspXB%0aQXtUaK5NnLQKmdGooECI/JSyMvzS5x3DHzCgnNJ3urw%3d%0a&amp;PubCert=|ISP|122.42.199.109|kimhi65@gmail.com|AEGIS_ISP_aegis_20151016123537960248|]
INFO	[2015-10-16 12:35:37:960] <2423> Connect IP:[220.85.12.3] Port:[29760]
INFO	[2015-10-16 12:35:37:968] <2423> Socket Open OK
INFO	[2015-10-16 12:35:39:345] <2423> RecvMsg Length : [000066]
INFO	[2015-10-16 12:35:39:345] <2423> RecvMsg : [aegis|0610|106688|10140617|18000|y|정상:1663|20151016214650|0100|
]
INFO	[2015-10-16 12:35:39:345] <2423> Socket Close OK
INFO	[2015-10-16 12:35:39:345] <2423> RecvMsg Length Check OK
INFO	[2015-10-16 12:35:39:345] <2423> Send & Recv Msg End
INFO	[2015-10-16 12:35:39:345] <2423> Send & Recv Msg OK
INFO	[2015-10-16 12:35:39:345] <2423> Parse Msg Start
INFO	[2015-10-16 12:35:39:345] <2423> card-isp RECV MSG Parsing OK 
INFO	[2015-10-16 12:35:39:345] <2423> Parse Msg End
INFO	[2015-10-16 12:35:39:345] <2423> Msg Parsing OK
INFO	[2015-10-16 12:35:39:345] <2423> card Pay Result Value [
INFO	[2015-10-16 12:35:39:345] <2423> NetCancID:AEGIS_ISP_aegis_20151016123537960248
INFO	[2015-10-16 12:35:39:345] <2423> rStoreId:aegis
INFO	[2015-10-16 12:35:39:345] <2423> rBusiCd:0610
INFO	[2015-10-16 12:35:39:345] <2423> rOrdNo:1663
INFO	[2015-10-16 12:35:39:345] <2423> rDealNo:106688
INFO	[2015-10-16 12:35:39:345] <2423> rApprNo:10140617
INFO	[2015-10-16 12:35:39:345] <2423> rProdNm:구기자
INFO	[2015-10-16 12:35:39:345] <2423> rAmt:18000
INFO	[2015-10-16 12:35:39:345] <2423> rInstmt:00
INFO	[2015-10-16 12:35:39:345] <2423> rSuccYn:y
INFO	[2015-10-16 12:35:39:345] <2423> rResMsg:정상:1663
INFO	[2015-10-16 12:35:39:345] <2423> rApprTm:20151016214650
INFO	[2015-10-16 12:35:39:345] <2423> rCardCd:0100
INFO	[2015-10-16 12:35:39:345] <2423> ]
INFO	[2015-10-16 12:35:39:345] <2423> END  정상:1663 Transaction time:[1.39sec]
INFO	[2015-10-16 12:35:39:345] <2423> ===============================================================
